[18/08/2017 22:07:53] /addskill [ADM] EGGabriel, level
[18/08/2017 22:07:54] /addskill [ADM] EGGabriel, level
[18/08/2017 22:07:55] /addskill [ADM] EGGabriel, level
[18/08/2017 22:07:55] /addskill [ADM] EGGabriel, level
[18/08/2017 22:07:56] /addskill [ADM] EGGabriel, level
[18/08/2017 22:08:03] /addskill [ADM] EGGabriel, level
[18/08/2017 22:08:03] /addskill [ADM] EGGabriel, level
[18/08/2017 22:08:03] /addskill [ADM] EGGabriel, level
[18/08/2017 22:08:03] /addskill [ADM] EGGabriel, level
[18/08/2017 22:08:03] /addskill [ADM] EGGabriel, level
[18/08/2017 22:08:03] /addskill [ADM] EGGabriel, level
[18/08/2017 22:08:03] /addskill [ADM] EGGabriel, level
[18/08/2017 22:08:03] /addskill [ADM] EGGabriel, level
[18/08/2017 22:08:03] /addskill [ADM] EGGabriel, level
[18/08/2017 22:08:03] /addskill [ADM] EGGabriel, level
[18/08/2017 22:08:03] /addskill [ADM] EGGabriel, level
[18/08/2017 22:08:03] /addskill [ADM] EGGabriel, level
[18/08/2017 22:08:03] /addskill [ADM] EGGabriel, level
[18/08/2017 22:08:03] /addskill [ADM] EGGabriel, level
[18/08/2017 22:08:03] /addskill [ADM] EGGabriel, level
[18/08/2017 22:08:03] /addskill [ADM] EGGabriel, level
[18/08/2017 22:08:03] /addskill [ADM] EGGabriel, level
[18/08/2017 22:08:03] /addskill [ADM] EGGabriel, level
[18/08/2017 22:08:03] /addskill [ADM] EGGabriel, level
[18/08/2017 22:08:03] /addskill [ADM] EGGabriel, level
[18/08/2017 22:08:03] /addskill [ADM] EGGabriel, level
[18/08/2017 22:08:03] /addskill [ADM] EGGabriel, level
[18/08/2017 22:08:03] /addskill [ADM] EGGabriel, level
[18/08/2017 22:08:03] /addskill [ADM] EGGabriel, level
[18/08/2017 22:08:03] /addskill [ADM] EGGabriel, level
[18/08/2017 22:08:03] /addskill [ADM] EGGabriel, level
[18/08/2017 22:08:03] /addskill [ADM] EGGabriel, level
[18/08/2017 22:08:03] /addskill [ADM] EGGabriel, level
[18/08/2017 22:08:04] /addskill [ADM] EGGabriel, level
[18/08/2017 22:08:04] /addskill [ADM] EGGabriel, level
[18/08/2017 22:08:04] /addskill [ADM] EGGabriel, level
[18/08/2017 22:08:04] /addskill [ADM] EGGabriel, level
[18/08/2017 22:08:04] /addskill [ADM] EGGabriel, level
[18/08/2017 22:08:04] /addskill [ADM] EGGabriel, level
[18/08/2017 22:08:04] /addskill [ADM] EGGabriel, level
[18/08/2017 22:08:04] /addskill [ADM] EGGabriel, level
[18/08/2017 22:08:04] /addskill [ADM] EGGabriel, level
[18/08/2017 22:08:04] /addskill [ADM] EGGabriel, level
[18/08/2017 22:08:04] /addskill [ADM] EGGabriel, level
[18/08/2017 22:08:04] /addskill [ADM] EGGabriel, level
[18/08/2017 22:08:04] /addskill [ADM] EGGabriel, level
[18/08/2017 22:08:04] /addskill [ADM] EGGabriel, level
[18/08/2017 22:08:04] /addskill [ADM] EGGabriel, level
[18/08/2017 22:08:04] /addskill [ADM] EGGabriel, level
[18/08/2017 22:08:04] /addskill [ADM] EGGabriel, level
[18/08/2017 22:08:04] /addskill [ADM] EGGabriel, level
[18/08/2017 22:08:04] /addskill [ADM] EGGabriel, level
[18/08/2017 22:08:04] /addskill [ADM] EGGabriel, level
[18/08/2017 22:08:04] /addskill [ADM] EGGabriel, level
[18/08/2017 22:08:04] /addskill [ADM] EGGabriel, level
[18/08/2017 22:08:04] /addskill [ADM] EGGabriel, level
[18/08/2017 22:08:04] /addskill [ADM] EGGabriel, level
[18/08/2017 22:08:04] /addskill [ADM] EGGabriel, level
[18/08/2017 22:08:04] /addskill [ADM] EGGabriel, level
[18/08/2017 22:08:04] /addskill [ADM] EGGabriel, level
[18/08/2017 22:08:04] /addskill [ADM] EGGabriel, level
[18/08/2017 22:08:04] /addskill [ADM] EGGabriel, level
[18/08/2017 22:08:04] /addskill [ADM] EGGabriel, level
[18/08/2017 22:08:04] /addskill [ADM] EGGabriel, level
[18/08/2017 22:08:04] /addskill [ADM] EGGabriel, level
[18/08/2017 22:08:04] /addskill [ADM] EGGabriel, level
[18/08/2017 22:08:04] /addskill [ADM] EGGabriel, level
[18/08/2017 22:08:04] /addskill [ADM] EGGabriel, level
[18/08/2017 22:08:04] /addskill [ADM] EGGabriel, level
[18/08/2017 22:08:04] /addskill [ADM] EGGabriel, level
[18/08/2017 22:08:04] /addskill [ADM] EGGabriel, level
[18/08/2017 22:08:04] /addskill [ADM] EGGabriel, level
[18/08/2017 22:08:04] /addskill [ADM] EGGabriel, level
[18/08/2017 22:08:04] /addskill [ADM] EGGabriel, level
[18/08/2017 22:08:04] /addskill [ADM] EGGabriel, level
[18/08/2017 22:08:04] /addskill [ADM] EGGabriel, level
[18/08/2017 22:08:04] /addskill [ADM] EGGabriel, level
[18/08/2017 22:08:04] /addskill [ADM] EGGabriel, level
[18/08/2017 22:08:04] /addskill [ADM] EGGabriel, level
[18/08/2017 22:08:04] /addskill [ADM] EGGabriel, level
[18/08/2017 22:08:04] /addskill [ADM] EGGabriel, level
[18/08/2017 22:08:04] /addskill [ADM] EGGabriel, level
[18/08/2017 22:08:04] /addskill [ADM] EGGabriel, level
[18/08/2017 22:08:04] /addskill [ADM] EGGabriel, level
[18/08/2017 22:08:04] /addskill [ADM] EGGabriel, level
[18/08/2017 22:08:04] /addskill [ADM] EGGabriel, level
[18/08/2017 22:08:04] /addskill [ADM] EGGabriel, level
[18/08/2017 22:08:04] /addskill [ADM] EGGabriel, level
[18/08/2017 22:08:05] /addskill [ADM] EGGabriel, level
[18/08/2017 22:08:05] /addskill [ADM] EGGabriel, level
[18/08/2017 22:08:05] /addskill [ADM] EGGabriel, level
[18/08/2017 22:08:05] /addskill [ADM] EGGabriel, level
[18/08/2017 22:08:05] /addskill [ADM] EGGabriel, level
[18/08/2017 22:08:05] /addskill [ADM] EGGabriel, level
[18/08/2017 22:08:05] /addskill [ADM] EGGabriel, level
[18/08/2017 22:08:05] /addskill [ADM] EGGabriel, level
[18/08/2017 22:08:05] /addskill [ADM] EGGabriel, level
[18/08/2017 22:08:05] /addskill [ADM] EGGabriel, level
[18/08/2017 22:08:05] /addskill [ADM] EGGabriel, level
[18/08/2017 22:08:05] /addskill [ADM] EGGabriel, level
[18/08/2017 22:08:05] /addskill [ADM] EGGabriel, level
[18/08/2017 22:08:05] /addskill [ADM] EGGabriel, level
[18/08/2017 22:08:05] /addskill [ADM] EGGabriel, level
[18/08/2017 22:08:05] /addskill [ADM] EGGabriel, level
[18/08/2017 22:08:05] /addskill [ADM] EGGabriel, level
[18/08/2017 22:08:05] /addskill [ADM] EGGabriel, level
[18/08/2017 22:08:05] /addskill [ADM] EGGabriel, level
[18/08/2017 22:08:05] /addskill [ADM] EGGabriel, level
[18/08/2017 22:08:05] /addskill [ADM] EGGabriel, level
[18/08/2017 22:08:05] /addskill [ADM] EGGabriel, level
[18/08/2017 22:08:05] /addskill [ADM] EGGabriel, level
[18/08/2017 22:08:05] /addskill [ADM] EGGabriel, level
[18/08/2017 22:08:05] /addskill [ADM] EGGabriel, level
[18/08/2017 22:08:05] /addskill [ADM] EGGabriel, level
[18/08/2017 22:08:05] /addskill [ADM] EGGabriel, level
[18/08/2017 22:08:05] /addskill [ADM] EGGabriel, level
[18/08/2017 22:08:05] /addskill [ADM] EGGabriel, level
[18/08/2017 22:08:05] /addskill [ADM] EGGabriel, level
[18/08/2017 22:08:05] /addskill [ADM] EGGabriel, level
[18/08/2017 22:08:05] /addskill [ADM] EGGabriel, level
[18/08/2017 22:08:05] /addskill [ADM] EGGabriel, level
[18/08/2017 22:08:05] /addskill [ADM] EGGabriel, level
[18/08/2017 22:08:05] /addskill [ADM] EGGabriel, level
[18/08/2017 22:08:05] /addskill [ADM] EGGabriel, level
[18/08/2017 22:08:05] /addskill [ADM] EGGabriel, level
[18/08/2017 22:08:05] /addskill [ADM] EGGabriel, level
[18/08/2017 22:08:05] /addskill [ADM] EGGabriel, level
[18/08/2017 22:08:05] /addskill [ADM] EGGabriel, level
[18/08/2017 22:08:05] /addskill [ADM] EGGabriel, level
[18/08/2017 22:08:05] /addskill [ADM] EGGabriel, level
[18/08/2017 22:08:05] /addskill [ADM] EGGabriel, level
[18/08/2017 22:08:05] /addskill [ADM] EGGabriel, level
[18/08/2017 22:08:05] /addskill [ADM] EGGabriel, level
[18/08/2017 22:08:05] /addskill [ADM] EGGabriel, level
[18/08/2017 22:08:05] /addskill [ADM] EGGabriel, level
[18/08/2017 22:08:05] /addskill [ADM] EGGabriel, level
[18/08/2017 22:08:05] /addskill [ADM] EGGabriel, level
[18/08/2017 22:08:05] /addskill [ADM] EGGabriel, level
[18/08/2017 22:08:05] /addskill [ADM] EGGabriel, level
[18/08/2017 22:08:05] /addskill [ADM] EGGabriel, level
[18/08/2017 22:08:05] /addskill [ADM] EGGabriel, level
[18/08/2017 22:08:05] /addskill [ADM] EGGabriel, level
[18/08/2017 22:08:05] /addskill [ADM] EGGabriel, level
[18/08/2017 22:08:06] /addskill [ADM] EGGabriel, level
[18/08/2017 22:08:06] /addskill [ADM] EGGabriel, level
[18/08/2017 22:08:06] /addskill [ADM] EGGabriel, level
[18/08/2017 22:08:06] /addskill [ADM] EGGabriel, level
[18/08/2017 22:08:06] /addskill [ADM] EGGabriel, level
[18/08/2017 22:08:06] /addskill [ADM] EGGabriel, level
[18/08/2017 22:08:06] /addskill [ADM] EGGabriel, level
[18/08/2017 22:08:06] /addskill [ADM] EGGabriel, level
[18/08/2017 22:08:06] /addskill [ADM] EGGabriel, level
[18/08/2017 22:08:06] /addskill [ADM] EGGabriel, level
[18/08/2017 22:08:06] /addskill [ADM] EGGabriel, level
[18/08/2017 22:08:06] /addskill [ADM] EGGabriel, level
[18/08/2017 22:08:06] /addskill [ADM] EGGabriel, level
[18/08/2017 22:08:06] /addskill [ADM] EGGabriel, level
[18/08/2017 22:08:06] /addskill [ADM] EGGabriel, level
[18/08/2017 22:08:06] /addskill [ADM] EGGabriel, level
[18/08/2017 22:08:06] /addskill [ADM] EGGabriel, level
[18/08/2017 22:08:06] /addskill [ADM] EGGabriel, level
[18/08/2017 22:08:06] /addskill [ADM] EGGabriel, level
[18/08/2017 22:08:06] /addskill [ADM] EGGabriel, level
[18/08/2017 22:08:06] /addskill [ADM] EGGabriel, level
[18/08/2017 22:08:06] /addskill [ADM] EGGabriel, level
[18/08/2017 22:08:06] /addskill [ADM] EGGabriel, level
[18/08/2017 22:08:06] /addskill [ADM] EGGabriel, level
[18/08/2017 22:08:06] /addskill [ADM] EGGabriel, level
[18/08/2017 22:08:06] /addskill [ADM] EGGabriel, level
[18/08/2017 22:08:06] /addskill [ADM] EGGabriel, level
[18/08/2017 22:08:06] /addskill [ADM] EGGabriel, level
[18/08/2017 22:08:06] /addskill [ADM] EGGabriel, level
[18/08/2017 22:08:06] /addskill [ADM] EGGabriel, level
[18/08/2017 22:08:06] /addskill [ADM] EGGabriel, level
[18/08/2017 22:08:06] /addskill [ADM] EGGabriel, level
[18/08/2017 22:08:06] /addskill [ADM] EGGabriel, level
[18/08/2017 22:08:06] /addskill [ADM] EGGabriel, level
[18/08/2017 22:08:06] /addskill [ADM] EGGabriel, level
[18/08/2017 22:08:06] /addskill [ADM] EGGabriel, level
[18/08/2017 22:08:06] /addskill [ADM] EGGabriel, level
[18/08/2017 22:08:06] /addskill [ADM] EGGabriel, level
[18/08/2017 22:08:06] /addskill [ADM] EGGabriel, level
[18/08/2017 22:08:06] /addskill [ADM] EGGabriel, level
[18/08/2017 22:08:06] /addskill [ADM] EGGabriel, level
[18/08/2017 22:08:06] /addskill [ADM] EGGabriel, level
[18/08/2017 22:08:06] /addskill [ADM] EGGabriel, level
[18/08/2017 22:08:06] /addskill [ADM] EGGabriel, level
[18/08/2017 22:08:06] /addskill [ADM] EGGabriel, level
[18/08/2017 22:08:06] /addskill [ADM] EGGabriel, level
[18/08/2017 22:08:06] /addskill [ADM] EGGabriel, level
[18/08/2017 22:08:06] /addskill [ADM] EGGabriel, level
[18/08/2017 22:08:06] /addskill [ADM] EGGabriel, level
[18/08/2017 22:08:07] /addskill [ADM] EGGabriel, level
[18/08/2017 22:08:07] /addskill [ADM] EGGabriel, level
[18/08/2017 22:08:07] /addskill [ADM] EGGabriel, level
[18/08/2017 22:08:07] /addskill [ADM] EGGabriel, level
[18/08/2017 22:08:07] /addskill [ADM] EGGabriel, level
[18/08/2017 22:08:07] /addskill [ADM] EGGabriel, level
[18/08/2017 22:08:07] /addskill [ADM] EGGabriel, level
[18/08/2017 22:08:07] /addskill [ADM] EGGabriel, level
[18/08/2017 22:08:07] /addskill [ADM] EGGabriel, level
[18/08/2017 22:08:07] /addskill [ADM] EGGabriel, level
[18/08/2017 22:08:07] /addskill [ADM] EGGabriel, level
[18/08/2017 22:08:07] /addskill [ADM] EGGabriel, level
[18/08/2017 22:08:07] /addskill [ADM] EGGabriel, level
[18/08/2017 22:08:07] /addskill [ADM] EGGabriel, level
[18/08/2017 22:08:07] /addskill [ADM] EGGabriel, level
[18/08/2017 22:08:07] /addskill [ADM] EGGabriel, level
[18/08/2017 22:08:07] /addskill [ADM] EGGabriel, level
[18/08/2017 22:08:07] /addskill [ADM] EGGabriel, level
[18/08/2017 22:08:07] /addskill [ADM] EGGabriel, level
[18/08/2017 22:08:07] /addskill [ADM] EGGabriel, level
[18/08/2017 22:08:07] /addskill [ADM] EGGabriel, level
[18/08/2017 22:08:07] /addskill [ADM] EGGabriel, level
[18/08/2017 22:08:07] /addskill [ADM] EGGabriel, level
[18/08/2017 22:08:07] /addskill [ADM] EGGabriel, level
[18/08/2017 22:08:07] /addskill [ADM] EGGabriel, level
[18/08/2017 22:08:07] /addskill [ADM] EGGabriel, level
[18/08/2017 22:08:07] /addskill [ADM] EGGabriel, level
[18/08/2017 22:08:07] /addskill [ADM] EGGabriel, level
[18/08/2017 22:08:07] /addskill [ADM] EGGabriel, level
[18/08/2017 22:08:07] /addskill [ADM] EGGabriel, level
[18/08/2017 22:08:07] /addskill [ADM] EGGabriel, level
[18/08/2017 22:08:07] /addskill [ADM] EGGabriel, level
[18/08/2017 22:08:07] /addskill [ADM] EGGabriel, level
[18/08/2017 22:08:07] /addskill [ADM] EGGabriel, level
[18/08/2017 22:08:07] /addskill [ADM] EGGabriel, level
[18/08/2017 22:08:07] /addskill [ADM] EGGabriel, level
[18/08/2017 22:08:07] /addskill [ADM] EGGabriel, level
[18/08/2017 22:08:07] /addskill [ADM] EGGabriel, level
[18/08/2017 22:08:07] /addskill [ADM] EGGabriel, level
[18/08/2017 22:08:07] /addskill [ADM] EGGabriel, level
[18/08/2017 22:08:07] /addskill [ADM] EGGabriel, level
[18/08/2017 22:08:07] /addskill [ADM] EGGabriel, level
[18/08/2017 22:08:07] /addskill [ADM] EGGabriel, level
[18/08/2017 22:08:07] /addskill [ADM] EGGabriel, level
[18/08/2017 22:08:07] /addskill [ADM] EGGabriel, level
[18/08/2017 22:08:07] /addskill [ADM] EGGabriel, level
[18/08/2017 22:08:07] /addskill [ADM] EGGabriel, level
[18/08/2017 22:08:07] /addskill [ADM] EGGabriel, level
[18/08/2017 22:08:07] /addskill [ADM] EGGabriel, level
[18/08/2017 22:08:07] /addskill [ADM] EGGabriel, level
[18/08/2017 22:08:07] /addskill [ADM] EGGabriel, level
[18/08/2017 22:08:07] /addskill [ADM] EGGabriel, level
[18/08/2017 22:08:07] /addskill [ADM] EGGabriel, level
[18/08/2017 22:08:07] /addskill [ADM] EGGabriel, level
[18/08/2017 22:08:07] /addskill [ADM] EGGabriel, level
[18/08/2017 22:08:07] /addskill [ADM] EGGabriel, level
[18/08/2017 22:08:08] /addskill [ADM] EGGabriel, level
[18/08/2017 22:08:08] /addskill [ADM] EGGabriel, level
[18/08/2017 22:08:08] /addskill [ADM] EGGabriel, level
[18/08/2017 22:08:08] /addskill [ADM] EGGabriel, level
[18/08/2017 22:08:08] /addskill [ADM] EGGabriel, level
[18/08/2017 22:08:08] /addskill [ADM] EGGabriel, level
[18/08/2017 22:08:08] /addskill [ADM] EGGabriel, level
[18/08/2017 22:08:08] /addskill [ADM] EGGabriel, level
[18/08/2017 22:08:08] /addskill [ADM] EGGabriel, level
[18/08/2017 22:08:08] /addskill [ADM] EGGabriel, level
[18/08/2017 22:08:08] /addskill [ADM] EGGabriel, level
[18/08/2017 22:08:08] /addskill [ADM] EGGabriel, level
[18/08/2017 22:08:08] /addskill [ADM] EGGabriel, level
[18/08/2017 22:08:08] /addskill [ADM] EGGabriel, level
[18/08/2017 22:08:08] /addskill [ADM] EGGabriel, level
[18/08/2017 22:08:08] /addskill [ADM] EGGabriel, level
[18/08/2017 22:08:08] /addskill [ADM] EGGabriel, level
[18/08/2017 22:08:08] /addskill [ADM] EGGabriel, level
[18/08/2017 22:08:08] /addskill [ADM] EGGabriel, level
[18/08/2017 22:08:08] /addskill [ADM] EGGabriel, level
[18/08/2017 22:08:08] /addskill [ADM] EGGabriel, level
[18/08/2017 22:08:08] /addskill [ADM] EGGabriel, level
[18/08/2017 22:08:08] /addskill [ADM] EGGabriel, level
[18/08/2017 22:08:08] /addskill [ADM] EGGabriel, level
[18/08/2017 22:08:08] /addskill [ADM] EGGabriel, level
[18/08/2017 22:08:08] /addskill [ADM] EGGabriel, level
[18/08/2017 22:08:08] /addskill [ADM] EGGabriel, level
[18/08/2017 22:08:08] /addskill [ADM] EGGabriel, level
[18/08/2017 22:08:08] /addskill [ADM] EGGabriel, level
[18/08/2017 22:08:08] /addskill [ADM] EGGabriel, level
[18/08/2017 22:08:08] /addskill [ADM] EGGabriel, level
[18/08/2017 22:08:08] /addskill [ADM] EGGabriel, level
[18/08/2017 22:08:08] /addskill [ADM] EGGabriel, level
[18/08/2017 22:08:08] /addskill [ADM] EGGabriel, level
[18/08/2017 22:08:08] /addskill [ADM] EGGabriel, level
[18/08/2017 22:08:08] /addskill [ADM] EGGabriel, level
[18/08/2017 22:08:08] /addskill [ADM] EGGabriel, level
[18/08/2017 22:08:08] /addskill [ADM] EGGabriel, level
[18/08/2017 22:08:08] /addskill [ADM] EGGabriel, level
[18/08/2017 22:08:08] /addskill [ADM] EGGabriel, level
[18/08/2017 22:08:08] /addskill [ADM] EGGabriel, level
[18/08/2017 22:08:08] /addskill [ADM] EGGabriel, level
[18/08/2017 22:08:08] /addskill [ADM] EGGabriel, level
[18/08/2017 22:08:08] /addskill [ADM] EGGabriel, level
[18/08/2017 22:08:08] /addskill [ADM] EGGabriel, level
[18/08/2017 22:08:08] /addskill [ADM] EGGabriel, level
[18/08/2017 22:08:08] /addskill [ADM] EGGabriel, level
[18/08/2017 22:08:08] /addskill [ADM] EGGabriel, level
[18/08/2017 22:08:08] /addskill [ADM] EGGabriel, level
[18/08/2017 22:08:08] /addskill [ADM] EGGabriel, level
[18/08/2017 22:08:08] /addskill [ADM] EGGabriel, level
[18/08/2017 22:08:08] /addskill [ADM] EGGabriel, level
[18/08/2017 22:08:08] /addskill [ADM] EGGabriel, level
[18/08/2017 22:08:08] /addskill [ADM] EGGabriel, level
[18/08/2017 22:08:08] /addskill [ADM] EGGabriel, level
[18/08/2017 22:08:08] /addskill [ADM] EGGabriel, level
[18/08/2017 22:08:09] /addskill [ADM] EGGabriel, level
[18/08/2017 22:08:09] /addskill [ADM] EGGabriel, level
[18/08/2017 22:08:09] /addskill [ADM] EGGabriel, level
[18/08/2017 22:08:09] /addskill [ADM] EGGabriel, level
[18/08/2017 22:08:09] /addskill [ADM] EGGabriel, level
[18/08/2017 22:08:09] /addskill [ADM] EGGabriel, level
[18/08/2017 22:08:09] /addskill [ADM] EGGabriel, level
[18/08/2017 22:08:09] /addskill [ADM] EGGabriel, level
[18/08/2017 22:08:09] /addskill [ADM] EGGabriel, level
[18/08/2017 22:08:09] /addskill [ADM] EGGabriel, level
[18/08/2017 22:08:09] /addskill [ADM] EGGabriel, level
[18/08/2017 22:08:09] /addskill [ADM] EGGabriel, level
[18/08/2017 22:08:09] /addskill [ADM] EGGabriel, level
[18/08/2017 22:08:09] /addskill [ADM] EGGabriel, level
[18/08/2017 22:08:09] /addskill [ADM] EGGabriel, level
[18/08/2017 22:08:09] /addskill [ADM] EGGabriel, level
[18/08/2017 22:08:09] /addskill [ADM] EGGabriel, level
[18/08/2017 22:08:09] /addskill [ADM] EGGabriel, level
[18/08/2017 22:08:09] /addskill [ADM] EGGabriel, level
[18/08/2017 22:08:09] /addskill [ADM] EGGabriel, level
[18/08/2017 22:08:09] /addskill [ADM] EGGabriel, level
[18/08/2017 22:08:09] /addskill [ADM] EGGabriel, level
[18/08/2017 22:08:09] /addskill [ADM] EGGabriel, level
[18/08/2017 22:08:09] /addskill [ADM] EGGabriel, level
[18/08/2017 22:08:09] /addskill [ADM] EGGabriel, level
[18/08/2017 22:08:09] /addskill [ADM] EGGabriel, level
[18/08/2017 22:08:09] /addskill [ADM] EGGabriel, level
[18/08/2017 22:08:09] /addskill [ADM] EGGabriel, level
[18/08/2017 22:08:09] /addskill [ADM] EGGabriel, level
[18/08/2017 22:08:09] /addskill [ADM] EGGabriel, level
[18/08/2017 22:08:09] /addskill [ADM] EGGabriel, level
[18/08/2017 22:08:09] /addskill [ADM] EGGabriel, level
[18/08/2017 22:08:09] /addskill [ADM] EGGabriel, level
[18/08/2017 22:08:09] /addskill [ADM] EGGabriel, level
[18/08/2017 22:08:09] /addskill [ADM] EGGabriel, level
[18/08/2017 22:08:09] /addskill [ADM] EGGabriel, level
[18/08/2017 22:08:09] /addskill [ADM] EGGabriel, level
[18/08/2017 22:08:09] /addskill [ADM] EGGabriel, level
[18/08/2017 22:08:09] /addskill [ADM] EGGabriel, level
[18/08/2017 22:08:09] /addskill [ADM] EGGabriel, level
[18/08/2017 22:08:09] /addskill [ADM] EGGabriel, level
[18/08/2017 22:08:09] /addskill [ADM] EGGabriel, level
[18/08/2017 22:08:09] /addskill [ADM] EGGabriel, level
[18/08/2017 22:08:09] /addskill [ADM] EGGabriel, level
[18/08/2017 22:08:09] /addskill [ADM] EGGabriel, level
[18/08/2017 22:08:09] /addskill [ADM] EGGabriel, level
[18/08/2017 22:08:09] /addskill [ADM] EGGabriel, level
[18/08/2017 22:08:09] /addskill [ADM] EGGabriel, level
[18/08/2017 22:08:09] /addskill [ADM] EGGabriel, level
[18/08/2017 22:08:09] /addskill [ADM] EGGabriel, level
[18/08/2017 22:08:09] /addskill [ADM] EGGabriel, level
[18/08/2017 22:08:09] /addskill [ADM] EGGabriel, level
[18/08/2017 22:08:10] /addskill [ADM] EGGabriel, level
[18/08/2017 22:08:10] /addskill [ADM] EGGabriel, level
[18/08/2017 22:08:10] /addskill [ADM] EGGabriel, level
[18/08/2017 22:08:10] /addskill [ADM] EGGabriel, level
[18/08/2017 22:08:10] /addskill [ADM] EGGabriel, level
[18/08/2017 22:08:10] /addskill [ADM] EGGabriel, level
[18/08/2017 22:08:10] /addskill [ADM] EGGabriel, level
[18/08/2017 22:08:10] /addskill [ADM] EGGabriel, level
[18/08/2017 22:08:10] /addskill [ADM] EGGabriel, level
[18/08/2017 22:08:10] /addskill [ADM] EGGabriel, level
[18/08/2017 22:08:10] /addskill [ADM] EGGabriel, level
[18/08/2017 22:08:10] /addskill [ADM] EGGabriel, level
[18/08/2017 22:08:10] /addskill [ADM] EGGabriel, level
[18/08/2017 22:08:10] /addskill [ADM] EGGabriel, level
[18/08/2017 22:08:10] /addskill [ADM] EGGabriel, level
[18/08/2017 22:08:10] /addskill [ADM] EGGabriel, level
[18/08/2017 22:08:10] /addskill [ADM] EGGabriel, level
[18/08/2017 22:08:10] /addskill [ADM] EGGabriel, level
[18/08/2017 22:08:10] /addskill [ADM] EGGabriel, level
[18/08/2017 22:08:10] /addskill [ADM] EGGabriel, level
[18/08/2017 22:08:10] /addskill [ADM] EGGabriel, level
[18/08/2017 22:08:10] /addskill [ADM] EGGabriel, level
[18/08/2017 22:08:10] /addskill [ADM] EGGabriel, level
[18/08/2017 22:08:10] /addskill [ADM] EGGabriel, level
[18/08/2017 22:08:10] /addskill [ADM] EGGabriel, level
[18/08/2017 22:08:10] /addskill [ADM] EGGabriel, level
[18/08/2017 22:08:10] /addskill [ADM] EGGabriel, level
[18/08/2017 22:08:10] /addskill [ADM] EGGabriel, level
[18/08/2017 22:08:10] /addskill [ADM] EGGabriel, level
[18/08/2017 22:08:10] /addskill [ADM] EGGabriel, level
[18/08/2017 22:08:10] /addskill [ADM] EGGabriel, level
[18/08/2017 22:08:10] /addskill [ADM] EGGabriel, level
[18/08/2017 22:08:10] /addskill [ADM] EGGabriel, level
[18/08/2017 22:08:10] /addskill [ADM] EGGabriel, level
[18/08/2017 22:08:10] /addskill [ADM] EGGabriel, level
[18/08/2017 22:08:10] /addskill [ADM] EGGabriel, level
[18/08/2017 22:08:10] /addskill [ADM] EGGabriel, level
[18/08/2017 22:08:10] /addskill [ADM] EGGabriel, level
[18/08/2017 22:08:10] /addskill [ADM] EGGabriel, level
[18/08/2017 22:08:10] /addskill [ADM] EGGabriel, level
[18/08/2017 22:08:10] /addskill [ADM] EGGabriel, level
[18/08/2017 22:08:10] /addskill [ADM] EGGabriel, level
[18/08/2017 22:08:10] /addskill [ADM] EGGabriel, level
[18/08/2017 22:08:10] /addskill [ADM] EGGabriel, level
[18/08/2017 22:08:10] /addskill [ADM] EGGabriel, level
[18/08/2017 22:08:10] /addskill [ADM] EGGabriel, level
[18/08/2017 22:08:10] /addskill [ADM] EGGabriel, level
[18/08/2017 22:08:10] /addskill [ADM] EGGabriel, level
[18/08/2017 22:08:10] /addskill [ADM] EGGabriel, level
[18/08/2017 22:08:10] /addskill [ADM] EGGabriel, level
[18/08/2017 22:08:10] /addskill [ADM] EGGabriel, level
[18/08/2017 22:08:10] /addskill [ADM] EGGabriel, level
[18/08/2017 22:08:10] /addskill [ADM] EGGabriel, level
[18/08/2017 22:08:10] /addskill [ADM] EGGabriel, level
[18/08/2017 22:08:10] /addskill [ADM] EGGabriel, level
[18/08/2017 22:08:10] /addskill [ADM] EGGabriel, level
[18/08/2017 22:08:10] /addskill [ADM] EGGabriel, level
[18/08/2017 22:08:11] /addskill [ADM] EGGabriel, level
[18/08/2017 22:08:11] /addskill [ADM] EGGabriel, level
[18/08/2017 22:08:11] /addskill [ADM] EGGabriel, level
[18/08/2017 22:08:11] /addskill [ADM] EGGabriel, level
[18/08/2017 22:08:11] /addskill [ADM] EGGabriel, level
[18/08/2017 22:08:11] /addskill [ADM] EGGabriel, level
[18/08/2017 22:08:11] /addskill [ADM] EGGabriel, level
[18/08/2017 22:08:11] /addskill [ADM] EGGabriel, level
[18/08/2017 22:08:11] /addskill [ADM] EGGabriel, level
[18/08/2017 22:08:11] /addskill [ADM] EGGabriel, level
[18/08/2017 22:08:11] /addskill [ADM] EGGabriel, level
[18/08/2017 22:08:11] /addskill [ADM] EGGabriel, level
[18/08/2017 22:08:11] /addskill [ADM] EGGabriel, level
[18/08/2017 22:08:11] /addskill [ADM] EGGabriel, level
[18/08/2017 22:08:11] /addskill [ADM] EGGabriel, level
[18/08/2017 22:08:11] /addskill [ADM] EGGabriel, level
[18/08/2017 22:08:11] /addskill [ADM] EGGabriel, level
[18/08/2017 22:08:11] /addskill [ADM] EGGabriel, level
[18/08/2017 22:08:11] /addskill [ADM] EGGabriel, level
[18/08/2017 22:08:11] /addskill [ADM] EGGabriel, level
[18/08/2017 22:08:11] /addskill [ADM] EGGabriel, level
[18/08/2017 22:08:11] /addskill [ADM] EGGabriel, level
[18/08/2017 22:08:11] /addskill [ADM] EGGabriel, level
[18/08/2017 22:08:11] /addskill [ADM] EGGabriel, level
[18/08/2017 22:08:11] /addskill [ADM] EGGabriel, level
[18/08/2017 22:08:11] /addskill [ADM] EGGabriel, level
[18/08/2017 22:08:11] /addskill [ADM] EGGabriel, level
[18/08/2017 22:08:11] /addskill [ADM] EGGabriel, level
[18/08/2017 22:08:11] /addskill [ADM] EGGabriel, level
[18/08/2017 22:08:11] /addskill [ADM] EGGabriel, level
[18/08/2017 22:08:11] /addskill [ADM] EGGabriel, level
[18/08/2017 22:08:11] /addskill [ADM] EGGabriel, level
[18/08/2017 22:08:11] /addskill [ADM] EGGabriel, level
[18/08/2017 22:08:11] /addskill [ADM] EGGabriel, level
[18/08/2017 22:08:38] /attr attack 9999999
[18/08/2017 22:08:47] /i 2383
[18/08/2017 22:08:52] /m diblo
[18/08/2017 22:08:54] /m diablo
[18/08/2017 22:17:50] /newtype 301
[18/08/2017 22:17:52] /newtype 302
[18/08/2017 22:17:53] /newtype 303
[18/08/2017 22:17:54] /newtype 304
[18/08/2017 22:17:55] /newtype 305
[18/08/2017 22:17:56] /newtype 306
[18/08/2017 22:17:57] /newtype 307
[18/08/2017 22:17:59] /newtype 308
[18/08/2017 22:18:00] /newtype 309
[18/08/2017 22:18:02] /newtype 310
[18/08/2017 22:18:03] /newtype 311
[18/08/2017 22:18:04] /newtype 312
[18/08/2017 22:18:05] /newtype 313
[18/08/2017 22:18:06] /newtype 314
[18/08/2017 22:18:08] /newtype 315
[18/08/2017 22:18:09] /newtype 316
[18/08/2017 22:18:10] /newtype 31
[18/08/2017 22:18:11] /newtype 317
[18/08/2017 22:18:12] /newtype 318
[18/08/2017 22:18:14] /newtype 319
[18/08/2017 22:18:15] /newtype 320
[18/08/2017 22:18:17] /newtype 321
[18/08/2017 22:18:18] /newtype 322
[18/08/2017 22:18:19] /newtype 323
[18/08/2017 22:18:20] /newtype 324
[18/08/2017 22:18:21] /newtype 325
[18/08/2017 22:18:21] /newtype 326
[18/08/2017 22:18:23] /newtype 327
[18/08/2017 22:18:25] /newtype 299
[18/08/2017 22:18:27] /newtype 300
[18/08/2017 22:38:17] /addskill [ADM] EGGabriel, level
[18/08/2017 22:38:17] /addskill [ADM] EGGabriel, level
[18/08/2017 22:38:17] /addskill [ADM] EGGabriel, level
[18/08/2017 22:38:17] /addskill [ADM] EGGabriel, level
[18/08/2017 22:38:17] /addskill [ADM] EGGabriel, level
[18/08/2017 22:38:17] /addskill [ADM] EGGabriel, level
[18/08/2017 22:38:17] /addskill [ADM] EGGabriel, level
[18/08/2017 22:38:17] /addskill [ADM] EGGabriel, level
[18/08/2017 22:38:17] /addskill [ADM] EGGabriel, level
[18/08/2017 22:38:17] /addskill [ADM] EGGabriel, level
[18/08/2017 22:38:17] /addskill [ADM] EGGabriel, level
[18/08/2017 22:38:17] /addskill [ADM] EGGabriel, level
[18/08/2017 22:38:17] /addskill [ADM] EGGabriel, level
[18/08/2017 22:38:17] /addskill [ADM] EGGabriel, level
[18/08/2017 22:38:17] /addskill [ADM] EGGabriel, level
[18/08/2017 22:38:17] /addskill [ADM] EGGabriel, level
[18/08/2017 22:38:17] /addskill [ADM] EGGabriel, level
[18/08/2017 22:38:17] /addskill [ADM] EGGabriel, level
[18/08/2017 22:38:17] /addskill [ADM] EGGabriel, level
[18/08/2017 22:38:17] /addskill [ADM] EGGabriel, level
[18/08/2017 22:38:17] /addskill [ADM] EGGabriel, level
[18/08/2017 22:38:17] /addskill [ADM] EGGabriel, level
[18/08/2017 22:38:17] /addskill [ADM] EGGabriel, level
[18/08/2017 22:38:17] /addskill [ADM] EGGabriel, level
[18/08/2017 22:38:17] /addskill [ADM] EGGabriel, level
[18/08/2017 22:38:17] /addskill [ADM] EGGabriel, level
[18/08/2017 22:38:17] /addskill [ADM] EGGabriel, level
[18/08/2017 22:38:17] /addskill [ADM] EGGabriel, level
[18/08/2017 22:38:17] /addskill [ADM] EGGabriel, level
[18/08/2017 22:38:17] /addskill [ADM] EGGabriel, level
[18/08/2017 22:38:17] /addskill [ADM] EGGabriel, level
[18/08/2017 22:38:17] /addskill [ADM] EGGabriel, level
[18/08/2017 22:38:17] /addskill [ADM] EGGabriel, level
[18/08/2017 22:38:18] /addskill [ADM] EGGabriel, level
[18/08/2017 22:38:18] /addskill [ADM] EGGabriel, level
[18/08/2017 22:38:18] /addskill [ADM] EGGabriel, level
[18/08/2017 22:38:18] /addskill [ADM] EGGabriel, level
[18/08/2017 22:38:18] /addskill [ADM] EGGabriel, level
[18/08/2017 22:38:18] /addskill [ADM] EGGabriel, level
[18/08/2017 22:38:18] /addskill [ADM] EGGabriel, level
[18/08/2017 22:38:18] /addskill [ADM] EGGabriel, level
[18/08/2017 22:38:18] /addskill [ADM] EGGabriel, level
[18/08/2017 22:38:18] /addskill [ADM] EGGabriel, level
[18/08/2017 22:38:18] /addskill [ADM] EGGabriel, level
[18/08/2017 22:38:18] /addskill [ADM] EGGabriel, level
[18/08/2017 22:38:18] /addskill [ADM] EGGabriel, level
[18/08/2017 22:38:18] /addskill [ADM] EGGabriel, level
[18/08/2017 22:38:18] /addskill [ADM] EGGabriel, level
[18/08/2017 22:38:18] /addskill [ADM] EGGabriel, level
[18/08/2017 22:38:18] /addskill [ADM] EGGabriel, level
[18/08/2017 22:38:18] /addskill [ADM] EGGabriel, level
[18/08/2017 22:38:18] /addskill [ADM] EGGabriel, level
[18/08/2017 22:38:18] /addskill [ADM] EGGabriel, level
[18/08/2017 22:38:18] /addskill [ADM] EGGabriel, level
[18/08/2017 22:38:18] /addskill [ADM] EGGabriel, level
[18/08/2017 22:38:18] /addskill [ADM] EGGabriel, level
[18/08/2017 22:38:18] /addskill [ADM] EGGabriel, level
[18/08/2017 22:38:18] /addskill [ADM] EGGabriel, level
[18/08/2017 22:38:18] /addskill [ADM] EGGabriel, level
[18/08/2017 22:38:18] /addskill [ADM] EGGabriel, level
[18/08/2017 22:38:18] /addskill [ADM] EGGabriel, level
[18/08/2017 22:38:18] /addskill [ADM] EGGabriel, level
[18/08/2017 22:38:18] /addskill [ADM] EGGabriel, level
[18/08/2017 22:38:18] /addskill [ADM] EGGabriel, level
[18/08/2017 22:38:18] /addskill [ADM] EGGabriel, level
[18/08/2017 22:38:18] /addskill [ADM] EGGabriel, level
[18/08/2017 22:38:18] /addskill [ADM] EGGabriel, level
[18/08/2017 22:38:18] /addskill [ADM] EGGabriel, level
[18/08/2017 22:38:18] /addskill [ADM] EGGabriel, level
[18/08/2017 22:38:18] /addskill [ADM] EGGabriel, level
[18/08/2017 22:38:18] /addskill [ADM] EGGabriel, level
[18/08/2017 22:38:18] /addskill [ADM] EGGabriel, level
[18/08/2017 22:38:18] /addskill [ADM] EGGabriel, level
[18/08/2017 22:38:18] /addskill [ADM] EGGabriel, level
[18/08/2017 22:38:18] /addskill [ADM] EGGabriel, level
[18/08/2017 22:38:18] /addskill [ADM] EGGabriel, level
[18/08/2017 22:38:18] /addskill [ADM] EGGabriel, level
[18/08/2017 22:38:18] /addskill [ADM] EGGabriel, level
[18/08/2017 22:38:18] /addskill [ADM] EGGabriel, level
[18/08/2017 22:38:18] /addskill [ADM] EGGabriel, level
[18/08/2017 22:38:18] /addskill [ADM] EGGabriel, level
[18/08/2017 22:38:18] /addskill [ADM] EGGabriel, level
[18/08/2017 22:38:18] /addskill [ADM] EGGabriel, level
[18/08/2017 22:38:18] /addskill [ADM] EGGabriel, level
[18/08/2017 22:38:18] /addskill [ADM] EGGabriel, level
[18/08/2017 22:38:18] /addskill [ADM] EGGabriel, level
[18/08/2017 22:38:18] /addskill [ADM] EGGabriel, level
[18/08/2017 22:38:19] /addskill [ADM] EGGabriel, level
[18/08/2017 22:38:19] /addskill [ADM] EGGabriel, level
[18/08/2017 22:38:19] /addskill [ADM] EGGabriel, level
[18/08/2017 22:38:19] /addskill [ADM] EGGabriel, level
[18/08/2017 22:38:19] /addskill [ADM] EGGabriel, level
[18/08/2017 22:38:19] /addskill [ADM] EGGabriel, level
[18/08/2017 22:38:19] /addskill [ADM] EGGabriel, level
[18/08/2017 22:38:19] /addskill [ADM] EGGabriel, level
[18/08/2017 22:38:19] /addskill [ADM] EGGabriel, level
[18/08/2017 22:38:20] /addskill [ADM] EGGabriel, level
[18/08/2017 22:38:20] /addskill [ADM] EGGabriel, level
[18/08/2017 22:38:20] /addskill [ADM] EGGabriel, level
[18/08/2017 22:38:20] /addskill [ADM] EGGabriel, level
[18/08/2017 22:38:20] /addskill [ADM] EGGabriel, level
[18/08/2017 22:38:20] /addskill [ADM] EGGabriel, level
[18/08/2017 22:38:20] /addskill [ADM] EGGabriel, level
[18/08/2017 22:38:20] /addskill [ADM] EGGabriel, level
[18/08/2017 22:38:20] /addskill [ADM] EGGabriel, level
[18/08/2017 22:38:20] /addskill [ADM] EGGabriel, level
[18/08/2017 22:38:20] /addskill [ADM] EGGabriel, level
[18/08/2017 22:38:20] /addskill [ADM] EGGabriel, level
[18/08/2017 22:38:20] /addskill [ADM] EGGabriel, level
[18/08/2017 22:38:20] /addskill [ADM] EGGabriel, level
[18/08/2017 22:38:20] /addskill [ADM] EGGabriel, level
[18/08/2017 22:38:20] /addskill [ADM] EGGabriel, level
[18/08/2017 22:38:20] /addskill [ADM] EGGabriel, level
[18/08/2017 22:38:20] /addskill [ADM] EGGabriel, level
[18/08/2017 22:38:20] /addskill [ADM] EGGabriel, level
[18/08/2017 22:38:20] /addskill [ADM] EGGabriel, level
[18/08/2017 22:38:20] /addskill [ADM] EGGabriel, level
[18/08/2017 22:38:20] /addskill [ADM] EGGabriel, level
[18/08/2017 22:38:20] /addskill [ADM] EGGabriel, level
[18/08/2017 22:38:20] /addskill [ADM] EGGabriel, level
[18/08/2017 22:38:20] /addskill [ADM] EGGabriel, level
[18/08/2017 22:38:20] /addskill [ADM] EGGabriel, level
[18/08/2017 22:38:20] /addskill [ADM] EGGabriel, level
[18/08/2017 22:38:20] /addskill [ADM] EGGabriel, level
[18/08/2017 22:38:20] /addskill [ADM] EGGabriel, level
[18/08/2017 22:38:20] /addskill [ADM] EGGabriel, level
[18/08/2017 22:38:20] /addskill [ADM] EGGabriel, level
[18/08/2017 22:38:20] /addskill [ADM] EGGabriel, level
[18/08/2017 22:38:20] /addskill [ADM] EGGabriel, level
[18/08/2017 22:38:20] /addskill [ADM] EGGabriel, level
[18/08/2017 22:38:20] /addskill [ADM] EGGabriel, level
[18/08/2017 22:38:20] /addskill [ADM] EGGabriel, level
[18/08/2017 22:38:20] /addskill [ADM] EGGabriel, level
[18/08/2017 22:38:20] /addskill [ADM] EGGabriel, level
[18/08/2017 22:38:20] /addskill [ADM] EGGabriel, level
[18/08/2017 22:38:20] /addskill [ADM] EGGabriel, level
[18/08/2017 22:38:20] /addskill [ADM] EGGabriel, level
[18/08/2017 22:38:20] /addskill [ADM] EGGabriel, level
[18/08/2017 22:38:20] /addskill [ADM] EGGabriel, level
[18/08/2017 22:38:20] /addskill [ADM] EGGabriel, level
[18/08/2017 22:38:20] /addskill [ADM] EGGabriel, level
[18/08/2017 22:38:20] /addskill [ADM] EGGabriel, level
[18/08/2017 22:38:20] /addskill [ADM] EGGabriel, level
[18/08/2017 22:38:20] /addskill [ADM] EGGabriel, level
[18/08/2017 22:38:20] /addskill [ADM] EGGabriel, level
[18/08/2017 22:38:20] /addskill [ADM] EGGabriel, level
[18/08/2017 22:38:20] /addskill [ADM] EGGabriel, level
[18/08/2017 22:38:20] /addskill [ADM] EGGabriel, level
[18/08/2017 22:38:20] /addskill [ADM] EGGabriel, level
[18/08/2017 22:38:20] /addskill [ADM] EGGabriel, level
[18/08/2017 22:38:21] /addskill [ADM] EGGabriel, level
[18/08/2017 22:38:21] /addskill [ADM] EGGabriel, level
[18/08/2017 22:38:21] /addskill [ADM] EGGabriel, level
[18/08/2017 22:38:21] /addskill [ADM] EGGabriel, level
[18/08/2017 22:38:21] /addskill [ADM] EGGabriel, level
[18/08/2017 22:38:21] /addskill [ADM] EGGabriel, level
[18/08/2017 22:38:21] /addskill [ADM] EGGabriel, level
[18/08/2017 22:38:21] /addskill [ADM] EGGabriel, level
[18/08/2017 22:38:21] /addskill [ADM] EGGabriel, level
[18/08/2017 22:38:21] /addskill [ADM] EGGabriel, level
[18/08/2017 22:38:21] /addskill [ADM] EGGabriel, level
[18/08/2017 22:38:21] /addskill [ADM] EGGabriel, level
[18/08/2017 22:38:21] /addskill [ADM] EGGabriel, level
[18/08/2017 22:38:21] /addskill [ADM] EGGabriel, level
[18/08/2017 22:38:21] /addskill [ADM] EGGabriel, level
[18/08/2017 22:38:21] /addskill [ADM] EGGabriel, level
[18/08/2017 22:38:21] /addskill [ADM] EGGabriel, level
[18/08/2017 22:38:21] /addskill [ADM] EGGabriel, level
[18/08/2017 22:38:21] /addskill [ADM] EGGabriel, level
[18/08/2017 22:38:21] /addskill [ADM] EGGabriel, level
[18/08/2017 22:38:21] /addskill [ADM] EGGabriel, level
[18/08/2017 22:38:21] /addskill [ADM] EGGabriel, level
[18/08/2017 22:38:21] /addskill [ADM] EGGabriel, level
[18/08/2017 22:38:21] /addskill [ADM] EGGabriel, level
[18/08/2017 22:38:21] /addskill [ADM] EGGabriel, level
[18/08/2017 22:38:21] /addskill [ADM] EGGabriel, level
[18/08/2017 22:38:21] /addskill [ADM] EGGabriel, level
[18/08/2017 22:38:21] /addskill [ADM] EGGabriel, level
[18/08/2017 22:38:21] /addskill [ADM] EGGabriel, level
[18/08/2017 22:38:21] /addskill [ADM] EGGabriel, level
[18/08/2017 22:38:21] /addskill [ADM] EGGabriel, level
[18/08/2017 22:38:21] /addskill [ADM] EGGabriel, level
[18/08/2017 22:38:21] /addskill [ADM] EGGabriel, level
[18/08/2017 22:38:21] /addskill [ADM] EGGabriel, level
[18/08/2017 22:38:21] /addskill [ADM] EGGabriel, level
[18/08/2017 22:38:21] /addskill [ADM] EGGabriel, level
[18/08/2017 22:38:21] /addskill [ADM] EGGabriel, level
[18/08/2017 22:38:21] /addskill [ADM] EGGabriel, level
[18/08/2017 22:38:21] /addskill [ADM] EGGabriel, level
[18/08/2017 22:38:21] /addskill [ADM] EGGabriel, level
[18/08/2017 22:38:21] /addskill [ADM] EGGabriel, level
[18/08/2017 22:38:21] /addskill [ADM] EGGabriel, level
[18/08/2017 22:38:21] /addskill [ADM] EGGabriel, level
[18/08/2017 22:38:21] /addskill [ADM] EGGabriel, level
[18/08/2017 22:38:21] /addskill [ADM] EGGabriel, level
[18/08/2017 22:38:21] /addskill [ADM] EGGabriel, level
[18/08/2017 22:38:21] /addskill [ADM] EGGabriel, level
[18/08/2017 22:38:21] /addskill [ADM] EGGabriel, level
[18/08/2017 22:38:21] /addskill [ADM] EGGabriel, level
[18/08/2017 22:38:21] /addskill [ADM] EGGabriel, level
[18/08/2017 22:38:21] /addskill [ADM] EGGabriel, level
[18/08/2017 22:38:21] /addskill [ADM] EGGabriel, level
[18/08/2017 22:38:21] /addskill [ADM] EGGabriel, level
[18/08/2017 22:38:22] /addskill [ADM] EGGabriel, level
[18/08/2017 22:38:22] /addskill [ADM] EGGabriel, level
[18/08/2017 22:38:22] /addskill [ADM] EGGabriel, level
[18/08/2017 22:38:22] /addskill [ADM] EGGabriel, level
[18/08/2017 22:38:22] /addskill [ADM] EGGabriel, level
[18/08/2017 22:38:22] /addskill [ADM] EGGabriel, level
[18/08/2017 22:38:22] /addskill [ADM] EGGabriel, level
[18/08/2017 22:38:22] /addskill [ADM] EGGabriel, level
[18/08/2017 22:38:22] /addskill [ADM] EGGabriel, level
[18/08/2017 22:38:22] /addskill [ADM] EGGabriel, level
[18/08/2017 22:38:22] /addskill [ADM] EGGabriel, level
[18/08/2017 22:38:22] /addskill [ADM] EGGabriel, level
[18/08/2017 22:38:22] /addskill [ADM] EGGabriel, level
[18/08/2017 22:38:22] /addskill [ADM] EGGabriel, level
[18/08/2017 22:38:22] /addskill [ADM] EGGabriel, level
[18/08/2017 22:38:22] /addskill [ADM] EGGabriel, level
[18/08/2017 22:38:22] /addskill [ADM] EGGabriel, level
[18/08/2017 22:38:22] /addskill [ADM] EGGabriel, level
[18/08/2017 22:38:22] /addskill [ADM] EGGabriel, level
[18/08/2017 22:38:22] /addskill [ADM] EGGabriel, level
[18/08/2017 22:38:22] /addskill [ADM] EGGabriel, level
[18/08/2017 22:38:22] /addskill [ADM] EGGabriel, level
[18/08/2017 22:38:22] /addskill [ADM] EGGabriel, level
[18/08/2017 22:38:22] /addskill [ADM] EGGabriel, level
[18/08/2017 22:38:22] /addskill [ADM] EGGabriel, level
[18/08/2017 22:38:22] /addskill [ADM] EGGabriel, level
[18/08/2017 22:38:22] /addskill [ADM] EGGabriel, level
[18/08/2017 22:38:22] /addskill [ADM] EGGabriel, level
[18/08/2017 22:38:22] /addskill [ADM] EGGabriel, level
[18/08/2017 22:38:22] /addskill [ADM] EGGabriel, level
[18/08/2017 22:38:22] /addskill [ADM] EGGabriel, level
[18/08/2017 22:38:22] /addskill [ADM] EGGabriel, level
[18/08/2017 22:38:22] /addskill [ADM] EGGabriel, level
[18/08/2017 22:38:22] /addskill [ADM] EGGabriel, level
[18/08/2017 22:38:22] /addskill [ADM] EGGabriel, level
[18/08/2017 22:38:22] /addskill [ADM] EGGabriel, level
[18/08/2017 22:38:22] /addskill [ADM] EGGabriel, level
[18/08/2017 22:38:22] /addskill [ADM] EGGabriel, level
[18/08/2017 22:38:22] /addskill [ADM] EGGabriel, level
[18/08/2017 22:38:22] /addskill [ADM] EGGabriel, level
[18/08/2017 22:38:22] /addskill [ADM] EGGabriel, level
[18/08/2017 22:38:22] /addskill [ADM] EGGabriel, level
[18/08/2017 22:38:22] /addskill [ADM] EGGabriel, level
[18/08/2017 22:38:22] /addskill [ADM] EGGabriel, level
[18/08/2017 22:38:22] /addskill [ADM] EGGabriel, level
[18/08/2017 22:38:22] /addskill [ADM] EGGabriel, level
[18/08/2017 22:38:22] /addskill [ADM] EGGabriel, level
[18/08/2017 22:38:22] /addskill [ADM] EGGabriel, level
[18/08/2017 22:38:22] /addskill [ADM] EGGabriel, level
[18/08/2017 22:38:22] /addskill [ADM] EGGabriel, level
[18/08/2017 22:38:22] /addskill [ADM] EGGabriel, level
[18/08/2017 22:38:22] /addskill [ADM] EGGabriel, level
[18/08/2017 22:38:23] /addskill [ADM] EGGabriel, level
[18/08/2017 22:38:23] /addskill [ADM] EGGabriel, level
[18/08/2017 22:38:23] /addskill [ADM] EGGabriel, level
[18/08/2017 22:38:23] /addskill [ADM] EGGabriel, level
[18/08/2017 22:38:23] /addskill [ADM] EGGabriel, level
[18/08/2017 22:38:23] /addskill [ADM] EGGabriel, level
[18/08/2017 22:38:23] /addskill [ADM] EGGabriel, level
[18/08/2017 22:38:23] /addskill [ADM] EGGabriel, level
[18/08/2017 22:38:23] /addskill [ADM] EGGabriel, level
[18/08/2017 22:38:23] /addskill [ADM] EGGabriel, level
[18/08/2017 22:38:23] /addskill [ADM] EGGabriel, level
[18/08/2017 22:38:23] /addskill [ADM] EGGabriel, level
[18/08/2017 22:38:23] /addskill [ADM] EGGabriel, level
[18/08/2017 22:38:23] /addskill [ADM] EGGabriel, level
[18/08/2017 22:38:23] /addskill [ADM] EGGabriel, level
[18/08/2017 22:38:23] /addskill [ADM] EGGabriel, level
[18/08/2017 22:38:23] /addskill [ADM] EGGabriel, level
[18/08/2017 22:38:23] /addskill [ADM] EGGabriel, level
[18/08/2017 22:38:23] /addskill [ADM] EGGabriel, level
[18/08/2017 22:38:23] /addskill [ADM] EGGabriel, level
[18/08/2017 22:38:23] /addskill [ADM] EGGabriel, level
[18/08/2017 22:38:23] /addskill [ADM] EGGabriel, level
[18/08/2017 22:38:23] /addskill [ADM] EGGabriel, level
[18/08/2017 22:38:23] /addskill [ADM] EGGabriel, level
[18/08/2017 22:38:23] /addskill [ADM] EGGabriel, level
[18/08/2017 22:38:23] /addskill [ADM] EGGabriel, level
[18/08/2017 22:38:23] /addskill [ADM] EGGabriel, level
[18/08/2017 22:38:23] /addskill [ADM] EGGabriel, level
[18/08/2017 22:38:23] /addskill [ADM] EGGabriel, level
[18/08/2017 22:38:23] /addskill [ADM] EGGabriel, level
[18/08/2017 22:38:23] /addskill [ADM] EGGabriel, level
[18/08/2017 22:38:23] /addskill [ADM] EGGabriel, level
[18/08/2017 22:38:23] /addskill [ADM] EGGabriel, level
[18/08/2017 22:38:23] /addskill [ADM] EGGabriel, level
[18/08/2017 22:38:23] /addskill [ADM] EGGabriel, level
[18/08/2017 22:38:23] /addskill [ADM] EGGabriel, level
[18/08/2017 22:38:23] /addskill [ADM] EGGabriel, level
[18/08/2017 22:38:23] /addskill [ADM] EGGabriel, level
[18/08/2017 22:38:23] /addskill [ADM] EGGabriel, level
[18/08/2017 22:38:23] /addskill [ADM] EGGabriel, level
[18/08/2017 22:38:23] /addskill [ADM] EGGabriel, level
[18/08/2017 22:38:23] /addskill [ADM] EGGabriel, level
[18/08/2017 22:38:23] /addskill [ADM] EGGabriel, level
[18/08/2017 22:38:23] /addskill [ADM] EGGabriel, level
[18/08/2017 22:38:23] /addskill [ADM] EGGabriel, level
[18/08/2017 22:38:23] /addskill [ADM] EGGabriel, level
[18/08/2017 22:38:23] /addskill [ADM] EGGabriel, level
[18/08/2017 22:38:23] /addskill [ADM] EGGabriel, level
[18/08/2017 22:38:23] /addskill [ADM] EGGabriel, level
[18/08/2017 22:38:23] /addskill [ADM] EGGabriel, level
[18/08/2017 22:38:23] /addskill [ADM] EGGabriel, level
[18/08/2017 22:38:23] /addskill [ADM] EGGabriel, level
[18/08/2017 22:38:23] /addskill [ADM] EGGabriel, level
[18/08/2017 22:38:23] /addskill [ADM] EGGabriel, level
[18/08/2017 22:38:23] /addskill [ADM] EGGabriel, level
[18/08/2017 22:38:24] /addskill [ADM] EGGabriel, level
[18/08/2017 22:38:24] /addskill [ADM] EGGabriel, level
[18/08/2017 22:38:24] /addskill [ADM] EGGabriel, level
[18/08/2017 22:38:24] /addskill [ADM] EGGabriel, level
[18/08/2017 22:38:24] /addskill [ADM] EGGabriel, level
[18/08/2017 22:38:24] /addskill [ADM] EGGabriel, level
[18/08/2017 22:38:24] /addskill [ADM] EGGabriel, level
[18/08/2017 22:38:24] /addskill [ADM] EGGabriel, level
[18/08/2017 22:38:24] /addskill [ADM] EGGabriel, level
[18/08/2017 22:38:24] /addskill [ADM] EGGabriel, level
[18/08/2017 22:38:24] /addskill [ADM] EGGabriel, level
[18/08/2017 22:38:24] /addskill [ADM] EGGabriel, level
[18/08/2017 22:38:24] /addskill [ADM] EGGabriel, level
[18/08/2017 22:38:24] /addskill [ADM] EGGabriel, level
[18/08/2017 22:38:24] /addskill [ADM] EGGabriel, level
[18/08/2017 22:38:24] /addskill [ADM] EGGabriel, level
[18/08/2017 22:38:24] /addskill [ADM] EGGabriel, level
[18/08/2017 22:38:24] /addskill [ADM] EGGabriel, level
[18/08/2017 22:38:24] /addskill [ADM] EGGabriel, level
[18/08/2017 22:38:24] /addskill [ADM] EGGabriel, level
[18/08/2017 22:38:24] /addskill [ADM] EGGabriel, level
[18/08/2017 22:38:24] /addskill [ADM] EGGabriel, level
[18/08/2017 22:38:24] /addskill [ADM] EGGabriel, level
[18/08/2017 22:38:24] /addskill [ADM] EGGabriel, level
[18/08/2017 22:38:24] /addskill [ADM] EGGabriel, level
[18/08/2017 22:38:24] /addskill [ADM] EGGabriel, level
[18/08/2017 22:38:24] /addskill [ADM] EGGabriel, level
[18/08/2017 22:38:24] /addskill [ADM] EGGabriel, level
[18/08/2017 22:38:24] /addskill [ADM] EGGabriel, level
[18/08/2017 22:38:24] /addskill [ADM] EGGabriel, level
[18/08/2017 22:38:24] /addskill [ADM] EGGabriel, level
[18/08/2017 22:38:24] /addskill [ADM] EGGabriel, level
[18/08/2017 22:38:24] /addskill [ADM] EGGabriel, level
[18/08/2017 22:38:24] /addskill [ADM] EGGabriel, level
[18/08/2017 22:38:24] /addskill [ADM] EGGabriel, level
[18/08/2017 22:38:24] /addskill [ADM] EGGabriel, level
[18/08/2017 22:38:24] /addskill [ADM] EGGabriel, level
[18/08/2017 22:38:24] /addskill [ADM] EGGabriel, level
[18/08/2017 22:38:24] /addskill [ADM] EGGabriel, level
[18/08/2017 22:38:24] /addskill [ADM] EGGabriel, level
[18/08/2017 22:38:24] /addskill [ADM] EGGabriel, level
[18/08/2017 22:38:24] /addskill [ADM] EGGabriel, level
[18/08/2017 22:38:24] /addskill [ADM] EGGabriel, level
[18/08/2017 22:38:24] /addskill [ADM] EGGabriel, level
[18/08/2017 22:38:24] /addskill [ADM] EGGabriel, level
[18/08/2017 22:38:24] /addskill [ADM] EGGabriel, level
[18/08/2017 22:38:24] /addskill [ADM] EGGabriel, level
[18/08/2017 22:38:24] /addskill [ADM] EGGabriel, level
[18/08/2017 22:38:24] /addskill [ADM] EGGabriel, level
[18/08/2017 22:38:24] /addskill [ADM] EGGabriel, level
[18/08/2017 22:38:24] /addskill [ADM] EGGabriel, level
[18/08/2017 22:38:24] /addskill [ADM] EGGabriel, level
[18/08/2017 22:38:24] /addskill [ADM] EGGabriel, level
[18/08/2017 22:38:25] /addskill [ADM] EGGabriel, level
[18/08/2017 22:38:25] /addskill [ADM] EGGabriel, level
[18/08/2017 22:38:25] /addskill [ADM] EGGabriel, level
[18/08/2017 22:38:25] /addskill [ADM] EGGabriel, level
[18/08/2017 22:38:25] /addskill [ADM] EGGabriel, level
[18/08/2017 22:38:25] /addskill [ADM] EGGabriel, level
[18/08/2017 22:38:25] /addskill [ADM] EGGabriel, level
[18/08/2017 22:38:25] /addskill [ADM] EGGabriel, level
[18/08/2017 22:38:25] /addskill [ADM] EGGabriel, level
[18/08/2017 22:38:25] /addskill [ADM] EGGabriel, level
[18/08/2017 22:38:25] /addskill [ADM] EGGabriel, level
[18/08/2017 22:38:25] /addskill [ADM] EGGabriel, level
[18/08/2017 22:38:25] /addskill [ADM] EGGabriel, level
[18/08/2017 22:38:25] /addskill [ADM] EGGabriel, level
[18/08/2017 22:38:25] /addskill [ADM] EGGabriel, level
[18/08/2017 22:38:25] /addskill [ADM] EGGabriel, level
[18/08/2017 22:38:25] /addskill [ADM] EGGabriel, level
[18/08/2017 22:38:25] /addskill [ADM] EGGabriel, level
[18/08/2017 22:38:25] /addskill [ADM] EGGabriel, level
[18/08/2017 22:38:25] /addskill [ADM] EGGabriel, level
[18/08/2017 22:38:25] /addskill [ADM] EGGabriel, level
[18/08/2017 22:38:25] /addskill [ADM] EGGabriel, level
[18/08/2017 22:38:25] /addskill [ADM] EGGabriel, level
[18/08/2017 22:38:25] /addskill [ADM] EGGabriel, level
[18/08/2017 22:38:25] /addskill [ADM] EGGabriel, level
[18/08/2017 22:38:25] /addskill [ADM] EGGabriel, level
[18/08/2017 22:38:25] /addskill [ADM] EGGabriel, level
[18/08/2017 22:38:25] /addskill [ADM] EGGabriel, level
[18/08/2017 22:38:25] /addskill [ADM] EGGabriel, level
[18/08/2017 22:38:25] /addskill [ADM] EGGabriel, level
[18/08/2017 22:38:25] /addskill [ADM] EGGabriel, level
[18/08/2017 22:38:25] /addskill [ADM] EGGabriel, level
[18/08/2017 22:38:25] /addskill [ADM] EGGabriel, level
[18/08/2017 22:38:25] /addskill [ADM] EGGabriel, level
[18/08/2017 22:38:25] /addskill [ADM] EGGabriel, level
[18/08/2017 22:38:25] /addskill [ADM] EGGabriel, level
[18/08/2017 22:38:25] /addskill [ADM] EGGabriel, level
[18/08/2017 22:38:25] /addskill [ADM] EGGabriel, level
[18/08/2017 22:38:25] /addskill [ADM] EGGabriel, level
[18/08/2017 22:38:25] /addskill [ADM] EGGabriel, level
[18/08/2017 22:38:25] /addskill [ADM] EGGabriel, level
[18/08/2017 22:38:25] /addskill [ADM] EGGabriel, level
[18/08/2017 22:38:25] /addskill [ADM] EGGabriel, level
[18/08/2017 22:38:25] /addskill [ADM] EGGabriel, level
[18/08/2017 22:38:25] /addskill [ADM] EGGabriel, level
[18/08/2017 22:38:25] /addskill [ADM] EGGabriel, level
[18/08/2017 22:38:25] /addskill [ADM] EGGabriel, level
[18/08/2017 22:38:25] /addskill [ADM] EGGabriel, level
[18/08/2017 22:38:25] /addskill [ADM] EGGabriel, level
[18/08/2017 22:38:25] /addskill [ADM] EGGabriel, level
[18/08/2017 22:38:25] /addskill [ADM] EGGabriel, level
[18/08/2017 22:38:25] /addskill [ADM] EGGabriel, level
[18/08/2017 22:38:26] /addskill [ADM] EGGabriel, level
[18/08/2017 22:38:26] /addskill [ADM] EGGabriel, level
[18/08/2017 22:38:26] /addskill [ADM] EGGabriel, level
[18/08/2017 22:38:26] /addskill [ADM] EGGabriel, level
[18/08/2017 22:38:26] /addskill [ADM] EGGabriel, level
[18/08/2017 22:38:26] /addskill [ADM] EGGabriel, level
[18/08/2017 22:38:26] /addskill [ADM] EGGabriel, level
[18/08/2017 22:38:26] /addskill [ADM] EGGabriel, level
[18/08/2017 22:38:26] /addskill [ADM] EGGabriel, level
[18/08/2017 22:38:26] /addskill [ADM] EGGabriel, level
[18/08/2017 22:38:26] /addskill [ADM] EGGabriel, level
[18/08/2017 22:38:26] /addskill [ADM] EGGabriel, level
[18/08/2017 22:38:26] /addskill [ADM] EGGabriel, level
[18/08/2017 22:38:26] /addskill [ADM] EGGabriel, level
[18/08/2017 22:38:26] /addskill [ADM] EGGabriel, level
[18/08/2017 22:38:26] /addskill [ADM] EGGabriel, level
[18/08/2017 22:38:26] /addskill [ADM] EGGabriel, level
[18/08/2017 22:38:26] /addskill [ADM] EGGabriel, level
[18/08/2017 22:38:26] /addskill [ADM] EGGabriel, level
[18/08/2017 22:38:26] /addskill [ADM] EGGabriel, level
[18/08/2017 22:38:26] /addskill [ADM] EGGabriel, level
[18/08/2017 22:38:26] /addskill [ADM] EGGabriel, level
[18/08/2017 22:38:26] /addskill [ADM] EGGabriel, level
[18/08/2017 22:38:26] /addskill [ADM] EGGabriel, level
[18/08/2017 22:38:26] /addskill [ADM] EGGabriel, level
[18/08/2017 22:38:26] /addskill [ADM] EGGabriel, level
[18/08/2017 22:38:26] /addskill [ADM] EGGabriel, level
[18/08/2017 22:38:26] /addskill [ADM] EGGabriel, level
[18/08/2017 22:38:26] /addskill [ADM] EGGabriel, level
[18/08/2017 22:38:26] /addskill [ADM] EGGabriel, level
[18/08/2017 22:38:26] /addskill [ADM] EGGabriel, level
[18/08/2017 22:38:26] /addskill [ADM] EGGabriel, level
[18/08/2017 22:38:26] /addskill [ADM] EGGabriel, level
[18/08/2017 22:38:26] /addskill [ADM] EGGabriel, level
[18/08/2017 22:38:26] /addskill [ADM] EGGabriel, level
[18/08/2017 22:38:26] /addskill [ADM] EGGabriel, level
[18/08/2017 22:38:26] /addskill [ADM] EGGabriel, level
[18/08/2017 22:38:26] /addskill [ADM] EGGabriel, level
[18/08/2017 22:38:26] /addskill [ADM] EGGabriel, level
[18/08/2017 22:38:26] /addskill [ADM] EGGabriel, level
[18/08/2017 22:38:26] /addskill [ADM] EGGabriel, level
[18/08/2017 22:38:26] /addskill [ADM] EGGabriel, level
[18/08/2017 22:38:26] /addskill [ADM] EGGabriel, level
[18/08/2017 22:38:26] /addskill [ADM] EGGabriel, level
[18/08/2017 22:38:26] /addskill [ADM] EGGabriel, level
[18/08/2017 22:38:27] /addskill [ADM] EGGabriel, level
[18/08/2017 22:38:27] /addskill [ADM] EGGabriel, level
[18/08/2017 22:38:27] /addskill [ADM] EGGabriel, level
[18/08/2017 22:38:27] /addskill [ADM] EGGabriel, level
[18/08/2017 22:38:27] /addskill [ADM] EGGabriel, level
[18/08/2017 22:38:27] /addskill [ADM] EGGabriel, level
[18/08/2017 22:38:27] /addskill [ADM] EGGabriel, level
[18/08/2017 22:38:27] /addskill [ADM] EGGabriel, level
[18/08/2017 22:38:27] /addskill [ADM] EGGabriel, level
[18/08/2017 22:38:27] /addskill [ADM] EGGabriel, level
[18/08/2017 22:38:27] /addskill [ADM] EGGabriel, level
[18/08/2017 22:38:27] /addskill [ADM] EGGabriel, level
[18/08/2017 22:38:27] /addskill [ADM] EGGabriel, level
[18/08/2017 22:38:27] /addskill [ADM] EGGabriel, level
[18/08/2017 22:38:27] /addskill [ADM] EGGabriel, level
[18/08/2017 22:38:27] /addskill [ADM] EGGabriel, level
[18/08/2017 22:38:27] /addskill [ADM] EGGabriel, level
[18/08/2017 22:38:27] /addskill [ADM] EGGabriel, level
[18/08/2017 22:38:27] /addskill [ADM] EGGabriel, level
[18/08/2017 22:38:27] /addskill [ADM] EGGabriel, level
[18/08/2017 22:38:27] /addskill [ADM] EGGabriel, level
[18/08/2017 22:38:27] /addskill [ADM] EGGabriel, level
[18/08/2017 22:38:27] /addskill [ADM] EGGabriel, level
[18/08/2017 22:38:27] /addskill [ADM] EGGabriel, level
[18/08/2017 22:38:27] /addskill [ADM] EGGabriel, level
[18/08/2017 22:38:27] /addskill [ADM] EGGabriel, level
[18/08/2017 22:38:27] /addskill [ADM] EGGabriel, level
[18/08/2017 22:38:27] /addskill [ADM] EGGabriel, level
[18/08/2017 22:38:27] /addskill [ADM] EGGabriel, level
[18/08/2017 22:38:27] /addskill [ADM] EGGabriel, level
[18/08/2017 22:38:27] /addskill [ADM] EGGabriel, level
[18/08/2017 22:38:27] /addskill [ADM] EGGabriel, level
[18/08/2017 22:38:27] /addskill [ADM] EGGabriel, level
[18/08/2017 22:38:27] /addskill [ADM] EGGabriel, level
[18/08/2017 22:38:27] /addskill [ADM] EGGabriel, level
[18/08/2017 22:38:27] /addskill [ADM] EGGabriel, level
[18/08/2017 22:38:27] /addskill [ADM] EGGabriel, level
[18/08/2017 22:38:27] /addskill [ADM] EGGabriel, level
[18/08/2017 22:38:27] /addskill [ADM] EGGabriel, level
[18/08/2017 22:38:27] /addskill [ADM] EGGabriel, level
[18/08/2017 22:38:27] /addskill [ADM] EGGabriel, level
[18/08/2017 22:38:27] /addskill [ADM] EGGabriel, level
[18/08/2017 22:38:27] /addskill [ADM] EGGabriel, level
[18/08/2017 22:38:27] /addskill [ADM] EGGabriel, level
[18/08/2017 22:38:27] /addskill [ADM] EGGabriel, level
[18/08/2017 22:38:27] /addskill [ADM] EGGabriel, level
[18/08/2017 22:38:27] /addskill [ADM] EGGabriel, level
[18/08/2017 22:38:27] /addskill [ADM] EGGabriel, level
[18/08/2017 22:38:27] /addskill [ADM] EGGabriel, level
[18/08/2017 22:38:27] /addskill [ADM] EGGabriel, level
[18/08/2017 22:38:27] /addskill [ADM] EGGabriel, level
[18/08/2017 22:38:28] /addskill [ADM] EGGabriel, level
[18/08/2017 22:38:28] /addskill [ADM] EGGabriel, level
[18/08/2017 22:38:28] /addskill [ADM] EGGabriel, level
[18/08/2017 22:38:28] /addskill [ADM] EGGabriel, level
[18/08/2017 22:38:28] /addskill [ADM] EGGabriel, level
[18/08/2017 22:38:28] /addskill [ADM] EGGabriel, level
[18/08/2017 22:38:28] /addskill [ADM] EGGabriel, level
[18/08/2017 22:38:28] /addskill [ADM] EGGabriel, level
[18/08/2017 22:38:28] /addskill [ADM] EGGabriel, level
[18/08/2017 22:38:28] /addskill [ADM] EGGabriel, level
[18/08/2017 22:38:28] /addskill [ADM] EGGabriel, level
[18/08/2017 22:38:28] /addskill [ADM] EGGabriel, level
[18/08/2017 22:38:28] /addskill [ADM] EGGabriel, level
[18/08/2017 22:38:28] /addskill [ADM] EGGabriel, level
[18/08/2017 22:38:28] /addskill [ADM] EGGabriel, level
[18/08/2017 22:38:28] /addskill [ADM] EGGabriel, level
[18/08/2017 22:38:28] /addskill [ADM] EGGabriel, level
[18/08/2017 22:38:28] /addskill [ADM] EGGabriel, level
[18/08/2017 22:38:28] /addskill [ADM] EGGabriel, level
[18/08/2017 22:38:28] /addskill [ADM] EGGabriel, level
[18/08/2017 22:38:28] /addskill [ADM] EGGabriel, level
[18/08/2017 22:38:28] /addskill [ADM] EGGabriel, level
[18/08/2017 22:38:28] /addskill [ADM] EGGabriel, level
[18/08/2017 22:38:28] /addskill [ADM] EGGabriel, level
[18/08/2017 22:38:28] /addskill [ADM] EGGabriel, level
[18/08/2017 22:38:28] /addskill [ADM] EGGabriel, level
[18/08/2017 22:38:28] /addskill [ADM] EGGabriel, level
[18/08/2017 22:38:28] /addskill [ADM] EGGabriel, level
[18/08/2017 22:38:28] /addskill [ADM] EGGabriel, level
[18/08/2017 22:38:28] /addskill [ADM] EGGabriel, level
[18/08/2017 22:38:28] /addskill [ADM] EGGabriel, level
[18/08/2017 22:38:28] /addskill [ADM] EGGabriel, level
[18/08/2017 22:38:28] /addskill [ADM] EGGabriel, level
[18/08/2017 22:38:28] /addskill [ADM] EGGabriel, level
[18/08/2017 22:38:28] /addskill [ADM] EGGabriel, level
[18/08/2017 22:38:28] /addskill [ADM] EGGabriel, level
[18/08/2017 22:38:28] /addskill [ADM] EGGabriel, level
[18/08/2017 22:38:28] /addskill [ADM] EGGabriel, level
[18/08/2017 22:38:28] /addskill [ADM] EGGabriel, level
[18/08/2017 22:38:28] /addskill [ADM] EGGabriel, level
[18/08/2017 22:38:28] /addskill [ADM] EGGabriel, level
[18/08/2017 22:38:28] /addskill [ADM] EGGabriel, level
[18/08/2017 22:38:28] /addskill [ADM] EGGabriel, level
[18/08/2017 22:38:28] /addskill [ADM] EGGabriel, level
[18/08/2017 22:38:28] /addskill [ADM] EGGabriel, level
[18/08/2017 22:38:28] /addskill [ADM] EGGabriel, level
[18/08/2017 22:38:28] /addskill [ADM] EGGabriel, level
[18/08/2017 22:38:28] /addskill [ADM] EGGabriel, level
[18/08/2017 22:38:28] /addskill [ADM] EGGabriel, level
[18/08/2017 22:38:28] /addskill [ADM] EGGabriel, level
[18/08/2017 22:38:29] /addskill [ADM] EGGabriel, level
[18/08/2017 22:38:29] /addskill [ADM] EGGabriel, level
[18/08/2017 22:38:29] /addskill [ADM] EGGabriel, level
[18/08/2017 22:38:29] /addskill [ADM] EGGabriel, level
[18/08/2017 22:38:29] /addskill [ADM] EGGabriel, level
[18/08/2017 22:38:29] /addskill [ADM] EGGabriel, level
[18/08/2017 22:38:29] /addskill [ADM] EGGabriel, level
[18/08/2017 22:38:29] /addskill [ADM] EGGabriel, level
[18/08/2017 22:38:29] /addskill [ADM] EGGabriel, level
[18/08/2017 22:38:29] /addskill [ADM] EGGabriel, level
[18/08/2017 22:38:29] /addskill [ADM] EGGabriel, level
[18/08/2017 22:38:29] /addskill [ADM] EGGabriel, level
[18/08/2017 22:38:29] /addskill [ADM] EGGabriel, level
[18/08/2017 22:38:29] /addskill [ADM] EGGabriel, level
[18/08/2017 22:38:29] /addskill [ADM] EGGabriel, level
[18/08/2017 22:38:29] /addskill [ADM] EGGabriel, level
[18/08/2017 22:38:29] /addskill [ADM] EGGabriel, level
[18/08/2017 22:38:29] /addskill [ADM] EGGabriel, level
[18/08/2017 22:38:29] /addskill [ADM] EGGabriel, level
[18/08/2017 22:38:29] /addskill [ADM] EGGabriel, level
[18/08/2017 22:38:29] /addskill [ADM] EGGabriel, level
[18/08/2017 22:38:29] /addskill [ADM] EGGabriel, level
[18/08/2017 22:38:29] /addskill [ADM] EGGabriel, level
[18/08/2017 22:38:29] /addskill [ADM] EGGabriel, level
[18/08/2017 22:38:29] /addskill [ADM] EGGabriel, level
[18/08/2017 22:38:29] /addskill [ADM] EGGabriel, level
[18/08/2017 22:38:29] /addskill [ADM] EGGabriel, level
[18/08/2017 22:38:29] /addskill [ADM] EGGabriel, level
[18/08/2017 22:38:29] /addskill [ADM] EGGabriel, level
[18/08/2017 22:38:29] /addskill [ADM] EGGabriel, level
[18/08/2017 22:38:29] /addskill [ADM] EGGabriel, level
[18/08/2017 22:38:29] /addskill [ADM] EGGabriel, level
[18/08/2017 22:38:29] /addskill [ADM] EGGabriel, level
[18/08/2017 22:38:29] /addskill [ADM] EGGabriel, level
[18/08/2017 22:38:29] /addskill [ADM] EGGabriel, level
[18/08/2017 22:38:29] /addskill [ADM] EGGabriel, level
[18/08/2017 22:38:29] /addskill [ADM] EGGabriel, level
[18/08/2017 22:38:29] /addskill [ADM] EGGabriel, level
[18/08/2017 22:38:29] /addskill [ADM] EGGabriel, level
[18/08/2017 22:38:29] /addskill [ADM] EGGabriel, level
[18/08/2017 22:38:29] /addskill [ADM] EGGabriel, level
[18/08/2017 22:38:29] /addskill [ADM] EGGabriel, level
[18/08/2017 22:38:29] /addskill [ADM] EGGabriel, level
[18/08/2017 22:38:29] /addskill [ADM] EGGabriel, level
[18/08/2017 22:38:29] /addskill [ADM] EGGabriel, level
[18/08/2017 22:38:29] /addskill [ADM] EGGabriel, level
[18/08/2017 22:38:30] /addskill [ADM] EGGabriel, level
[18/08/2017 22:38:30] /addskill [ADM] EGGabriel, level
[18/08/2017 22:38:30] /addskill [ADM] EGGabriel, level
[18/08/2017 22:38:30] /addskill [ADM] EGGabriel, level
[18/08/2017 22:38:30] /addskill [ADM] EGGabriel, level
[18/08/2017 22:38:30] /addskill [ADM] EGGabriel, level
[18/08/2017 22:38:30] /addskill [ADM] EGGabriel, level
[18/08/2017 22:38:30] /addskill [ADM] EGGabriel, level
[18/08/2017 22:38:30] /addskill [ADM] EGGabriel, level
[18/08/2017 22:38:30] /addskill [ADM] EGGabriel, level
[18/08/2017 22:38:30] /addskill [ADM] EGGabriel, level
[18/08/2017 22:38:30] /addskill [ADM] EGGabriel, level
[18/08/2017 22:38:30] /addskill [ADM] EGGabriel, level
[18/08/2017 22:38:30] /addskill [ADM] EGGabriel, level
[18/08/2017 22:38:30] /addskill [ADM] EGGabriel, level
[18/08/2017 22:38:30] /addskill [ADM] EGGabriel, level
[18/08/2017 22:38:30] /addskill [ADM] EGGabriel, level
[18/08/2017 22:38:30] /addskill [ADM] EGGabriel, level
[18/08/2017 22:38:30] /addskill [ADM] EGGabriel, level
[18/08/2017 22:38:30] /addskill [ADM] EGGabriel, level
[18/08/2017 22:38:30] /addskill [ADM] EGGabriel, level
[18/08/2017 22:38:30] /addskill [ADM] EGGabriel, level
[18/08/2017 22:38:30] /addskill [ADM] EGGabriel, level
[18/08/2017 22:38:30] /addskill [ADM] EGGabriel, level
[18/08/2017 22:38:30] /addskill [ADM] EGGabriel, level
[18/08/2017 22:38:30] /addskill [ADM] EGGabriel, level
[18/08/2017 22:38:30] /addskill [ADM] EGGabriel, level
[18/08/2017 22:38:30] /addskill [ADM] EGGabriel, level
[18/08/2017 22:38:30] /addskill [ADM] EGGabriel, level
[18/08/2017 22:38:30] /addskill [ADM] EGGabriel, level
[18/08/2017 22:38:30] /addskill [ADM] EGGabriel, level
[18/08/2017 22:38:30] /addskill [ADM] EGGabriel, level
[18/08/2017 22:38:30] /addskill [ADM] EGGabriel, level
[18/08/2017 22:38:30] /addskill [ADM] EGGabriel, level
[18/08/2017 22:38:30] /addskill [ADM] EGGabriel, level
[18/08/2017 22:38:30] /addskill [ADM] EGGabriel, level
[18/08/2017 22:38:30] /addskill [ADM] EGGabriel, level
[18/08/2017 22:38:30] /addskill [ADM] EGGabriel, level
[18/08/2017 22:38:30] /addskill [ADM] EGGabriel, level
[18/08/2017 22:38:30] /addskill [ADM] EGGabriel, level
[18/08/2017 22:38:30] /addskill [ADM] EGGabriel, level
[18/08/2017 22:38:30] /addskill [ADM] EGGabriel, level
[18/08/2017 22:38:30] /addskill [ADM] EGGabriel, level
[18/08/2017 22:38:30] /addskill [ADM] EGGabriel, level
[18/08/2017 22:38:30] /addskill [ADM] EGGabriel, level
[18/08/2017 22:38:30] /addskill [ADM] EGGabriel, level
[18/08/2017 22:38:30] /addskill [ADM] EGGabriel, level
[18/08/2017 22:38:30] /addskill [ADM] EGGabriel, level
[18/08/2017 22:38:30] /addskill [ADM] EGGabriel, level
[18/08/2017 22:38:30] /addskill [ADM] EGGabriel, level
[18/08/2017 22:38:31] /addskill [ADM] EGGabriel, level
[18/08/2017 22:38:31] /addskill [ADM] EGGabriel, level
[18/08/2017 22:38:31] /addskill [ADM] EGGabriel, level
[18/08/2017 22:38:31] /addskill [ADM] EGGabriel, level
[18/08/2017 22:38:31] /addskill [ADM] EGGabriel, level
[18/08/2017 22:38:31] /addskill [ADM] EGGabriel, level
[18/08/2017 22:38:31] /addskill [ADM] EGGabriel, level
[18/08/2017 22:38:31] /addskill [ADM] EGGabriel, level
[18/08/2017 22:38:31] /addskill [ADM] EGGabriel, level
[18/08/2017 22:38:31] /addskill [ADM] EGGabriel, level
[18/08/2017 22:38:31] /addskill [ADM] EGGabriel, level
[18/08/2017 22:38:31] /addskill [ADM] EGGabriel, level
[18/08/2017 22:38:31] /addskill [ADM] EGGabriel, level
[18/08/2017 22:38:31] /addskill [ADM] EGGabriel, level
[18/08/2017 22:38:31] /addskill [ADM] EGGabriel, level
[18/08/2017 22:38:31] /addskill [ADM] EGGabriel, level
[18/08/2017 22:38:31] /addskill [ADM] EGGabriel, level
[18/08/2017 22:38:31] /addskill [ADM] EGGabriel, level
[18/08/2017 22:38:31] /addskill [ADM] EGGabriel, level
[18/08/2017 22:38:31] /addskill [ADM] EGGabriel, level
[18/08/2017 22:38:31] /addskill [ADM] EGGabriel, level
[18/08/2017 22:38:31] /addskill [ADM] EGGabriel, level
[18/08/2017 22:38:31] /addskill [ADM] EGGabriel, level
[18/08/2017 22:38:31] /addskill [ADM] EGGabriel, level
[18/08/2017 22:38:31] /addskill [ADM] EGGabriel, level
[18/08/2017 22:38:31] /addskill [ADM] EGGabriel, level
[18/08/2017 22:38:31] /addskill [ADM] EGGabriel, level
[18/08/2017 22:38:31] /addskill [ADM] EGGabriel, level
[18/08/2017 22:38:31] /addskill [ADM] EGGabriel, level
[18/08/2017 22:38:31] /addskill [ADM] EGGabriel, level
[18/08/2017 22:38:31] /addskill [ADM] EGGabriel, level
[18/08/2017 22:38:31] /addskill [ADM] EGGabriel, level
[18/08/2017 22:38:31] /addskill [ADM] EGGabriel, level
[18/08/2017 22:38:31] /addskill [ADM] EGGabriel, level
[18/08/2017 22:38:31] /addskill [ADM] EGGabriel, level
[18/08/2017 22:38:31] /addskill [ADM] EGGabriel, level
[18/08/2017 22:38:31] /addskill [ADM] EGGabriel, level
[18/08/2017 22:38:31] /addskill [ADM] EGGabriel, level
[18/08/2017 22:38:31] /addskill [ADM] EGGabriel, level
[18/08/2017 22:38:31] /addskill [ADM] EGGabriel, level
[18/08/2017 22:38:31] /addskill [ADM] EGGabriel, level
[18/08/2017 22:38:31] /addskill [ADM] EGGabriel, level
[18/08/2017 22:38:31] /addskill [ADM] EGGabriel, level
[18/08/2017 22:38:31] /addskill [ADM] EGGabriel, level
[18/08/2017 22:38:31] /addskill [ADM] EGGabriel, level
[18/08/2017 22:38:31] /addskill [ADM] EGGabriel, level
[18/08/2017 22:38:31] /addskill [ADM] EGGabriel, level
[18/08/2017 22:38:31] /addskill [ADM] EGGabriel, level
[18/08/2017 22:38:31] /addskill [ADM] EGGabriel, level
[18/08/2017 22:38:31] /addskill [ADM] EGGabriel, level
[18/08/2017 22:38:31] /addskill [ADM] EGGabriel, level
[18/08/2017 22:38:32] /addskill [ADM] EGGabriel, level
[18/08/2017 22:38:32] /addskill [ADM] EGGabriel, level
[18/08/2017 22:38:32] /addskill [ADM] EGGabriel, level
[18/08/2017 22:38:32] /addskill [ADM] EGGabriel, level
[18/08/2017 22:38:32] /addskill [ADM] EGGabriel, level
[18/08/2017 22:38:32] /addskill [ADM] EGGabriel, level
[18/08/2017 22:38:32] /addskill [ADM] EGGabriel, level
[18/08/2017 22:38:32] /addskill [ADM] EGGabriel, level
[18/08/2017 22:38:32] /addskill [ADM] EGGabriel, level
[18/08/2017 22:38:32] /addskill [ADM] EGGabriel, level
[18/08/2017 22:38:32] /addskill [ADM] EGGabriel, level
[18/08/2017 22:38:32] /addskill [ADM] EGGabriel, level
[18/08/2017 22:38:32] /addskill [ADM] EGGabriel, level
[18/08/2017 22:38:32] /addskill [ADM] EGGabriel, level
[18/08/2017 22:38:32] /addskill [ADM] EGGabriel, level
[18/08/2017 22:38:32] /addskill [ADM] EGGabriel, level
[18/08/2017 22:38:32] /addskill [ADM] EGGabriel, level
[18/08/2017 22:38:32] /addskill [ADM] EGGabriel, level
[18/08/2017 22:38:32] /addskill [ADM] EGGabriel, level
[18/08/2017 22:38:32] /addskill [ADM] EGGabriel, level
[18/08/2017 22:38:32] /addskill [ADM] EGGabriel, level
[18/08/2017 22:38:32] /addskill [ADM] EGGabriel, level
[18/08/2017 22:38:32] /addskill [ADM] EGGabriel, level
[18/08/2017 22:38:32] /addskill [ADM] EGGabriel, level
[18/08/2017 22:38:32] /addskill [ADM] EGGabriel, level
[18/08/2017 22:38:32] /addskill [ADM] EGGabriel, level
[18/08/2017 22:38:32] /addskill [ADM] EGGabriel, level
[18/08/2017 22:38:32] /addskill [ADM] EGGabriel, level
[18/08/2017 22:38:32] /addskill [ADM] EGGabriel, level
[18/08/2017 22:38:32] /addskill [ADM] EGGabriel, level
[18/08/2017 22:38:32] /addskill [ADM] EGGabriel, level
[18/08/2017 22:38:32] /addskill [ADM] EGGabriel, level
[18/08/2017 22:38:32] /addskill [ADM] EGGabriel, level
[18/08/2017 22:38:32] /addskill [ADM] EGGabriel, level
[18/08/2017 22:38:32] /addskill [ADM] EGGabriel, level
[18/08/2017 22:38:32] /addskill [ADM] EGGabriel, level
[18/08/2017 22:38:32] /addskill [ADM] EGGabriel, level
[18/08/2017 22:38:32] /addskill [ADM] EGGabriel, level
[18/08/2017 22:38:32] /addskill [ADM] EGGabriel, level
[18/08/2017 22:38:33] /addskill [ADM] EGGabriel, level
[18/08/2017 22:38:33] /addskill [ADM] EGGabriel, level
[18/08/2017 22:38:33] /addskill [ADM] EGGabriel, level
[18/08/2017 22:38:33] /addskill [ADM] EGGabriel, level
[18/08/2017 22:38:33] /addskill [ADM] EGGabriel, level
[18/08/2017 22:38:33] /addskill [ADM] EGGabriel, level
[18/08/2017 22:38:33] /addskill [ADM] EGGabriel, level
[18/08/2017 22:38:33] /addskill [ADM] EGGabriel, level
[18/08/2017 22:38:33] /addskill [ADM] EGGabriel, level
[18/08/2017 22:38:33] /addskill [ADM] EGGabriel, level
[18/08/2017 22:38:33] /addskill [ADM] EGGabriel, level
[18/08/2017 22:38:33] /addskill [ADM] EGGabriel, level
[18/08/2017 22:38:34] /addskill [ADM] EGGabriel, level
[18/08/2017 22:38:34] /addskill [ADM] EGGabriel, level
[18/08/2017 22:38:34] /addskill [ADM] EGGabriel, level
[18/08/2017 22:38:34] /addskill [ADM] EGGabriel, level
[18/08/2017 22:38:34] /addskill [ADM] EGGabriel, level
[18/08/2017 22:38:34] /addskill [ADM] EGGabriel, level
[18/08/2017 22:38:34] /addskill [ADM] EGGabriel, level
[18/08/2017 22:38:34] /addskill [ADM] EGGabriel, level
[18/08/2017 22:38:34] /addskill [ADM] EGGabriel, level
[18/08/2017 22:38:34] /addskill [ADM] EGGabriel, level
[18/08/2017 22:38:34] /addskill [ADM] EGGabriel, level
[18/08/2017 22:38:34] /addskill [ADM] EGGabriel, level
[18/08/2017 22:38:34] /addskill [ADM] EGGabriel, level
[18/08/2017 22:38:34] /addskill [ADM] EGGabriel, level
[18/08/2017 22:38:34] /addskill [ADM] EGGabriel, level
[18/08/2017 22:38:34] /addskill [ADM] EGGabriel, level
[18/08/2017 22:38:34] /addskill [ADM] EGGabriel, level
[18/08/2017 22:38:34] /addskill [ADM] EGGabriel, level
[18/08/2017 22:38:34] /addskill [ADM] EGGabriel, level
[18/08/2017 22:38:34] /addskill [ADM] EGGabriel, level
[18/08/2017 22:38:34] /addskill [ADM] EGGabriel, level
[18/08/2017 22:38:34] /addskill [ADM] EGGabriel, level
[18/08/2017 22:38:34] /addskill [ADM] EGGabriel, level
[18/08/2017 22:38:34] /addskill [ADM] EGGabriel, level
[18/08/2017 22:38:34] /addskill [ADM] EGGabriel, level
[18/08/2017 22:38:34] /addskill [ADM] EGGabriel, level
[18/08/2017 22:38:34] /addskill [ADM] EGGabriel, level
[18/08/2017 22:38:34] /addskill [ADM] EGGabriel, level
[18/08/2017 22:38:34] /addskill [ADM] EGGabriel, level
[18/08/2017 22:38:34] /addskill [ADM] EGGabriel, level
[18/08/2017 22:38:34] /addskill [ADM] EGGabriel, level
[18/08/2017 22:38:34] /addskill [ADM] EGGabriel, level
[18/08/2017 22:38:34] /addskill [ADM] EGGabriel, level
[18/08/2017 22:38:34] /addskill [ADM] EGGabriel, level
[18/08/2017 22:38:34] /addskill [ADM] EGGabriel, level
[18/08/2017 22:38:34] /addskill [ADM] EGGabriel, level
[18/08/2017 22:38:34] /addskill [ADM] EGGabriel, level
[18/08/2017 22:38:34] /addskill [ADM] EGGabriel, level
[18/08/2017 22:38:34] /addskill [ADM] EGGabriel, level
[18/08/2017 22:38:34] /addskill [ADM] EGGabriel, level
[18/08/2017 22:38:34] /addskill [ADM] EGGabriel, level
[18/08/2017 22:38:34] /addskill [ADM] EGGabriel, level
[18/08/2017 22:38:34] /addskill [ADM] EGGabriel, level
[18/08/2017 22:38:34] /addskill [ADM] EGGabriel, level
[18/08/2017 22:38:34] /addskill [ADM] EGGabriel, level
[18/08/2017 22:38:34] /addskill [ADM] EGGabriel, level
[18/08/2017 22:38:34] /addskill [ADM] EGGabriel, level
[18/08/2017 22:38:34] /addskill [ADM] EGGabriel, level
[18/08/2017 22:38:34] /addskill [ADM] EGGabriel, level
[18/08/2017 22:38:34] /addskill [ADM] EGGabriel, level
[18/08/2017 22:38:34] /addskill [ADM] EGGabriel, level
[18/08/2017 22:38:34] /addskill [ADM] EGGabriel, level
[18/08/2017 22:38:34] /addskill [ADM] EGGabriel, level
[18/08/2017 22:38:34] /addskill [ADM] EGGabriel, level
[18/08/2017 22:38:35] /addskill [ADM] EGGabriel, level
[18/08/2017 22:38:35] /addskill [ADM] EGGabriel, level
[18/08/2017 22:38:35] /addskill [ADM] EGGabriel, level
[18/08/2017 22:38:35] /addskill [ADM] EGGabriel, level
[18/08/2017 22:38:35] /addskill [ADM] EGGabriel, level
[18/08/2017 22:38:35] /addskill [ADM] EGGabriel, level
[18/08/2017 22:38:35] /addskill [ADM] EGGabriel, level
[18/08/2017 22:38:35] /addskill [ADM] EGGabriel, level
[18/08/2017 22:38:35] /addskill [ADM] EGGabriel, level
[18/08/2017 22:38:35] /addskill [ADM] EGGabriel, level
[18/08/2017 22:38:35] /addskill [ADM] EGGabriel, level
[18/08/2017 22:38:35] /addskill [ADM] EGGabriel, level
[18/08/2017 22:38:35] /addskill [ADM] EGGabriel, level
[18/08/2017 22:38:35] /addskill [ADM] EGGabriel, level
[18/08/2017 22:38:35] /addskill [ADM] EGGabriel, level
[18/08/2017 22:38:35] /addskill [ADM] EGGabriel, level
[18/08/2017 22:38:35] /addskill [ADM] EGGabriel, level
[18/08/2017 22:38:35] /addskill [ADM] EGGabriel, level
[18/08/2017 22:38:35] /addskill [ADM] EGGabriel, level
[18/08/2017 22:38:35] /addskill [ADM] EGGabriel, level
[18/08/2017 22:38:35] /addskill [ADM] EGGabriel, level
[18/08/2017 22:38:35] /addskill [ADM] EGGabriel, level
[18/08/2017 22:38:35] /addskill [ADM] EGGabriel, level
[18/08/2017 22:38:35] /addskill [ADM] EGGabriel, level
[18/08/2017 22:38:35] /addskill [ADM] EGGabriel, level
[18/08/2017 22:38:35] /addskill [ADM] EGGabriel, level
[18/08/2017 22:38:35] /addskill [ADM] EGGabriel, level
[18/08/2017 22:38:35] /addskill [ADM] EGGabriel, level
[18/08/2017 22:38:35] /addskill [ADM] EGGabriel, level
[18/08/2017 22:38:35] /addskill [ADM] EGGabriel, level
[18/08/2017 22:38:35] /addskill [ADM] EGGabriel, level
[18/08/2017 22:38:35] /addskill [ADM] EGGabriel, level
[18/08/2017 22:38:35] /addskill [ADM] EGGabriel, level
[18/08/2017 22:38:35] /addskill [ADM] EGGabriel, level
[18/08/2017 22:38:35] /addskill [ADM] EGGabriel, level
[18/08/2017 22:38:35] /addskill [ADM] EGGabriel, level
[18/08/2017 22:38:35] /addskill [ADM] EGGabriel, level
[18/08/2017 22:38:35] /addskill [ADM] EGGabriel, level
[18/08/2017 22:38:35] /addskill [ADM] EGGabriel, level
[18/08/2017 22:38:35] /addskill [ADM] EGGabriel, level
[18/08/2017 22:38:35] /addskill [ADM] EGGabriel, level
[18/08/2017 22:38:35] /addskill [ADM] EGGabriel, level
[18/08/2017 22:38:35] /addskill [ADM] EGGabriel, level
[18/08/2017 22:38:35] /addskill [ADM] EGGabriel, level
[18/08/2017 22:38:35] /addskill [ADM] EGGabriel, level
[18/08/2017 22:38:35] /addskill [ADM] EGGabriel, level
[18/08/2017 22:38:36] /addskill [ADM] EGGabriel, level
[18/08/2017 22:38:36] /addskill [ADM] EGGabriel, level
[18/08/2017 22:38:36] /addskill [ADM] EGGabriel, level
[18/08/2017 22:38:36] /addskill [ADM] EGGabriel, level
[18/08/2017 22:38:36] /addskill [ADM] EGGabriel, level
[18/08/2017 22:38:36] /addskill [ADM] EGGabriel, level
[18/08/2017 22:38:36] /addskill [ADM] EGGabriel, level
[18/08/2017 22:38:36] /addskill [ADM] EGGabriel, level
[18/08/2017 22:38:36] /addskill [ADM] EGGabriel, level
[18/08/2017 22:38:36] /addskill [ADM] EGGabriel, level
[18/08/2017 22:38:36] /addskill [ADM] EGGabriel, level
[18/08/2017 22:38:36] /addskill [ADM] EGGabriel, level
[18/08/2017 22:38:36] /addskill [ADM] EGGabriel, level
[18/08/2017 22:38:36] /addskill [ADM] EGGabriel, level
[18/08/2017 22:38:36] /addskill [ADM] EGGabriel, level
[18/08/2017 22:38:36] /addskill [ADM] EGGabriel, level
[18/08/2017 22:38:36] /addskill [ADM] EGGabriel, level
[18/08/2017 22:38:36] /addskill [ADM] EGGabriel, level
[18/08/2017 22:38:36] /addskill [ADM] EGGabriel, level
[18/08/2017 22:38:36] /addskill [ADM] EGGabriel, level
[18/08/2017 22:38:36] /addskill [ADM] EGGabriel, level
[18/08/2017 22:38:36] /addskill [ADM] EGGabriel, level
[18/08/2017 22:38:36] /addskill [ADM] EGGabriel, level
[18/08/2017 22:38:36] /addskill [ADM] EGGabriel, level
[18/08/2017 22:38:36] /addskill [ADM] EGGabriel, level
[18/08/2017 22:38:36] /addskill [ADM] EGGabriel, level
[18/08/2017 22:38:36] /addskill [ADM] EGGabriel, level
[18/08/2017 22:38:36] /addskill [ADM] EGGabriel, level
[18/08/2017 22:38:36] /addskill [ADM] EGGabriel, level
[18/08/2017 22:38:36] /addskill [ADM] EGGabriel, level
[18/08/2017 22:38:36] /addskill [ADM] EGGabriel, level
[18/08/2017 22:38:36] /addskill [ADM] EGGabriel, level
[18/08/2017 22:38:36] /addskill [ADM] EGGabriel, level
[18/08/2017 22:38:36] /addskill [ADM] EGGabriel, level
[18/08/2017 22:38:36] /addskill [ADM] EGGabriel, level
[18/08/2017 22:38:36] /addskill [ADM] EGGabriel, level
[18/08/2017 22:38:36] /addskill [ADM] EGGabriel, level
[18/08/2017 22:38:36] /addskill [ADM] EGGabriel, level
[18/08/2017 22:38:36] /addskill [ADM] EGGabriel, level
[18/08/2017 22:38:36] /addskill [ADM] EGGabriel, level
[18/08/2017 22:38:36] /addskill [ADM] EGGabriel, level
[18/08/2017 22:38:36] /addskill [ADM] EGGabriel, level
[18/08/2017 22:38:36] /addskill [ADM] EGGabriel, level
[18/08/2017 22:38:36] /addskill [ADM] EGGabriel, level
[18/08/2017 22:38:36] /addskill [ADM] EGGabriel, level
[18/08/2017 22:38:36] /addskill [ADM] EGGabriel, level
[18/08/2017 22:38:36] /addskill [ADM] EGGabriel, level
[18/08/2017 22:38:36] /addskill [ADM] EGGabriel, level
[18/08/2017 22:38:36] /addskill [ADM] EGGabriel, level
[18/08/2017 22:38:36] /addskill [ADM] EGGabriel, level
[18/08/2017 22:38:36] /addskill [ADM] EGGabriel, level
[18/08/2017 22:38:36] /addskill [ADM] EGGabriel, level
[18/08/2017 22:38:36] /addskill [ADM] EGGabriel, level
[18/08/2017 22:38:36] /addskill [ADM] EGGabriel, level
[18/08/2017 22:38:36] /addskill [ADM] EGGabriel, level
[18/08/2017 22:38:37] /addskill [ADM] EGGabriel, level
[18/08/2017 22:38:37] /addskill [ADM] EGGabriel, level
[18/08/2017 22:38:37] /addskill [ADM] EGGabriel, level
[18/08/2017 22:38:37] /addskill [ADM] EGGabriel, level
[18/08/2017 22:38:37] /addskill [ADM] EGGabriel, level
[18/08/2017 22:38:37] /addskill [ADM] EGGabriel, level
[18/08/2017 22:38:37] /addskill [ADM] EGGabriel, level
[18/08/2017 22:38:37] /addskill [ADM] EGGabriel, level
[18/08/2017 22:38:37] /addskill [ADM] EGGabriel, level
[18/08/2017 22:38:37] /addskill [ADM] EGGabriel, level
[18/08/2017 22:38:37] /addskill [ADM] EGGabriel, level
[18/08/2017 22:38:37] /addskill [ADM] EGGabriel, level
[18/08/2017 22:38:37] /addskill [ADM] EGGabriel, level
[18/08/2017 22:38:37] /addskill [ADM] EGGabriel, level
[18/08/2017 22:38:37] /addskill [ADM] EGGabriel, level
[18/08/2017 22:38:37] /addskill [ADM] EGGabriel, level
[18/08/2017 22:38:37] /addskill [ADM] EGGabriel, level
[18/08/2017 22:38:37] /addskill [ADM] EGGabriel, level
[18/08/2017 22:38:37] /addskill [ADM] EGGabriel, level
[18/08/2017 22:38:37] /addskill [ADM] EGGabriel, level
[18/08/2017 22:38:37] /addskill [ADM] EGGabriel, level
[18/08/2017 22:38:37] /addskill [ADM] EGGabriel, level
[18/08/2017 22:38:37] /addskill [ADM] EGGabriel, level
[18/08/2017 22:38:37] /addskill [ADM] EGGabriel, level
[18/08/2017 22:38:37] /addskill [ADM] EGGabriel, level
[18/08/2017 22:38:37] /addskill [ADM] EGGabriel, level
[18/08/2017 22:38:37] /addskill [ADM] EGGabriel, level
[18/08/2017 22:38:37] /addskill [ADM] EGGabriel, level
[18/08/2017 22:38:37] /addskill [ADM] EGGabriel, level
[18/08/2017 22:38:37] /addskill [ADM] EGGabriel, level
[18/08/2017 22:38:37] /addskill [ADM] EGGabriel, level
[18/08/2017 22:38:37] /addskill [ADM] EGGabriel, level
[18/08/2017 22:38:37] /addskill [ADM] EGGabriel, level
[18/08/2017 22:38:37] /addskill [ADM] EGGabriel, level
[18/08/2017 22:38:37] /addskill [ADM] EGGabriel, level
[18/08/2017 22:38:37] /addskill [ADM] EGGabriel, level
[18/08/2017 22:38:37] /addskill [ADM] EGGabriel, level
[18/08/2017 22:38:37] /addskill [ADM] EGGabriel, level
[18/08/2017 22:38:37] /addskill [ADM] EGGabriel, level
[18/08/2017 22:38:37] /addskill [ADM] EGGabriel, level
[18/08/2017 22:38:37] /addskill [ADM] EGGabriel, level
[18/08/2017 22:38:37] /addskill [ADM] EGGabriel, level
[18/08/2017 22:38:37] /addskill [ADM] EGGabriel, level
[18/08/2017 22:38:37] /addskill [ADM] EGGabriel, level
[18/08/2017 22:38:37] /addskill [ADM] EGGabriel, level
[18/08/2017 22:38:37] /addskill [ADM] EGGabriel, level
[18/08/2017 22:38:38] /addskill [ADM] EGGabriel, level
[18/08/2017 22:38:38] /addskill [ADM] EGGabriel, level
[18/08/2017 22:38:38] /addskill [ADM] EGGabriel, level
[18/08/2017 22:38:38] /addskill [ADM] EGGabriel, level
[18/08/2017 22:38:38] /addskill [ADM] EGGabriel, level
[18/08/2017 22:38:38] /addskill [ADM] EGGabriel, level
[18/08/2017 22:38:38] /addskill [ADM] EGGabriel, level
[18/08/2017 22:38:38] /addskill [ADM] EGGabriel, level
[18/08/2017 22:38:38] /addskill [ADM] EGGabriel, level
[18/08/2017 22:38:38] /addskill [ADM] EGGabriel, level
[18/08/2017 22:38:38] /addskill [ADM] EGGabriel, level
[18/08/2017 22:38:38] /addskill [ADM] EGGabriel, level
[18/08/2017 22:38:38] /addskill [ADM] EGGabriel, level
[18/08/2017 22:38:38] /addskill [ADM] EGGabriel, level
[18/08/2017 22:38:38] /addskill [ADM] EGGabriel, level
[18/08/2017 22:38:38] /addskill [ADM] EGGabriel, level
[18/08/2017 22:38:38] /addskill [ADM] EGGabriel, level
[18/08/2017 22:38:38] /addskill [ADM] EGGabriel, level
[18/08/2017 22:38:38] /addskill [ADM] EGGabriel, level
[18/08/2017 22:38:38] /addskill [ADM] EGGabriel, level
[18/08/2017 22:38:38] /addskill [ADM] EGGabriel, level
[18/08/2017 22:38:38] /addskill [ADM] EGGabriel, level
[18/08/2017 22:38:38] /addskill [ADM] EGGabriel, level
[18/08/2017 22:38:38] /addskill [ADM] EGGabriel, level
[18/08/2017 22:38:38] /addskill [ADM] EGGabriel, level
[18/08/2017 22:38:38] /addskill [ADM] EGGabriel, level
[18/08/2017 22:38:38] /addskill [ADM] EGGabriel, level
[18/08/2017 22:38:38] /addskill [ADM] EGGabriel, level
[18/08/2017 22:38:38] /addskill [ADM] EGGabriel, level
[18/08/2017 22:38:38] /addskill [ADM] EGGabriel, level
[18/08/2017 22:38:38] /addskill [ADM] EGGabriel, level
[18/08/2017 22:38:38] /addskill [ADM] EGGabriel, level
[18/08/2017 22:38:38] /addskill [ADM] EGGabriel, level
[18/08/2017 22:38:38] /addskill [ADM] EGGabriel, level
[18/08/2017 22:38:38] /addskill [ADM] EGGabriel, level
[18/08/2017 22:38:38] /addskill [ADM] EGGabriel, level
[18/08/2017 22:38:38] /addskill [ADM] EGGabriel, level
[18/08/2017 22:38:38] /addskill [ADM] EGGabriel, level
[18/08/2017 22:38:38] /addskill [ADM] EGGabriel, level
[18/08/2017 22:38:38] /addskill [ADM] EGGabriel, level
[18/08/2017 22:38:38] /addskill [ADM] EGGabriel, level
[18/08/2017 22:38:38] /addskill [ADM] EGGabriel, level
[18/08/2017 22:38:38] /addskill [ADM] EGGabriel, level
[18/08/2017 22:38:38] /addskill [ADM] EGGabriel, level
[18/08/2017 22:38:38] /addskill [ADM] EGGabriel, level
[18/08/2017 22:38:38] /addskill [ADM] EGGabriel, level
[18/08/2017 22:38:38] /addskill [ADM] EGGabriel, level
[18/08/2017 22:38:39] /addskill [ADM] EGGabriel, level
[18/08/2017 22:38:39] /addskill [ADM] EGGabriel, level
[18/08/2017 22:38:39] /addskill [ADM] EGGabriel, level
[18/08/2017 22:38:39] /addskill [ADM] EGGabriel, level
[18/08/2017 22:38:39] /addskill [ADM] EGGabriel, level
[18/08/2017 22:38:39] /addskill [ADM] EGGabriel, level
[18/08/2017 22:38:39] /addskill [ADM] EGGabriel, level
[18/08/2017 22:38:39] /addskill [ADM] EGGabriel, level
[18/08/2017 22:38:39] /addskill [ADM] EGGabriel, level
[18/08/2017 22:38:39] /addskill [ADM] EGGabriel, level
[18/08/2017 22:38:39] /addskill [ADM] EGGabriel, level
[18/08/2017 22:38:39] /addskill [ADM] EGGabriel, level
[18/08/2017 22:38:39] /addskill [ADM] EGGabriel, level
[18/08/2017 22:38:39] /addskill [ADM] EGGabriel, level
[18/08/2017 22:38:39] /addskill [ADM] EGGabriel, level
[18/08/2017 22:38:39] /addskill [ADM] EGGabriel, level
[18/08/2017 22:38:39] /addskill [ADM] EGGabriel, level
[18/08/2017 22:38:39] /addskill [ADM] EGGabriel, level
[18/08/2017 22:38:39] /addskill [ADM] EGGabriel, level
[18/08/2017 22:38:39] /addskill [ADM] EGGabriel, level
[18/08/2017 22:38:39] /addskill [ADM] EGGabriel, level
[18/08/2017 22:38:39] /addskill [ADM] EGGabriel, level
[18/08/2017 22:38:39] /addskill [ADM] EGGabriel, level
[18/08/2017 22:38:39] /addskill [ADM] EGGabriel, level
[18/08/2017 22:38:39] /addskill [ADM] EGGabriel, level
[18/08/2017 22:38:39] /addskill [ADM] EGGabriel, level
[18/08/2017 22:38:39] /addskill [ADM] EGGabriel, level
[18/08/2017 22:38:39] /addskill [ADM] EGGabriel, level
[18/08/2017 22:38:39] /addskill [ADM] EGGabriel, level
[18/08/2017 22:38:39] /addskill [ADM] EGGabriel, level
[18/08/2017 22:38:39] /addskill [ADM] EGGabriel, level
[18/08/2017 22:38:39] /addskill [ADM] EGGabriel, level
[18/08/2017 22:38:39] /addskill [ADM] EGGabriel, level
[18/08/2017 22:38:39] /addskill [ADM] EGGabriel, level
[18/08/2017 22:38:39] /addskill [ADM] EGGabriel, level
[18/08/2017 22:38:39] /addskill [ADM] EGGabriel, level
[18/08/2017 22:38:39] /addskill [ADM] EGGabriel, level
[18/08/2017 22:38:39] /addskill [ADM] EGGabriel, level
[18/08/2017 22:38:39] /addskill [ADM] EGGabriel, level
[18/08/2017 22:38:39] /addskill [ADM] EGGabriel, level
[18/08/2017 22:38:39] /addskill [ADM] EGGabriel, level
[18/08/2017 22:38:39] /addskill [ADM] EGGabriel, level
[18/08/2017 22:38:39] /addskill [ADM] EGGabriel, level
[18/08/2017 22:38:39] /addskill [ADM] EGGabriel, level
[18/08/2017 22:38:39] /addskill [ADM] EGGabriel, level
[18/08/2017 22:38:39] /addskill [ADM] EGGabriel, level
[18/08/2017 22:38:39] /addskill [ADM] EGGabriel, level
[18/08/2017 22:38:39] /addskill [ADM] EGGabriel, level
[18/08/2017 22:38:39] /addskill [ADM] EGGabriel, level
[18/08/2017 22:38:39] /addskill [ADM] EGGabriel, level
[18/08/2017 22:38:39] /addskill [ADM] EGGabriel, level
[18/08/2017 22:38:40] /addskill [ADM] EGGabriel, level
[18/08/2017 22:38:40] /addskill [ADM] EGGabriel, level
[18/08/2017 22:38:40] /addskill [ADM] EGGabriel, level
[18/08/2017 22:38:40] /addskill [ADM] EGGabriel, level
[18/08/2017 22:38:40] /addskill [ADM] EGGabriel, level
[18/08/2017 22:38:40] /addskill [ADM] EGGabriel, level
[18/08/2017 22:38:40] /addskill [ADM] EGGabriel, level
[18/08/2017 22:38:40] /addskill [ADM] EGGabriel, level
[18/08/2017 22:38:40] /addskill [ADM] EGGabriel, level
[18/08/2017 22:38:40] /addskill [ADM] EGGabriel, level
[18/08/2017 22:38:40] /addskill [ADM] EGGabriel, level
[18/08/2017 22:38:40] /addskill [ADM] EGGabriel, level
[18/08/2017 22:38:40] /addskill [ADM] EGGabriel, level
[18/08/2017 22:38:40] /addskill [ADM] EGGabriel, level
[18/08/2017 22:38:40] /addskill [ADM] EGGabriel, level
[18/08/2017 22:38:40] /addskill [ADM] EGGabriel, level
[18/08/2017 22:38:40] /addskill [ADM] EGGabriel, level
[18/08/2017 22:38:40] /addskill [ADM] EGGabriel, level
[18/08/2017 22:38:40] /addskill [ADM] EGGabriel, level
[18/08/2017 22:38:40] /addskill [ADM] EGGabriel, level
[18/08/2017 22:38:40] /addskill [ADM] EGGabriel, level
[18/08/2017 22:38:40] /addskill [ADM] EGGabriel, level
[18/08/2017 22:38:40] /addskill [ADM] EGGabriel, level
[18/08/2017 22:38:40] /addskill [ADM] EGGabriel, level
[18/08/2017 22:38:40] /addskill [ADM] EGGabriel, level
[18/08/2017 22:38:40] /addskill [ADM] EGGabriel, level
[18/08/2017 22:38:40] /addskill [ADM] EGGabriel, level
[18/08/2017 22:38:40] /addskill [ADM] EGGabriel, level
[18/08/2017 22:38:40] /addskill [ADM] EGGabriel, level
[18/08/2017 22:38:40] /addskill [ADM] EGGabriel, level
[18/08/2017 22:38:40] /addskill [ADM] EGGabriel, level
[18/08/2017 22:38:40] /addskill [ADM] EGGabriel, level
[18/08/2017 22:38:40] /addskill [ADM] EGGabriel, level
[18/08/2017 22:38:40] /addskill [ADM] EGGabriel, level
[18/08/2017 22:38:40] /addskill [ADM] EGGabriel, level
[18/08/2017 22:38:40] /addskill [ADM] EGGabriel, level
[18/08/2017 22:38:40] /addskill [ADM] EGGabriel, level
[18/08/2017 22:38:40] /addskill [ADM] EGGabriel, level
[18/08/2017 22:38:40] /addskill [ADM] EGGabriel, level
[18/08/2017 22:38:40] /addskill [ADM] EGGabriel, level
[18/08/2017 22:38:40] /addskill [ADM] EGGabriel, level
[18/08/2017 22:38:40] /addskill [ADM] EGGabriel, level
[18/08/2017 22:38:40] /addskill [ADM] EGGabriel, level
[18/08/2017 22:38:40] /addskill [ADM] EGGabriel, level
[18/08/2017 22:38:40] /addskill [ADM] EGGabriel, level
[18/08/2017 22:38:40] /addskill [ADM] EGGabriel, level
[18/08/2017 22:38:40] /addskill [ADM] EGGabriel, level
[18/08/2017 22:38:40] /addskill [ADM] EGGabriel, level
[18/08/2017 22:38:40] /addskill [ADM] EGGabriel, level
[18/08/2017 22:38:40] /addskill [ADM] EGGabriel, level
[18/08/2017 22:38:40] /addskill [ADM] EGGabriel, level
[18/08/2017 22:38:40] /addskill [ADM] EGGabriel, level
[18/08/2017 22:38:40] /addskill [ADM] EGGabriel, level
[18/08/2017 22:38:40] /addskill [ADM] EGGabriel, level
[18/08/2017 22:38:40] /addskill [ADM] EGGabriel, level
[18/08/2017 22:38:40] /addskill [ADM] EGGabriel, level
[18/08/2017 22:38:40] /addskill [ADM] EGGabriel, level
[18/08/2017 22:38:40] /addskill [ADM] EGGabriel, level
[18/08/2017 22:38:41] /addskill [ADM] EGGabriel, level
[18/08/2017 22:38:41] /addskill [ADM] EGGabriel, level
[18/08/2017 22:38:41] /addskill [ADM] EGGabriel, level
[18/08/2017 22:38:41] /addskill [ADM] EGGabriel, level
[18/08/2017 22:38:41] /addskill [ADM] EGGabriel, level
[18/08/2017 22:38:41] /addskill [ADM] EGGabriel, level
[18/08/2017 22:38:41] /addskill [ADM] EGGabriel, level
[18/08/2017 22:38:41] /addskill [ADM] EGGabriel, level
[18/08/2017 22:38:41] /addskill [ADM] EGGabriel, level
[18/08/2017 22:38:41] /addskill [ADM] EGGabriel, level
[18/08/2017 22:38:41] /addskill [ADM] EGGabriel, level
[18/08/2017 22:38:41] /addskill [ADM] EGGabriel, level
[18/08/2017 22:38:41] /addskill [ADM] EGGabriel, level
[18/08/2017 22:38:41] /addskill [ADM] EGGabriel, level
[18/08/2017 22:38:41] /addskill [ADM] EGGabriel, level
[18/08/2017 22:38:41] /addskill [ADM] EGGabriel, level
[18/08/2017 22:38:41] /addskill [ADM] EGGabriel, level
[18/08/2017 22:38:41] /addskill [ADM] EGGabriel, level
[18/08/2017 22:38:41] /addskill [ADM] EGGabriel, level
[18/08/2017 22:38:41] /addskill [ADM] EGGabriel, level
[18/08/2017 22:38:41] /addskill [ADM] EGGabriel, level
[18/08/2017 22:38:41] /addskill [ADM] EGGabriel, level
[18/08/2017 22:38:41] /addskill [ADM] EGGabriel, level
[18/08/2017 22:38:41] /addskill [ADM] EGGabriel, level
[18/08/2017 22:38:41] /addskill [ADM] EGGabriel, level
[18/08/2017 22:38:41] /addskill [ADM] EGGabriel, level
[18/08/2017 22:38:41] /addskill [ADM] EGGabriel, level
[18/08/2017 22:38:41] /addskill [ADM] EGGabriel, level
[18/08/2017 22:38:41] /addskill [ADM] EGGabriel, level
[18/08/2017 22:38:41] /addskill [ADM] EGGabriel, level
[18/08/2017 22:38:41] /addskill [ADM] EGGabriel, level
[18/08/2017 22:38:41] /addskill [ADM] EGGabriel, level
[18/08/2017 22:38:41] /addskill [ADM] EGGabriel, level
[18/08/2017 22:38:41] /addskill [ADM] EGGabriel, level
[18/08/2017 22:38:41] /addskill [ADM] EGGabriel, level
[18/08/2017 22:38:41] /addskill [ADM] EGGabriel, level
[18/08/2017 22:38:41] /addskill [ADM] EGGabriel, level
[18/08/2017 22:38:41] /addskill [ADM] EGGabriel, level
[18/08/2017 22:38:41] /addskill [ADM] EGGabriel, level
[18/08/2017 22:38:41] /addskill [ADM] EGGabriel, level
[18/08/2017 22:38:41] /addskill [ADM] EGGabriel, level
[18/08/2017 22:38:41] /addskill [ADM] EGGabriel, level
[18/08/2017 22:38:41] /addskill [ADM] EGGabriel, level
[18/08/2017 22:38:42] /addskill [ADM] EGGabriel, level
[18/08/2017 22:38:42] /addskill [ADM] EGGabriel, level
[18/08/2017 22:38:42] /addskill [ADM] EGGabriel, level
[18/08/2017 22:38:42] /addskill [ADM] EGGabriel, level
[18/08/2017 22:38:42] /addskill [ADM] EGGabriel, level
[18/08/2017 22:38:42] /addskill [ADM] EGGabriel, level
[18/08/2017 22:38:42] /addskill [ADM] EGGabriel, level
[18/08/2017 22:38:42] /addskill [ADM] EGGabriel, level
[18/08/2017 22:38:42] /addskill [ADM] EGGabriel, level
[18/08/2017 22:38:42] /addskill [ADM] EGGabriel, level
[18/08/2017 22:38:42] /addskill [ADM] EGGabriel, level
[18/08/2017 22:38:42] /addskill [ADM] EGGabriel, level
[18/08/2017 22:38:42] /addskill [ADM] EGGabriel, level
[18/08/2017 22:38:42] /addskill [ADM] EGGabriel, level
[18/08/2017 22:38:43] /addskill [ADM] EGGabriel, level
[18/08/2017 22:38:43] /addskill [ADM] EGGabriel, level
[18/08/2017 22:38:43] /addskill [ADM] EGGabriel, level
[18/08/2017 22:38:43] /addskill [ADM] EGGabriel, level
[18/08/2017 22:38:43] /addskill [ADM] EGGabriel, level
[18/08/2017 22:38:43] /addskill [ADM] EGGabriel, level
[18/08/2017 22:38:43] /addskill [ADM] EGGabriel, level
[18/08/2017 22:38:43] /addskill [ADM] EGGabriel, level
[18/08/2017 22:38:43] /addskill [ADM] EGGabriel, level
[18/08/2017 22:38:43] /addskill [ADM] EGGabriel, level
[18/08/2017 22:38:43] /addskill [ADM] EGGabriel, level
[18/08/2017 22:38:44] /addskill [ADM] EGGabriel, level
[18/08/2017 22:38:44] /addskill [ADM] EGGabriel, level
[18/08/2017 22:38:44] /addskill [ADM] EGGabriel, level
[18/08/2017 22:38:44] /addskill [ADM] EGGabriel, level
[18/08/2017 22:38:45] /addskill [ADM] EGGabriel, level
[18/08/2017 22:38:45] /addskill [ADM] EGGabriel, level
[18/08/2017 22:38:45] /addskill [ADM] EGGabriel, level
[18/08/2017 22:38:45] /addskill [ADM] EGGabriel, level
[18/08/2017 22:38:45] /addskill [ADM] EGGabriel, level
[18/08/2017 22:38:46] /addskill [ADM] EGGabriel, level
[18/08/2017 22:38:46] /addskill [ADM] EGGabriel, level
[18/08/2017 22:38:46] /addskill [ADM] EGGabriel, level
[18/08/2017 22:38:46] /addskill [ADM] EGGabriel, level
[18/08/2017 22:38:47] /addskill [ADM] EGGabriel, level
[18/08/2017 22:38:47] /addskill [ADM] EGGabriel, level
[18/08/2017 22:38:47] /addskill [ADM] EGGabriel, level
[18/08/2017 22:38:47] /addskill [ADM] EGGabriel, level
[18/08/2017 22:38:47] /addskill [ADM] EGGabriel, level
[18/08/2017 22:38:48] /addskill [ADM] EGGabriel, level
[18/08/2017 22:38:50] /addskill [ADM] EGGabriel, level
[18/08/2017 22:38:50] /addskill [ADM] EGGabriel, level
[18/08/2017 22:38:50] /addskill [ADM] EGGabriel, level
[18/08/2017 22:38:50] /addskill [ADM] EGGabriel, level
[18/08/2017 22:38:50] /addskill [ADM] EGGabriel, level
[18/08/2017 22:38:51] /addskill [ADM] EGGabriel, level
[18/08/2017 22:38:51] /addskill [ADM] EGGabriel, level
[18/08/2017 22:38:51] /addskill [ADM] EGGabriel, level
[18/08/2017 22:38:51] /addskill [ADM] EGGabriel, level
[18/08/2017 22:38:51] /addskill [ADM] EGGabriel, level
[18/08/2017 22:38:51] /addskill [ADM] EGGabriel, level
[18/08/2017 22:38:52] /addskill [ADM] EGGabriel, level
[18/08/2017 22:38:52] /addskill [ADM] EGGabriel, level
[18/08/2017 22:38:52] /addskill [ADM] EGGabriel, level
[18/08/2017 22:38:53] /addskill [ADM] EGGabriel, level
[18/08/2017 22:38:53] /addskill [ADM] EGGabriel, level
[18/08/2017 22:38:53] /addskill [ADM] EGGabriel, level
[18/08/2017 22:39:02] /m diablo
[18/08/2017 22:46:33] /i 1387
[18/08/2017 22:46:44] /attr position 404 685 12
[18/08/2017 22:46:52] /i 1387
[18/08/2017 22:47:50] /i 1945
[18/08/2017 22:47:55] /i 1946
[18/08/2017 22:48:20] /attr unique 1008
[18/08/2017 22:49:17] /a
[18/08/2017 22:49:21] /a
[18/08/2017 22:49:43] /i 1945
[18/08/2017 22:49:48] /attr unique 1008
[18/08/2017 22:50:01] /reload actions
[18/08/2017 22:50:10] /reload actions
[18/08/2017 22:50:21] /reload actions
[18/08/2017 22:50:30] /reload actions
[18/08/2017 22:50:39] /reload actions
[18/08/2017 22:50:48] /reload actions
[18/08/2017 22:53:41] /reload actions
[18/08/2017 22:53:52] /r
[18/08/2017 22:53:53] /r
[18/08/2017 22:53:53] /r
[18/08/2017 22:53:54] /r
[18/08/2017 22:53:54] /r
[18/08/2017 22:53:54] /r
[18/08/2017 22:53:55] /r
[18/08/2017 22:53:55] /r
[18/08/2017 22:53:56] /r
[18/08/2017 22:53:56] /r
[18/08/2017 22:54:46] /reload actions
[18/08/2017 22:55:52] /reload actions
[18/08/2017 22:55:53] /r
[18/08/2017 22:55:54] /r
[18/08/2017 22:55:54] /r
[18/08/2017 22:55:58] /r
[18/08/2017 22:55:59] /r
[18/08/2017 22:56:03] /r
[18/08/2017 22:56:03] /r
[18/08/2017 22:56:04] /r
[18/08/2017 22:56:30] /reload actions
[18/08/2017 22:56:33] /r
[18/08/2017 22:56:34] /r
[18/08/2017 22:56:50] /reload actions
[18/08/2017 22:56:53] /r
[18/08/2017 22:56:53] /r
[18/08/2017 22:56:54] /r
[18/08/2017 22:57:20] /reload actions
[18/08/2017 22:57:21] /r
[18/08/2017 22:59:22] /r
[18/08/2017 22:59:24] /r
[18/08/2017 22:59:26] /r
[18/08/2017 22:59:28] /r
[18/08/2017 22:59:36] /t
[18/08/2017 22:59:38] /r
