[10/11/2017 21:04:24] /a
[10/11/2017 21:04:30] /i 407
[10/11/2017 21:04:38] /i 407
[10/11/2017 21:04:39] /a
[10/11/2017 21:04:39] /i 407
[10/11/2017 21:04:41] /a
[10/11/2017 21:04:41] /i 407
[10/11/2017 21:04:41] /a
[10/11/2017 21:04:41] /i 407
[10/11/2017 21:04:41] /a
[10/11/2017 21:04:41] /a
[10/11/2017 21:04:41] /a
[10/11/2017 21:04:41] /i 407
[10/11/2017 21:04:41] /i 407
[10/11/2017 21:04:41] /a
[10/11/2017 21:04:41] /i 407
[10/11/2017 21:04:41] /a
[10/11/2017 21:04:41] /a
[10/11/2017 21:04:41] /a
[10/11/2017 21:04:41] /a
[10/11/2017 21:04:41] /i 407
[10/11/2017 21:04:42] /i 407
[10/11/2017 21:04:42] /a
[10/11/2017 21:04:42] /i 407
[10/11/2017 21:04:42] /a
[10/11/2017 21:04:42] /a
[10/11/2017 21:04:42] /i 407
[10/11/2017 21:04:43] /a
[10/11/2017 21:04:43] /i 407
[10/11/2017 21:04:43] /i 407
[10/11/2017 21:04:44] /a
[10/11/2017 21:04:44] /i 407
[10/11/2017 21:04:44] /a
[10/11/2017 21:04:44] /a
[10/11/2017 21:04:44] /a
[10/11/2017 21:04:44] /a
[10/11/2017 21:04:44] /a
[10/11/2017 21:04:44] /a
[10/11/2017 21:04:44] /i 407
[10/11/2017 21:04:44] /a
[10/11/2017 21:04:44] /a
[10/11/2017 21:04:44] /a
[10/11/2017 21:04:44] /i 407
[10/11/2017 21:04:44] /a
[10/11/2017 21:04:44] /a
[10/11/2017 21:04:44] /a
[10/11/2017 21:04:45] /a
[10/11/2017 21:04:46] /a
[10/11/2017 21:04:46] /a
[10/11/2017 21:04:46] /a
[10/11/2017 21:04:47] /i 407
[10/11/2017 21:04:47] /a
[10/11/2017 21:04:48] /i 407
[10/11/2017 21:04:49] /a
[10/11/2017 21:04:49] /i 407
[10/11/2017 21:04:49] /i 407
[10/11/2017 21:04:49] /i 407
[10/11/2017 21:04:49] /i 407
[10/11/2017 21:04:50] /i 407
[10/11/2017 21:04:50] /i 407
[10/11/2017 21:04:50] /i 407
[10/11/2017 21:04:50] /i 407
[10/11/2017 21:04:50] /i 407
[10/11/2017 21:04:50] /i 407
[10/11/2017 21:04:50] /a
[10/11/2017 21:04:50] /a
[10/11/2017 21:04:50] /i 407
[10/11/2017 21:04:51] /i 407
[10/11/2017 21:04:51] /i 407
[10/11/2017 21:04:51] /i 407
[10/11/2017 21:04:51] /a
[10/11/2017 21:04:51] /i 407
[10/11/2017 21:04:51] /i 407
[10/11/2017 21:04:51] /a
[10/11/2017 21:04:51] /i 407
[10/11/2017 21:04:51] /i 407
[10/11/2017 21:04:52] /i 407
[10/11/2017 21:04:52] /i 407
[10/11/2017 21:04:52] /i 407
[10/11/2017 21:04:52] /a
[10/11/2017 21:04:53] /i 407
[10/11/2017 21:04:53] /a
[10/11/2017 21:04:53] /i 407
[10/11/2017 21:04:53] /i 407
[10/11/2017 21:04:53] /i 407
[10/11/2017 21:04:53] /a
[10/11/2017 21:04:53] /i 407
[10/11/2017 21:04:53] /a
[10/11/2017 21:04:53] /a
[10/11/2017 21:04:53] /a
[10/11/2017 21:04:53] /a
[10/11/2017 21:04:53] /i 407
[10/11/2017 21:04:53] /a
[10/11/2017 21:04:53] /a
[10/11/2017 21:04:54] /a
[10/11/2017 21:04:54] /i 407
[10/11/2017 21:04:54] /i 407
[10/11/2017 21:04:54] /a
[10/11/2017 21:04:55] /i 407
[10/11/2017 21:04:55] /a
[10/11/2017 21:04:55] /i 407
[10/11/2017 21:04:56] /a
[10/11/2017 21:04:56] /i 407
[10/11/2017 21:04:56] /a
[10/11/2017 21:04:56] /i 407
[10/11/2017 21:04:57] /a
[10/11/2017 21:04:57] /i 407
[10/11/2017 21:04:57] /i 407
[10/11/2017 21:04:57] /a
[10/11/2017 21:04:57] /i 407
[10/11/2017 21:05:00] /r
[10/11/2017 21:05:01] /r
[10/11/2017 21:05:06] /a
[10/11/2017 21:05:07] /i 407
[10/11/2017 21:05:07] /a
[10/11/2017 21:05:08] /i 407
[10/11/2017 21:05:08] /a
[10/11/2017 21:05:08] /a
[10/11/2017 21:05:08] /i 407
[10/11/2017 21:05:09] /a
[10/11/2017 21:05:09] /i 407
[10/11/2017 21:05:10] /a
[10/11/2017 21:05:10] /i 407
[10/11/2017 21:05:11] /a
[10/11/2017 21:05:11] /a
[10/11/2017 21:05:11] /i 407
[10/11/2017 21:05:11] /i 407
[10/11/2017 21:05:11] /a
[10/11/2017 21:05:11] /a
[10/11/2017 21:05:11] /i 407
[10/11/2017 21:05:11] /a
[10/11/2017 21:05:12] /i 407
[10/11/2017 21:05:12] /a
[10/11/2017 21:05:12] /i 407
[10/11/2017 21:05:12] /a
[10/11/2017 21:05:12] /i 407
[10/11/2017 21:05:13] /a
[10/11/2017 21:05:13] /a
[10/11/2017 21:05:13] /a
[10/11/2017 21:05:14] /a
[10/11/2017 21:05:14] /i 407
[10/11/2017 21:05:14] /a
[10/11/2017 21:05:14] /i 407
[10/11/2017 21:05:14] /a
[10/11/2017 21:05:15] /i 407
[10/11/2017 21:05:15] /i 407
[10/11/2017 21:05:15] /a
[10/11/2017 21:05:15] /a
[10/11/2017 21:05:15] /i 407
[10/11/2017 21:05:16] /a
[10/11/2017 21:05:16] /i 407
[10/11/2017 21:05:16] /a
[10/11/2017 21:05:17] /a
[10/11/2017 21:05:17] /a
[10/11/2017 21:05:17] /i 407
[10/11/2017 21:05:17] /i 407
[10/11/2017 21:05:17] /i 407
[10/11/2017 21:05:18] /a
[10/11/2017 21:05:18] /i 407
[10/11/2017 21:05:19] /i 407
[10/11/2017 21:05:19] /i 407
[10/11/2017 21:05:19] /i 407
[10/11/2017 21:05:19] /a
[10/11/2017 21:05:19] /i 407
[10/11/2017 21:05:20] /i 407
[10/11/2017 21:05:20] /a
[10/11/2017 21:05:20] /a
[10/11/2017 21:05:20] /a
[10/11/2017 21:05:20] /a
[10/11/2017 21:05:20] /i 407
[10/11/2017 21:05:20] /i 407
[10/11/2017 21:05:20] /a
[10/11/2017 21:05:20] /a
[10/11/2017 21:05:20] /i 407
[10/11/2017 21:05:20] /i 407
[10/11/2017 21:05:20] /a
[10/11/2017 21:05:20] /a
[10/11/2017 21:05:20] /a
[10/11/2017 21:05:20] /i 407
[10/11/2017 21:05:20] /i 407
[10/11/2017 21:05:20] /a
[10/11/2017 21:05:20] /a
[10/11/2017 21:05:20] /a
[10/11/2017 21:05:20] /a
[10/11/2017 21:05:20] /i 407
[10/11/2017 21:05:20] /i 407
[10/11/2017 21:05:20] /a
[10/11/2017 21:05:21] /i 407
[10/11/2017 21:05:21] /i 407
[10/11/2017 21:05:21] /i 407
[10/11/2017 21:05:21] /i 407
[10/11/2017 21:05:21] /a
[10/11/2017 21:05:22] /a
[10/11/2017 21:05:22] /a
[10/11/2017 21:05:22] /i 407
[10/11/2017 21:05:22] /i 407
[10/11/2017 21:05:22] /a
[10/11/2017 21:05:22] /a
[10/11/2017 21:05:22] /i 407
[10/11/2017 21:05:22] /i 407
[10/11/2017 21:05:22] /a
[10/11/2017 21:05:22] /a
[10/11/2017 21:05:22] /a
[10/11/2017 21:05:22] /i 407
[10/11/2017 21:05:22] /i 407
[10/11/2017 21:05:22] /a
[10/11/2017 21:05:23] /i 407
[10/11/2017 21:05:23] /a
[10/11/2017 21:05:23] /a
[10/11/2017 21:05:23] /a
[10/11/2017 21:05:23] /i 407
[10/11/2017 21:05:23] /a
[10/11/2017 21:05:23] /a
[10/11/2017 21:05:23] /a
[10/11/2017 21:05:23] /i 407
[10/11/2017 21:05:24] /i 407
[10/11/2017 21:05:24] /a
[10/11/2017 21:05:24] /a
[10/11/2017 21:05:24] /i 407
[10/11/2017 21:05:24] /i 407
[10/11/2017 21:05:24] /a
[10/11/2017 21:05:24] /a
[10/11/2017 21:05:24] /a
[10/11/2017 21:05:24] /i 407
[10/11/2017 21:05:24] /i 407
[10/11/2017 21:05:24] /a
[10/11/2017 21:05:24] /a
[10/11/2017 21:05:24] /a
[10/11/2017 21:05:24] /i 407
[10/11/2017 21:05:24] /a
[10/11/2017 21:05:24] /a
[10/11/2017 21:05:24] /i 407
[10/11/2017 21:05:24] /a
[10/11/2017 21:05:24] /a
[10/11/2017 21:05:24] /a
[10/11/2017 21:05:25] /i 407
[10/11/2017 21:05:25] /a
[10/11/2017 21:05:25] /a
[10/11/2017 21:05:25] /a
[10/11/2017 21:05:25] /a
[10/11/2017 21:05:25] /i 407
[10/11/2017 21:05:25] /i 407
[10/11/2017 21:05:25] /a
[10/11/2017 21:05:25] /a
[10/11/2017 21:05:25] /a
[10/11/2017 21:05:25] /i 407
[10/11/2017 21:05:25] /i 407
[10/11/2017 21:05:25] /a
[10/11/2017 21:05:26] /a
[10/11/2017 21:05:26] /i 407
[10/11/2017 21:05:26] /i 407
[10/11/2017 21:05:26] /a
[10/11/2017 21:05:26] /a
[10/11/2017 21:05:26] /a
[10/11/2017 21:05:26] /i 407
[10/11/2017 21:05:26] /i 407
[10/11/2017 21:05:26] /a
[10/11/2017 21:05:26] /i 407
[10/11/2017 21:05:26] /i 407
[10/11/2017 21:05:27] /i 407
[10/11/2017 21:05:27] /i 407
[10/11/2017 21:05:27] /i 407
[10/11/2017 21:05:27] /i 407
[10/11/2017 21:05:27] /i 407
[10/11/2017 21:05:27] /i 407
[10/11/2017 21:05:27] /i 407
[10/11/2017 21:05:27] /i 407
[10/11/2017 21:05:27] /i 407
[10/11/2017 21:05:27] /i 407
[10/11/2017 21:05:27] /i 407
[10/11/2017 21:05:27] /a
[10/11/2017 21:05:27] /a
[10/11/2017 21:05:27] /a
[10/11/2017 21:05:27] /i 407
[10/11/2017 21:05:27] /i 407
[10/11/2017 21:05:27] /a
[10/11/2017 21:05:27] /a
[10/11/2017 21:05:27] /a
[10/11/2017 21:05:27] /i 407
[10/11/2017 21:05:27] /i 407
[10/11/2017 21:05:27] /i 407
[10/11/2017 21:05:27] /i 407
[10/11/2017 21:05:27] /a
[10/11/2017 21:05:28] /a
[10/11/2017 21:05:28] /a
[10/11/2017 21:05:28] /i 407
[10/11/2017 21:05:28] /i 407
[10/11/2017 21:05:28] /i 407
[10/11/2017 21:05:28] /a
[10/11/2017 21:05:28] /i 407
[10/11/2017 21:05:28] /i 407
[10/11/2017 21:05:28] /a
[10/11/2017 21:05:28] /a
[10/11/2017 21:05:29] /i 407
[10/11/2017 21:05:29] /i 407
[10/11/2017 21:05:29] /i 407
[10/11/2017 21:05:29] /i 407
[10/11/2017 21:05:29] /i 407
[10/11/2017 21:05:29] /i 407
[10/11/2017 21:05:29] /i 407
[10/11/2017 21:05:30] /i 407
[10/11/2017 21:05:30] /i 407
[10/11/2017 21:05:30] /a
[10/11/2017 21:05:30] /a
[10/11/2017 21:05:30] /i 407
[10/11/2017 21:05:30] /i 407
[10/11/2017 21:05:30] /a
[10/11/2017 21:05:30] /a
[10/11/2017 21:05:30] /a
[10/11/2017 21:05:30] /i 407
[10/11/2017 21:05:30] /a
[10/11/2017 21:05:30] /a
[10/11/2017 21:05:30] /a
[10/11/2017 21:05:30] /a
[10/11/2017 21:05:30] /i 407
[10/11/2017 21:05:30] /a
[10/11/2017 21:05:31] /i 407
[10/11/2017 21:05:31] /a
[10/11/2017 21:05:31] /a
[10/11/2017 21:05:31] /a
[10/11/2017 21:05:31] /a
[10/11/2017 21:05:31] /i 407
[10/11/2017 21:05:31] /a
[10/11/2017 21:05:31] /a
[10/11/2017 21:05:31] /a
[10/11/2017 21:05:31] /i 407
[10/11/2017 21:05:31] /i 407
[10/11/2017 21:05:32] /a
[10/11/2017 21:05:33] /i 407
[10/11/2017 21:05:33] /a
[10/11/2017 21:05:33] /a
[10/11/2017 21:05:33] /a
[10/11/2017 21:05:33] /i 407
[10/11/2017 21:05:33] /a
[10/11/2017 21:05:34] /a
[10/11/2017 21:05:34] /a
[10/11/2017 21:05:34] /i 407
[10/11/2017 21:05:34] /a
[10/11/2017 21:05:34] /a
[10/11/2017 21:05:34] /a
[10/11/2017 21:05:34] /i 407
[10/11/2017 21:05:34] /i 407
[10/11/2017 21:05:34] /i 407
[10/11/2017 21:05:34] /a
[10/11/2017 21:05:34] /a
[10/11/2017 21:05:34] /a
[10/11/2017 21:05:36] /i 407
[10/11/2017 21:05:36] /a
[10/11/2017 21:05:37] /a
[10/11/2017 21:05:37] /i 407
[10/11/2017 21:05:37] /i 407
[10/11/2017 21:05:37] /a
[10/11/2017 21:05:37] /i 407
[10/11/2017 21:05:37] /a
[10/11/2017 21:05:37] /i 407
[10/11/2017 21:05:38] /a
[10/11/2017 21:05:38] /i 407
[10/11/2017 21:05:38] /a
[10/11/2017 21:05:39] /i 407
[10/11/2017 21:05:39] /a
[10/11/2017 21:05:39] /i 407
[10/11/2017 21:05:40] /i 407
[10/11/2017 21:05:40] /a
[10/11/2017 21:05:40] /a
[10/11/2017 21:05:40] /a
[10/11/2017 21:05:40] /a
[10/11/2017 21:05:40] /i 407
[10/11/2017 21:05:40] /a
[10/11/2017 21:05:40] /a
[10/11/2017 21:05:40] /i 407
[10/11/2017 21:05:40] /i 407
[10/11/2017 21:05:40] /a
[10/11/2017 21:05:41] /i 407
[10/11/2017 21:05:41] /a
[10/11/2017 21:05:41] /a
[10/11/2017 21:05:41] /i 407
[10/11/2017 21:05:41] /i 407
[10/11/2017 21:05:41] /i 407
[10/11/2017 21:05:41] /a
[10/11/2017 21:05:41] /a
[10/11/2017 21:05:41] /i 407
[10/11/2017 21:05:41] /i 407
[10/11/2017 21:05:41] /i 407
[10/11/2017 21:05:41] /i 407
[10/11/2017 21:05:41] /a
[10/11/2017 21:05:41] /a
[10/11/2017 21:05:41] /a
[10/11/2017 21:05:41] /i 407
[10/11/2017 21:05:41] /a
[10/11/2017 21:05:41] /i 407
[10/11/2017 21:05:42] /i 407
[10/11/2017 21:05:42] /a
[10/11/2017 21:05:42] /a
[10/11/2017 21:05:42] /a
[10/11/2017 21:05:42] /a
[10/11/2017 21:05:42] /i 407
[10/11/2017 21:05:42] /i 407
[10/11/2017 21:05:42] /a
[10/11/2017 21:05:42] /a
[10/11/2017 21:05:42] /a
[10/11/2017 21:05:42] /i 407
[10/11/2017 21:05:42] /i 407
[10/11/2017 21:05:42] /i 407
[10/11/2017 21:05:42] /a
[10/11/2017 21:05:42] /i 407
[10/11/2017 21:05:42] /i 407
[10/11/2017 21:05:43] /i 407
[10/11/2017 21:05:43] /a
[10/11/2017 21:05:43] /a
[10/11/2017 21:05:43] /a
[10/11/2017 21:05:43] /a
[10/11/2017 21:05:43] /i 407
[10/11/2017 21:05:43] /i 407
[10/11/2017 21:05:43] /i 407
[10/11/2017 21:05:43] /a
[10/11/2017 21:05:43] /i 407
[10/11/2017 21:05:43] /i 407
[10/11/2017 21:05:43] /a
[10/11/2017 21:05:43] /a
[10/11/2017 21:05:43] /a
[10/11/2017 21:05:43] /i 407
[10/11/2017 21:05:45] /i 407
[10/11/2017 21:05:46] /i 407
[10/11/2017 21:05:48] /a
[10/11/2017 21:05:49] /i 407
[10/11/2017 21:05:49] /a
[10/11/2017 21:05:49] /a
[10/11/2017 21:05:49] /i 407
[10/11/2017 21:05:49] /i 407
[10/11/2017 21:05:49] /a
[10/11/2017 21:05:49] /a
[10/11/2017 21:05:49] /i 407
[10/11/2017 21:05:49] /a
[10/11/2017 21:05:49] /i 407
[10/11/2017 21:05:50] /i 407
[10/11/2017 21:05:50] /a
[10/11/2017 21:05:50] /a
[10/11/2017 21:05:50] /a
[10/11/2017 21:05:50] /a
[10/11/2017 21:05:50] /i 407
[10/11/2017 21:05:50] /a
[10/11/2017 21:05:50] /a
[10/11/2017 21:05:50] /i 407
[10/11/2017 21:05:50] /a
[10/11/2017 21:05:51] /i 407
[10/11/2017 21:05:51] /a
[10/11/2017 21:05:51] /a
[10/11/2017 21:05:51] /a
[10/11/2017 21:05:51] /a
[10/11/2017 21:05:51] /i 407
[10/11/2017 21:05:53] /i 407
[10/11/2017 21:05:53] /i 407
[10/11/2017 21:05:53] /a
[10/11/2017 21:05:53] /a
[10/11/2017 21:05:53] /i 407
[10/11/2017 21:05:54] /a
[10/11/2017 21:05:54] /i 407
[10/11/2017 21:05:55] /i 407
[10/11/2017 21:05:55] /a
[10/11/2017 21:05:56] /a
[10/11/2017 21:05:56] /i 407
[10/11/2017 21:05:56] /a
[10/11/2017 21:05:56] /a
[10/11/2017 21:05:56] /i 407
[10/11/2017 21:05:56] /i 407
[10/11/2017 21:05:56] /a
[10/11/2017 21:05:56] /i 407
[10/11/2017 21:05:56] /i 407
[10/11/2017 21:05:56] /a
[10/11/2017 21:05:56] /a
[10/11/2017 21:05:56] /a
[10/11/2017 21:05:56] /i 407
[10/11/2017 21:05:56] /i 407
[10/11/2017 21:05:56] /a
[10/11/2017 21:05:56] /a
[10/11/2017 21:05:56] /i 407
[10/11/2017 21:05:57] /i 407
[10/11/2017 21:05:57] /a
[10/11/2017 21:05:57] /a
[10/11/2017 21:05:57] /a
[10/11/2017 21:05:57] /i 407
[10/11/2017 21:05:57] /i 407
[10/11/2017 21:05:57] /i 407
[10/11/2017 21:05:57] /a
[10/11/2017 21:05:57] /a
[10/11/2017 21:05:57] /i 407
[10/11/2017 21:05:57] /i 407
[10/11/2017 21:05:57] /a
[10/11/2017 21:05:57] /i 407
[10/11/2017 21:05:58] /i 407
[10/11/2017 21:05:58] /a
[10/11/2017 21:05:58] /i 407
[10/11/2017 21:06:03] /i 407
[10/11/2017 21:06:03] /a
[10/11/2017 21:06:03] /a
[10/11/2017 21:06:03] /a
[10/11/2017 21:06:03] /a
[10/11/2017 21:06:03] /i 407
[10/11/2017 21:06:03] /i 407
[10/11/2017 21:06:03] /a
[10/11/2017 21:06:03] /a
[10/11/2017 21:06:04] /a
[10/11/2017 21:06:04] /i 407
[10/11/2017 21:06:04] /a
[10/11/2017 21:06:04] /i 407
[10/11/2017 21:06:05] /i 407
[10/11/2017 21:06:05] /i 407
[10/11/2017 21:06:05] /i 407
[10/11/2017 21:06:05] /i 407
[10/11/2017 21:06:05] /a
[10/11/2017 21:06:05] /a
[10/11/2017 21:06:05] /a
[10/11/2017 21:06:05] /a
[10/11/2017 21:06:05] /i 407
[10/11/2017 21:06:05] /i 407
[10/11/2017 21:06:05] /a
[10/11/2017 21:06:05] /a
[10/11/2017 21:06:05] /i 407
[10/11/2017 21:06:05] /a
[10/11/2017 21:06:05] /a
[10/11/2017 21:06:06] /i 407
[10/11/2017 21:06:06] /a
[10/11/2017 21:06:06] /a
[10/11/2017 21:06:06] /a
[10/11/2017 21:06:06] /i 407
[10/11/2017 21:06:07] /i 407
[10/11/2017 21:06:07] /a
[10/11/2017 21:06:07] /i 407
[10/11/2017 21:06:08] /a
[10/11/2017 21:06:08] /a
[10/11/2017 21:06:08] /i 407
[10/11/2017 21:06:09] /a
[10/11/2017 21:06:10] /a
[10/11/2017 21:06:10] /i 407
[10/11/2017 21:06:11] /i 407
[10/11/2017 21:06:11] /a
[10/11/2017 21:06:11] /i 407
[10/11/2017 21:06:11] /i 407
[10/11/2017 21:06:11] /i 407
[10/11/2017 21:06:11] /a
[10/11/2017 21:06:11] /i 407
[10/11/2017 21:06:11] /a
[10/11/2017 21:06:11] /a
[10/11/2017 21:06:11] /i 407
[10/11/2017 21:06:11] /i 407
[10/11/2017 21:06:11] /i 407
[10/11/2017 21:06:11] /a
[10/11/2017 21:06:11] /i 407
[10/11/2017 21:06:12] /i 407
[10/11/2017 21:06:12] /i 407
[10/11/2017 21:06:12] /i 407
[10/11/2017 21:06:12] /a
[10/11/2017 21:06:12] /a
[10/11/2017 21:06:12] /a
[10/11/2017 21:06:12] /i 407
[10/11/2017 21:06:12] /a
[10/11/2017 21:06:12] /a
[10/11/2017 21:06:12] /i 407
[10/11/2017 21:06:12] /i 407
[10/11/2017 21:06:12] /i 407
[10/11/2017 21:06:12] /a
[10/11/2017 21:06:13] /i 407
[10/11/2017 21:06:13] /a
[10/11/2017 21:06:13] /a
[10/11/2017 21:06:13] /a
[10/11/2017 21:06:14] /i 407
[10/11/2017 21:06:14] /i 407
[10/11/2017 21:06:14] /a
[10/11/2017 21:06:14] /i 407
[10/11/2017 21:06:14] /i 407
[10/11/2017 21:06:14] /i 407
[10/11/2017 21:06:14] /a
[10/11/2017 21:06:14] /i 407
[10/11/2017 21:06:14] /a
[10/11/2017 21:06:14] /a
[10/11/2017 21:06:14] /a
[10/11/2017 21:06:14] /i 407
[10/11/2017 21:06:14] /i 407
[10/11/2017 21:06:15] /a
[10/11/2017 21:06:15] /a
[10/11/2017 21:06:15] /i 407
[10/11/2017 21:06:15] /i 407
[10/11/2017 21:06:15] /i 407
[10/11/2017 21:06:16] /a
[10/11/2017 21:06:16] /a
[10/11/2017 21:06:16] /a
[10/11/2017 21:06:16] /i 407
[10/11/2017 21:06:16] /i 407
[10/11/2017 21:06:16] /a
[10/11/2017 21:06:16] /a
[10/11/2017 21:06:16] /i 407
[10/11/2017 21:06:16] /i 407
[10/11/2017 21:06:16] /a
[10/11/2017 21:06:16] /i 407
[10/11/2017 21:06:16] /i 407
[10/11/2017 21:06:16] /a
[10/11/2017 21:06:17] /a
[10/11/2017 21:06:17] /a
[10/11/2017 21:06:17] /i 407
[10/11/2017 21:06:17] /i 407
[10/11/2017 21:06:17] /a
[10/11/2017 21:06:17] /i 407
[10/11/2017 21:06:17] /i 407
[10/11/2017 21:06:17] /a
[10/11/2017 21:06:17] /i 407
[10/11/2017 21:06:17] /i 407
[10/11/2017 21:06:17] /a
[10/11/2017 21:06:17] /a
[10/11/2017 21:06:17] /i 407
[10/11/2017 21:06:17] /i 407
[10/11/2017 21:06:18] /i 407
[10/11/2017 21:06:18] /i 407
[10/11/2017 21:06:18] /i 407
[10/11/2017 21:06:18] /i 407
[10/11/2017 21:06:18] /i 407
[10/11/2017 21:06:18] /a
[10/11/2017 21:06:18] /a
[10/11/2017 21:06:18] /a
[10/11/2017 21:06:19] /i 407
[10/11/2017 21:06:19] /a
[10/11/2017 21:06:19] /a
[10/11/2017 21:06:19] /a
[10/11/2017 21:06:19] /a
[10/11/2017 21:06:19] /i 407
[10/11/2017 21:06:19] /a
[10/11/2017 21:06:19] /a
[10/11/2017 21:06:19] /a
[10/11/2017 21:06:19] /i 407
[10/11/2017 21:06:19] /i 407
[10/11/2017 21:06:19] /a
[10/11/2017 21:06:19] /a
[10/11/2017 21:06:19] /a
[10/11/2017 21:06:19] /a
[10/11/2017 21:06:20] /a
[10/11/2017 21:06:20] /a
[10/11/2017 21:06:20] /i 407
[10/11/2017 21:06:20] /i 407
[10/11/2017 21:06:20] /a
[10/11/2017 21:06:20] /i 407
[10/11/2017 21:06:20] /i 407
[10/11/2017 21:06:20] /a
[10/11/2017 21:06:20] /a
[10/11/2017 21:06:20] /a
[10/11/2017 21:06:20] /a
[10/11/2017 21:06:20] /i 407
[10/11/2017 21:06:20] /i 407
[10/11/2017 21:06:20] /a
[10/11/2017 21:06:20] /a
[10/11/2017 21:06:20] /a
[10/11/2017 21:06:20] /a
[10/11/2017 21:06:20] /i 407
[10/11/2017 21:06:21] /i 407
[10/11/2017 21:06:21] /i 407
[10/11/2017 21:06:21] /i 407
[10/11/2017 21:06:21] /a
[10/11/2017 21:06:21] /a
[10/11/2017 21:06:21] /a
[10/11/2017 21:06:21] /i 407
[10/11/2017 21:06:21] /a
[10/11/2017 21:06:21] /a
[10/11/2017 21:06:21] /i 407
[10/11/2017 21:06:22] /i 407
[10/11/2017 21:06:22] /a
[10/11/2017 21:06:22] /a
[10/11/2017 21:06:22] /a
[10/11/2017 21:06:22] /i 407
[10/11/2017 21:06:22] /a
[10/11/2017 21:06:22] /i 407
[10/11/2017 21:06:22] /a
[10/11/2017 21:06:22] /i 407
[10/11/2017 21:06:22] /i 407
[10/11/2017 21:06:22] /i 407
[10/11/2017 21:06:22] /a
[10/11/2017 21:06:22] /a
[10/11/2017 21:06:22] /a
[10/11/2017 21:06:22] /a
[10/11/2017 21:06:22] /i 407
[10/11/2017 21:06:22] /a
[10/11/2017 21:06:23] /a
[10/11/2017 21:06:23] /a
[10/11/2017 21:06:23] /i 407
[10/11/2017 21:06:23] /i 407
[10/11/2017 21:06:23] /i 407
[10/11/2017 21:06:23] /a
[10/11/2017 21:06:23] /a
[10/11/2017 21:06:23] /a
[10/11/2017 21:06:23] /i 407
[10/11/2017 21:06:23] /i 407
[10/11/2017 21:06:23] /a
[10/11/2017 21:06:23] /a
[10/11/2017 21:06:23] /a
[10/11/2017 21:06:23] /a
[10/11/2017 21:06:23] /i 407
[10/11/2017 21:06:23] /i 407
[10/11/2017 21:06:23] /a
[10/11/2017 21:06:24] /a
[10/11/2017 21:06:24] /a
[10/11/2017 21:06:24] /a
[10/11/2017 21:06:24] /i 407
[10/11/2017 21:06:24] /a
[10/11/2017 21:06:24] /a
[10/11/2017 21:06:24] /a
[10/11/2017 21:06:24] /i 407
[10/11/2017 21:06:24] /a
[10/11/2017 21:06:24] /a
[10/11/2017 21:06:24] /a
[10/11/2017 21:06:24] /a
[10/11/2017 21:06:24] /i 407
[10/11/2017 21:06:25] /i 407
[10/11/2017 21:06:25] /a
[10/11/2017 21:06:25] /a
[10/11/2017 21:06:25] /a
[10/11/2017 21:06:25] /a
[10/11/2017 21:06:25] /i 407
[10/11/2017 21:06:25] /i 407
[10/11/2017 21:06:25] /i 407
[10/11/2017 21:06:25] /a
[10/11/2017 21:06:25] /a
[10/11/2017 21:06:25] /i 407
[10/11/2017 21:06:25] /a
[10/11/2017 21:06:25] /a
[10/11/2017 21:06:25] /a
[10/11/2017 21:06:26] /a
[10/11/2017 21:06:26] /i 407
[10/11/2017 21:06:26] /i 407
[10/11/2017 21:06:26] /a
[10/11/2017 21:06:26] /a
[10/11/2017 21:06:26] /a
[10/11/2017 21:06:26] /i 407
[10/11/2017 21:06:26] /i 407
[10/11/2017 21:06:26] /a
[10/11/2017 21:06:26] /a
[10/11/2017 21:06:26] /a
[10/11/2017 21:06:26] /i 407
[10/11/2017 21:06:26] /i 407
[10/11/2017 21:06:27] /a
[10/11/2017 21:06:27] /a
[10/11/2017 21:06:27] /a
[10/11/2017 21:06:27] /i 407
[10/11/2017 21:06:27] /i 407
[10/11/2017 21:06:27] /i 407
[10/11/2017 21:06:27] /a
[10/11/2017 21:06:27] /a
[10/11/2017 21:06:27] /i 407
[10/11/2017 21:06:27] /i 407
[10/11/2017 21:06:27] /i 407
[10/11/2017 21:06:27] /a
[10/11/2017 21:06:28] /a
[10/11/2017 21:06:28] /a
[10/11/2017 21:06:28] /a
[10/11/2017 21:06:28] /a
[10/11/2017 21:06:28] /a
[10/11/2017 21:06:28] /i 407
[10/11/2017 21:06:28] /i 407
[10/11/2017 21:06:28] /a
[10/11/2017 21:06:28] /a
[10/11/2017 21:06:28] /a
[10/11/2017 21:06:28] /a
[10/11/2017 21:06:28] /i 407
[10/11/2017 21:06:28] /i 407
[10/11/2017 21:06:28] /i 407
[10/11/2017 21:06:28] /a
[10/11/2017 21:06:29] /i 407
[10/11/2017 21:06:29] /i 407
[10/11/2017 21:06:29] /a
[10/11/2017 21:06:29] /i 407
[10/11/2017 21:06:29] /i 407
[10/11/2017 21:06:29] /a
[10/11/2017 21:06:29] /a
[10/11/2017 21:06:29] /a
[10/11/2017 21:06:29] /a
[10/11/2017 21:06:29] /i 407
[10/11/2017 21:06:29] /i 407
[10/11/2017 21:06:29] /a
[10/11/2017 21:06:29] /a
[10/11/2017 21:06:29] /a
[10/11/2017 21:06:29] /a
[10/11/2017 21:06:29] /i 407
[10/11/2017 21:06:29] /i 407
[10/11/2017 21:06:29] /i 407
[10/11/2017 21:06:29] /a
[10/11/2017 21:06:29] /a
[10/11/2017 21:06:29] /a
[10/11/2017 21:06:29] /i 407
[10/11/2017 21:06:29] /a
[10/11/2017 21:06:30] /i 407
[10/11/2017 21:06:30] /a
[10/11/2017 21:06:30] /a
[10/11/2017 21:06:30] /i 407
[10/11/2017 21:06:30] /a
[10/11/2017 21:06:30] /a
[10/11/2017 21:06:30] /a
[10/11/2017 21:06:30] /a
[10/11/2017 21:06:30] /i 407
[10/11/2017 21:06:30] /i 407
[10/11/2017 21:06:30] /i 407
[10/11/2017 21:06:30] /a
[10/11/2017 21:06:31] /a
[10/11/2017 21:06:31] /a
[10/11/2017 21:06:31] /a
[10/11/2017 21:06:31] /i 407
[10/11/2017 21:06:31] /a
[10/11/2017 21:06:31] /i 407
[10/11/2017 21:06:31] /i 407
[10/11/2017 21:06:31] /i 407
[10/11/2017 21:06:31] /i 407
[10/11/2017 21:06:31] /i 407
[10/11/2017 21:06:32] /i 407
[10/11/2017 21:06:32] /i 407
[10/11/2017 21:06:32] /i 407
[10/11/2017 21:06:32] /a
[10/11/2017 21:06:32] /i 407
[10/11/2017 21:06:33] /a
[10/11/2017 21:06:33] /a
[10/11/2017 21:06:33] /i 407
[10/11/2017 21:06:33] /i 407
[10/11/2017 21:06:33] /a
[10/11/2017 21:06:33] /a
[10/11/2017 21:06:33] /a
[10/11/2017 21:06:33] /a
[10/11/2017 21:06:33] /i 407
[10/11/2017 21:06:33] /i 407
[10/11/2017 21:06:33] /a
[10/11/2017 21:06:33] /i 407
[10/11/2017 21:06:33] /a
[10/11/2017 21:06:33] /a
[10/11/2017 21:06:34] /i 407
[10/11/2017 21:06:34] /i 407
[10/11/2017 21:06:34] /i 407
[10/11/2017 21:06:34] /a
[10/11/2017 21:06:35] /i 407
[10/11/2017 21:06:35] /i 407
[10/11/2017 21:06:35] /a
[10/11/2017 21:06:35] /a
[10/11/2017 21:06:35] /i 407
[10/11/2017 21:06:35] /a
[10/11/2017 21:06:35] /a
[10/11/2017 21:06:35] /a
[10/11/2017 21:06:35] /a
[10/11/2017 21:06:35] /i 407
[10/11/2017 21:06:35] /i 407
[10/11/2017 21:06:35] /i 407
[10/11/2017 21:06:35] /i 407
[10/11/2017 21:06:35] /i 407
[10/11/2017 21:06:35] /i 407
[10/11/2017 21:06:35] /i 407
[10/11/2017 21:06:35] /i 407
[10/11/2017 21:06:35] /i 407
[10/11/2017 21:06:35] /i 407
[10/11/2017 21:06:36] /i 407
[10/11/2017 21:06:36] /i 407
[10/11/2017 21:06:36] /i 407
[10/11/2017 21:06:36] /a
[10/11/2017 21:06:37] /a
[10/11/2017 21:06:37] /a
[10/11/2017 21:06:37] /i 407
[10/11/2017 21:06:37] /i 407
[10/11/2017 21:06:37] /i 407
[10/11/2017 21:06:37] /a
[10/11/2017 21:06:37] /i 407
[10/11/2017 21:06:38] /i 407
[10/11/2017 21:06:38] /a
[10/11/2017 21:06:38] /i 407
[10/11/2017 21:06:38] /a
[10/11/2017 21:06:39] /i 407
[10/11/2017 21:06:39] /a
[10/11/2017 21:06:39] /i 407
[10/11/2017 21:06:39] /i 407
[10/11/2017 21:06:39] /a
[10/11/2017 21:06:39] /i 407
[10/11/2017 21:06:40] /i 407
[10/11/2017 21:06:40] /a
[10/11/2017 21:06:40] /a
[10/11/2017 21:06:40] /i 407
[10/11/2017 21:06:41] /i 407
[10/11/2017 21:06:42] /a
[10/11/2017 21:06:42] /a
[10/11/2017 21:06:42] /i 407
[10/11/2017 21:06:43] /a
[10/11/2017 21:07:10] /i 1052
[10/11/2017 21:07:10] /i 1052
[10/11/2017 21:07:11] /i 1052
[10/11/2017 21:07:11] /i 1052
[10/11/2017 21:07:11] /i 1052
[10/11/2017 21:07:12] /i 1052
[10/11/2017 21:07:33] /r
[10/11/2017 21:07:51] /i 1052
[10/11/2017 21:07:52] /i 1052
[10/11/2017 21:07:52] /i 1052
[10/11/2017 21:08:11] /r
[10/11/2017 21:08:12] /r
[10/11/2017 21:08:13] /i 1053
[10/11/2017 21:08:23] /i 1051
[10/11/2017 21:08:43] /i 1051 5
[10/11/2017 21:08:45] /i 1051 
[10/11/2017 21:08:46] /i 1051 
[10/11/2017 21:08:48] /r
[10/11/2017 21:08:50] /r
[10/11/2017 21:08:51] /i 1051 
[10/11/2017 21:08:53] /r
[10/11/2017 21:09:09] /i 1049
[10/11/2017 21:09:10] /i 1049
[10/11/2017 21:09:11] /i 1049
[10/11/2017 21:09:11] /i 1049
[10/11/2017 21:09:12] /i 1049
[10/11/2017 21:09:13] /i 1049
[10/11/2017 21:09:14] /i 1049
[10/11/2017 21:09:14] /i 1049
[10/11/2017 21:09:15] /i 1049
[10/11/2017 21:09:16] /i 1049
[10/11/2017 21:09:16] /i 1049
[10/11/2017 21:09:27] /r
[10/11/2017 21:09:30] /i 1053
[10/11/2017 21:09:34] /r
[10/11/2017 21:09:59] /i 1052
[10/11/2017 21:10:00] /i 1052
[10/11/2017 21:10:00] /i 1052
[10/11/2017 21:10:00] /i 1052
[10/11/2017 21:10:00] /i 1052
[10/11/2017 21:10:00] /i 1052
[10/11/2017 21:10:01] /i 1052
[10/11/2017 21:10:01] /i 1052
[10/11/2017 21:10:01] /i 1052
[10/11/2017 21:10:04] /i 1052
[10/11/2017 21:10:04] /i 1052
[10/11/2017 21:10:04] /i 1052
[10/11/2017 21:10:05] /i 1052
[10/11/2017 21:10:05] /i 1052
[10/11/2017 21:10:05] /i 1052
[10/11/2017 21:10:06] /i 1052
[10/11/2017 21:10:06] /i 1052
[10/11/2017 21:10:06] /i 1052
[10/11/2017 21:10:06] /i 1052
[10/11/2017 21:10:06] /i 1052
[10/11/2017 21:10:07] /i 1052
[10/11/2017 21:10:07] /i 1052
[10/11/2017 21:10:07] /i 1052
[10/11/2017 21:10:08] /i 1052
[10/11/2017 21:10:09] /i 1052
[10/11/2017 21:10:09] /i 1052
[10/11/2017 21:10:10] /r
[10/11/2017 21:10:14] /i 1051
[10/11/2017 21:10:17] /r
[10/11/2017 21:10:22] /a
[10/11/2017 21:10:22] /i 407
[10/11/2017 21:10:23] /i 407
[10/11/2017 21:10:23] /i 407
[10/11/2017 21:10:23] /i 407
[10/11/2017 21:10:23] /i 407
[10/11/2017 21:10:23] /i 407
[10/11/2017 21:10:23] /i 407
[10/11/2017 21:10:23] /i 407
[10/11/2017 21:10:23] /i 407
[10/11/2017 21:10:23] /i 407
[10/11/2017 21:10:23] /i 407
[10/11/2017 21:10:23] /i 407
[10/11/2017 21:10:23] /i 407
[10/11/2017 21:10:23] /i 407
[10/11/2017 21:10:23] /i 407
[10/11/2017 21:10:23] /i 407
[10/11/2017 21:10:23] /i 407
[10/11/2017 21:10:23] /i 407
[10/11/2017 21:10:23] /i 407
[10/11/2017 21:10:23] /i 407
[10/11/2017 21:10:23] /i 407
[10/11/2017 21:10:23] /i 407
[10/11/2017 21:10:23] /i 407
[10/11/2017 21:10:23] /i 407
[10/11/2017 21:10:23] /i 407
[10/11/2017 21:10:23] /i 407
[10/11/2017 21:10:23] /i 407
[10/11/2017 21:10:23] /i 407
[10/11/2017 21:10:23] /i 407
[10/11/2017 21:10:23] /i 407
[10/11/2017 21:10:23] /i 407
[10/11/2017 21:10:23] /i 407
[10/11/2017 21:10:23] /i 407
[10/11/2017 21:10:23] /i 407
[10/11/2017 21:10:23] /i 407
[10/11/2017 21:10:23] /i 407
[10/11/2017 21:10:23] /i 407
[10/11/2017 21:10:23] /i 407
[10/11/2017 21:10:23] /i 407
[10/11/2017 21:10:23] /i 407
[10/11/2017 21:10:23] /i 407
[10/11/2017 21:10:24] /i 407
[10/11/2017 21:10:24] /i 407
[10/11/2017 21:10:24] /a
[10/11/2017 21:10:24] /a
[10/11/2017 21:10:24] /i 407
[10/11/2017 21:10:24] /i 407
[10/11/2017 21:10:24] /a
[10/11/2017 21:10:24] /a
[10/11/2017 21:10:24] /i 407
[10/11/2017 21:10:24] /i 407
[10/11/2017 21:10:24] /a
[10/11/2017 21:10:24] /a
[10/11/2017 21:10:24] /i 407
[10/11/2017 21:10:24] /a
[10/11/2017 21:10:24] /a
[10/11/2017 21:10:24] /a
[10/11/2017 21:10:24] /i 407
[10/11/2017 21:10:24] /a
[10/11/2017 21:10:24] /a
[10/11/2017 21:10:24] /a
[10/11/2017 21:10:24] /i 407
[10/11/2017 21:10:25] /a
[10/11/2017 21:10:25] /a
[10/11/2017 21:10:25] /a
[10/11/2017 21:10:25] /i 407
[10/11/2017 21:10:25] /a
[10/11/2017 21:10:25] /a
[10/11/2017 21:10:25] /i 407
[10/11/2017 21:10:25] /a
[10/11/2017 21:10:25] /a
[10/11/2017 21:10:25] /a
[10/11/2017 21:10:25] /a
[10/11/2017 21:10:25] /a
[10/11/2017 21:10:25] /i 407
[10/11/2017 21:10:26] /i 407
[10/11/2017 21:10:26] /a
[10/11/2017 21:10:26] /a
[10/11/2017 21:10:26] /i 407
[10/11/2017 21:10:26] /i 407
[10/11/2017 21:10:26] /a
[10/11/2017 21:10:26] /a
[10/11/2017 21:10:27] /i 407
[10/11/2017 21:10:27] /a
[10/11/2017 21:10:27] /a
[10/11/2017 21:10:27] /a
[10/11/2017 21:10:27] /i 407
[10/11/2017 21:10:27] /i 407
[10/11/2017 21:10:27] /i 407
[10/11/2017 21:10:27] /a
[10/11/2017 21:10:28] /a
[10/11/2017 21:10:28] /a
[10/11/2017 21:10:28] /i 407
[10/11/2017 21:10:28] /i 407
[10/11/2017 21:10:28] /a
[10/11/2017 21:10:28] /a
[10/11/2017 21:10:28] /i 407
[10/11/2017 21:10:29] /a
[10/11/2017 21:10:29] /i 407
[10/11/2017 21:10:29] /a
[10/11/2017 21:10:29] /i 407
[10/11/2017 21:10:30] /a
[10/11/2017 21:10:30] /i 407
[10/11/2017 21:10:31] /a
[10/11/2017 21:10:31] /i 407
[10/11/2017 21:10:31] /a
[10/11/2017 21:10:31] /i 407
[10/11/2017 21:10:32] /a
[10/11/2017 21:10:32] /i 407
[10/11/2017 21:10:32] /a
[10/11/2017 21:10:32] /i 407
[10/11/2017 21:10:32] /a
[10/11/2017 21:10:32] /i 407
[10/11/2017 21:10:33] /a
[10/11/2017 21:10:33] /i 407
[10/11/2017 21:10:34] /i 407
[10/11/2017 21:10:35] /a
[10/11/2017 21:10:35] /i 407
[10/11/2017 21:10:35] /a
[10/11/2017 21:10:35] /i 407
[10/11/2017 21:10:35] /a
[10/11/2017 21:10:35] /i 407
[10/11/2017 21:10:36] /i 407
[10/11/2017 21:10:36] /a
[10/11/2017 21:10:36] /i 407
[10/11/2017 21:10:36] /a
[10/11/2017 21:10:36] /i 407
[10/11/2017 21:10:36] /a
[10/11/2017 21:10:36] /i 407
[10/11/2017 21:10:37] /i 407
[10/11/2017 21:10:37] /a
[10/11/2017 21:10:37] /i 407
[10/11/2017 21:10:37] /a
[10/11/2017 21:10:37] /i 407
[10/11/2017 21:10:38] /a
[10/11/2017 21:10:38] /i 407
[10/11/2017 21:10:38] /i 407
[10/11/2017 21:10:38] /i 407
[10/11/2017 21:10:38] /a
[10/11/2017 21:10:39] /a
[10/11/2017 21:10:39] /a
[10/11/2017 21:10:39] /i 407
[10/11/2017 21:10:39] /i 407
[10/11/2017 21:10:39] /a
[10/11/2017 21:10:39] /a
[10/11/2017 21:10:39] /a
[10/11/2017 21:10:39] /i 407
[10/11/2017 21:10:39] /i 407
[10/11/2017 21:10:39] /a
[10/11/2017 21:10:39] /a
[10/11/2017 21:10:39] /a
[10/11/2017 21:10:39] /i 407
[10/11/2017 21:10:39] /i 407
[10/11/2017 21:10:39] /i 407
[10/11/2017 21:10:39] /a
[10/11/2017 21:10:39] /a
[10/11/2017 21:10:39] /i 407
[10/11/2017 21:10:39] /a
[10/11/2017 21:10:39] /a
[10/11/2017 21:10:39] /a
[10/11/2017 21:10:40] /a
[10/11/2017 21:10:40] /i 407
[10/11/2017 21:10:40] /a
[10/11/2017 21:10:40] /i 407
[10/11/2017 21:10:42] /i 407
[10/11/2017 21:10:42] /a
[10/11/2017 21:10:42] /a
[10/11/2017 21:10:42] /a
[10/11/2017 21:10:42] /i 407
[10/11/2017 21:10:42] /a
[10/11/2017 21:10:42] /a
[10/11/2017 21:10:42] /a
[10/11/2017 21:10:42] /a
[10/11/2017 21:10:42] /i 407
[10/11/2017 21:10:42] /i 407
[10/11/2017 21:10:42] /a
[10/11/2017 21:10:42] /a
[10/11/2017 21:10:42] /i 407
[10/11/2017 21:10:42] /i 407
[10/11/2017 21:10:42] /a
[10/11/2017 21:10:42] /a
[10/11/2017 21:10:42] /a
[10/11/2017 21:10:42] /i 407
[10/11/2017 21:10:42] /a
[10/11/2017 21:10:43] /a
[10/11/2017 21:10:43] /i 407
[10/11/2017 21:10:43] /i 407
[10/11/2017 21:10:43] /i 407
[10/11/2017 21:10:43] /a
[10/11/2017 21:10:44] /i 407
[10/11/2017 21:10:44] /a
[10/11/2017 21:10:44] /a
[10/11/2017 21:10:44] /a
[10/11/2017 21:10:44] /i 407
[10/11/2017 21:10:44] /i 407
[10/11/2017 21:10:44] /a
[10/11/2017 21:10:44] /a
[10/11/2017 21:10:44] /a
[10/11/2017 21:10:44] /i 407
[10/11/2017 21:10:44] /i 407
[10/11/2017 21:10:44] /a
[10/11/2017 21:10:44] /i 407
[10/11/2017 21:10:44] /i 407
[10/11/2017 21:10:45] /i 407
[10/11/2017 21:10:45] /a
[10/11/2017 21:10:45] /a
[10/11/2017 21:10:45] /i 407
[10/11/2017 21:10:45] /i 407
[10/11/2017 21:10:45] /a
[10/11/2017 21:10:45] /i 407
[10/11/2017 21:10:45] /a
[10/11/2017 21:10:45] /a
[10/11/2017 21:10:45] /i 407
[10/11/2017 21:10:45] /a
[10/11/2017 21:10:45] /a
[10/11/2017 21:10:46] /i 407
[10/11/2017 21:10:47] /i 407
[10/11/2017 21:10:47] /i 407
[10/11/2017 21:10:47] /a
[10/11/2017 21:10:47] /i 407
[10/11/2017 21:10:49] /i 407
[10/11/2017 21:10:49] /a
[10/11/2017 21:10:49] /i 407
[10/11/2017 21:10:50] /a
[10/11/2017 21:10:50] /i 407
[10/11/2017 21:10:51] /i 407
[10/11/2017 21:10:51] /a
[10/11/2017 21:10:51] /a
[10/11/2017 21:10:51] /i 407
[10/11/2017 21:10:52] /a
[10/11/2017 21:10:52] /i 407
[10/11/2017 21:10:54] /a
[10/11/2017 21:10:54] /i 407
[10/11/2017 21:10:55] /i 407
[10/11/2017 21:10:55] /i 407
[10/11/2017 21:10:57] /a
[10/11/2017 21:10:57] /i 407
[10/11/2017 21:10:58] /a
[10/11/2017 21:10:58] /i 407
[10/11/2017 21:10:58] /a
[10/11/2017 21:10:58] /a
[10/11/2017 21:10:58] /i 407
[10/11/2017 21:10:58] /i 407
[10/11/2017 21:10:59] /a
[10/11/2017 21:10:59] /i 407
[10/11/2017 21:10:59] /i 407
[10/11/2017 21:10:59] /i 407
[10/11/2017 21:10:59] /a
[10/11/2017 21:10:59] /i 407
[10/11/2017 21:10:59] /i 407
[10/11/2017 21:10:59] /a
[10/11/2017 21:10:59] /i 407
[10/11/2017 21:11:00] /a
[10/11/2017 21:11:00] /i 407
[10/11/2017 21:11:00] /a
[10/11/2017 21:11:00] /i 407
[10/11/2017 21:11:01] /a
[10/11/2017 21:11:01] /i 407
[10/11/2017 21:11:01] /a
[10/11/2017 21:11:01] /i 407
[10/11/2017 21:11:01] /i 407
[10/11/2017 21:11:01] /a
[10/11/2017 21:11:02] /a
[10/11/2017 21:11:02] /i 407
[10/11/2017 21:11:02] /a
[10/11/2017 21:11:02] /i 407
[10/11/2017 21:11:02] /a
[10/11/2017 21:11:02] /i 407
[10/11/2017 21:11:02] /a
[10/11/2017 21:11:02] /i 407
[10/11/2017 21:11:02] /a
[10/11/2017 21:11:03] /i 407
[10/11/2017 21:11:03] /a
[10/11/2017 21:11:03] /i 407
[10/11/2017 21:11:03] /a
[10/11/2017 21:11:03] /i 407
[10/11/2017 21:11:03] /a
[10/11/2017 21:11:03] /i 407
[10/11/2017 21:11:04] /a
[10/11/2017 21:11:04] /i 407
[10/11/2017 21:11:04] /a
[10/11/2017 21:11:04] /i 407
[10/11/2017 21:11:04] /a
[10/11/2017 21:11:05] /i 407
[10/11/2017 21:11:05] /a
[10/11/2017 21:11:05] /i 407
[10/11/2017 21:11:05] /a
[10/11/2017 21:11:05] /i 407
[10/11/2017 21:11:05] /a
[10/11/2017 21:11:05] /i 407
[10/11/2017 21:11:05] /i 407
[10/11/2017 21:11:05] /a
[10/11/2017 21:11:05] /a
[10/11/2017 21:11:05] /i 407
[10/11/2017 21:11:05] /a
[10/11/2017 21:11:05] /i 407
[10/11/2017 21:11:06] /a
[10/11/2017 21:11:06] /i 407
[10/11/2017 21:11:06] /a
[10/11/2017 21:11:06] /i 407
[10/11/2017 21:11:06] /a
[10/11/2017 21:11:06] /i 407
[10/11/2017 21:11:08] /a
[10/11/2017 21:11:09] /i 407
[10/11/2017 21:11:09] /a
[10/11/2017 21:11:10] /i 407
[10/11/2017 21:11:10] /a
[10/11/2017 21:11:10] /i 407
[10/11/2017 21:11:10] /a
[10/11/2017 21:11:10] /i 407
[10/11/2017 21:11:10] /a
[10/11/2017 21:11:10] /i 407
[10/11/2017 21:11:10] /a
[10/11/2017 21:11:10] /i 407
[10/11/2017 21:11:10] /i 407
[10/11/2017 21:11:10] /a
[10/11/2017 21:11:11] /i 407
[10/11/2017 21:11:11] /a
[10/11/2017 21:11:11] /a
[10/11/2017 21:11:11] /a
[10/11/2017 21:11:11] /i 407
[10/11/2017 21:11:11] /i 407
[10/11/2017 21:11:11] /a
[10/11/2017 21:11:11] /a
[10/11/2017 21:11:11] /i 407
[10/11/2017 21:11:11] /a
[10/11/2017 21:11:11] /i 407
[10/11/2017 21:11:12] /i 407
[10/11/2017 21:11:13] /i 407
[10/11/2017 21:11:13] /i 407
[10/11/2017 21:11:13] /a
[10/11/2017 21:11:13] /i 407
[10/11/2017 21:11:14] /a
[10/11/2017 21:11:14] /i 407
[10/11/2017 21:11:14] /a
[10/11/2017 21:11:14] /i 407
[10/11/2017 21:11:14] /a
[10/11/2017 21:11:14] /i 407
[10/11/2017 21:11:15] /a
[10/11/2017 21:11:15] /i 407
[10/11/2017 21:11:15] /a
[10/11/2017 21:11:15] /a
[10/11/2017 21:11:15] /i 407
[10/11/2017 21:11:15] /a
[10/11/2017 21:11:16] /i 407
[10/11/2017 21:11:16] /a
[10/11/2017 21:11:16] /a
[10/11/2017 21:11:16] /i 407
[10/11/2017 21:11:16] /i 407
[10/11/2017 21:11:16] /a
[10/11/2017 21:11:17] /a
[10/11/2017 21:11:18] /i 407
[10/11/2017 21:11:18] /a
[10/11/2017 21:11:18] /i 407
[10/11/2017 21:11:18] /a
[10/11/2017 21:11:19] /i 407
[10/11/2017 21:11:19] /a
[10/11/2017 21:11:19] /a
[10/11/2017 21:11:19] /i 407
[10/11/2017 21:11:19] /a
[10/11/2017 21:11:19] /i 407
[10/11/2017 21:11:19] /a
[10/11/2017 21:11:19] /i 407
[10/11/2017 21:11:20] /a
[10/11/2017 21:11:20] /i 407
[10/11/2017 21:11:20] /a
[10/11/2017 21:11:20] /i 407
[10/11/2017 21:11:20] /a
[10/11/2017 21:11:20] /i 407
[10/11/2017 21:11:20] /a
[10/11/2017 21:11:20] /i 407
[10/11/2017 21:11:20] /a
[10/11/2017 21:11:20] /i 407
[10/11/2017 21:11:20] /a
[10/11/2017 21:11:20] /i 407
[10/11/2017 21:11:21] /a
[10/11/2017 21:11:21] /i 407
[10/11/2017 21:11:21] /a
[10/11/2017 21:11:21] /i 407
[10/11/2017 21:11:21] /i 407
[10/11/2017 21:11:21] /a
[10/11/2017 21:11:21] /a
[10/11/2017 21:11:21] /i 407
[10/11/2017 21:11:21] /a
[10/11/2017 21:11:21] /i 407
[10/11/2017 21:11:21] /a
[10/11/2017 21:11:21] /i 407
[10/11/2017 21:11:22] /a
[10/11/2017 21:11:22] /i 407
[10/11/2017 21:11:22] /a
[10/11/2017 21:11:22] /i 407
[10/11/2017 21:11:22] /i 407
[10/11/2017 21:11:22] /a
[10/11/2017 21:11:22] /a
[10/11/2017 21:11:22] /i 407
[10/11/2017 21:11:23] /a
[10/11/2017 21:11:23] /i 407
[10/11/2017 21:11:24] /i 407
[10/11/2017 21:11:24] /a
[10/11/2017 21:11:24] /a
[10/11/2017 21:11:24] /i 407
[10/11/2017 21:11:24] /a
[10/11/2017 21:11:24] /i 407
[10/11/2017 21:11:24] /a
[10/11/2017 21:11:24] /i 407
[10/11/2017 21:11:24] /a
[10/11/2017 21:11:24] /i 407
[10/11/2017 21:11:24] /a
[10/11/2017 21:11:24] /i 407
[10/11/2017 21:11:26] /a
[10/11/2017 21:11:27] /a
[10/11/2017 21:11:27] /i 407
[10/11/2017 21:11:28] /a
[10/11/2017 21:11:28] /i 407
[10/11/2017 21:11:28] /a
[10/11/2017 21:11:28] /i 407
[10/11/2017 21:11:28] /a
[10/11/2017 21:11:28] /a
[10/11/2017 21:11:28] /i 407
[10/11/2017 21:11:28] /a
[10/11/2017 21:11:28] /i 407
[10/11/2017 21:11:29] /a
[10/11/2017 21:11:29] /i 407
[10/11/2017 21:11:29] /a
[10/11/2017 21:11:29] /i 407
[10/11/2017 21:11:29] /a
[10/11/2017 21:11:29] /i 407
[10/11/2017 21:11:29] /a
[10/11/2017 21:11:29] /i 407
[10/11/2017 21:11:29] /a
[10/11/2017 21:11:29] /i 407
[10/11/2017 21:11:29] /a
[10/11/2017 21:11:30] /i 407
[10/11/2017 21:11:30] /a
[10/11/2017 21:11:30] /i 407
[10/11/2017 21:11:30] /a
[10/11/2017 21:11:30] /i 407
[10/11/2017 21:11:30] /i 407
[10/11/2017 21:11:30] /a
[10/11/2017 21:11:30] /i 407
[10/11/2017 21:11:30] /a
[10/11/2017 21:11:30] /a
[10/11/2017 21:11:31] /i 407
[10/11/2017 21:11:31] /a
[10/11/2017 21:11:31] /i 407
[10/11/2017 21:11:31] /a
[10/11/2017 21:11:31] /i 407
[10/11/2017 21:11:31] /a
[10/11/2017 21:11:31] /i 407
[10/11/2017 21:11:31] /a
[10/11/2017 21:11:31] /i 407
[10/11/2017 21:11:32] /a
[10/11/2017 21:11:32] /i 407
[10/11/2017 21:11:32] /a
[10/11/2017 21:11:32] /a
[10/11/2017 21:11:33] /a
[10/11/2017 21:11:33] /a
[10/11/2017 21:11:33] /i 407
[10/11/2017 21:11:33] /i 407
[10/11/2017 21:11:34] /a
[10/11/2017 21:11:34] /i 407
[10/11/2017 21:11:34] /i 407
[10/11/2017 21:11:37] /a
[10/11/2017 21:11:38] /i 407
[10/11/2017 21:11:38] /i 407
[10/11/2017 21:11:38] /a
[10/11/2017 21:11:38] /i 407
[10/11/2017 21:11:38] /i 407
[10/11/2017 21:11:38] /a
[10/11/2017 21:11:38] /a
[10/11/2017 21:11:38] /i 407
[10/11/2017 21:11:38] /a
[10/11/2017 21:11:38] /i 407
[10/11/2017 21:11:39] /a
[10/11/2017 21:11:39] /i 407
[10/11/2017 21:11:39] /a
[10/11/2017 21:11:39] /i 407
[10/11/2017 21:11:39] /i 407
[10/11/2017 21:11:40] /a
[10/11/2017 21:11:40] /a
[10/11/2017 21:11:40] /i 407
[10/11/2017 21:11:40] /a
[10/11/2017 21:11:40] /i 407
[10/11/2017 21:11:40] /a
[10/11/2017 21:11:40] /i 407
[10/11/2017 21:11:40] /a
[10/11/2017 21:11:40] /i 407
[10/11/2017 21:11:40] /a
[10/11/2017 21:11:40] /i 407
[10/11/2017 21:11:40] /a
[10/11/2017 21:11:41] /i 407
[10/11/2017 21:11:41] /a
[10/11/2017 21:11:41] /i 407
[10/11/2017 21:11:41] /a
[10/11/2017 21:11:41] /i 407
[10/11/2017 21:11:41] /a
[10/11/2017 21:11:41] /i 407
[10/11/2017 21:11:41] /a
[10/11/2017 21:11:41] /i 407
[10/11/2017 21:11:41] /a
[10/11/2017 21:11:41] /i 407
[10/11/2017 21:11:42] /a
[10/11/2017 21:11:42] /i 407
[10/11/2017 21:11:42] /a
[10/11/2017 21:11:42] /i 407
[10/11/2017 21:11:42] /a
[10/11/2017 21:11:42] /i 407
[10/11/2017 21:11:43] /a
[10/11/2017 21:11:43] /i 407
[10/11/2017 21:11:43] /i 407
[10/11/2017 21:11:43] /i 407
[10/11/2017 21:11:44] /i 407
[10/11/2017 21:11:44] /i 407
[10/11/2017 21:11:44] /i 407
[10/11/2017 21:11:44] /i 407
[10/11/2017 21:11:44] /i 407
[10/11/2017 21:11:44] /i 407
[10/11/2017 21:11:44] /a
[10/11/2017 21:11:44] /a
[10/11/2017 21:11:44] /a
[10/11/2017 21:11:44] /a
[10/11/2017 21:11:44] /a
[10/11/2017 21:11:44] /a
[10/11/2017 21:11:44] /a
[10/11/2017 21:11:44] /a
[10/11/2017 21:11:44] /a
[10/11/2017 21:11:44] /a
[10/11/2017 21:11:44] /a
[10/11/2017 21:11:44] /a
[10/11/2017 21:11:44] /a
[10/11/2017 21:11:44] /a
[10/11/2017 21:11:44] /a
[10/11/2017 21:11:44] /a
[10/11/2017 21:11:44] /a
[10/11/2017 21:11:44] /a
[10/11/2017 21:11:45] /a
[10/11/2017 21:11:45] /i 407
[10/11/2017 21:11:46] /a
[10/11/2017 21:11:47] /i 407
[10/11/2017 21:11:47] /a
[10/11/2017 21:11:47] /a
[10/11/2017 21:11:47] /a
[10/11/2017 21:11:47] /i 407
[10/11/2017 21:11:47] /a
[10/11/2017 21:11:47] /i 407
[10/11/2017 21:11:48] /i 407
[10/11/2017 21:11:48] /a
[10/11/2017 21:11:48] /i 407
[10/11/2017 21:11:48] /a
[10/11/2017 21:11:52] /i 1052
[10/11/2017 21:11:52] /i 1052
[10/11/2017 21:11:52] /i 1052
[10/11/2017 21:11:58] /r
[10/11/2017 21:11:59] /r
[10/11/2017 21:11:59] /r
[10/11/2017 21:11:59] /r
[10/11/2017 21:11:59] /r
[10/11/2017 21:11:59] /r
[10/11/2017 21:11:59] /r
[10/11/2017 21:11:59] /r
[10/11/2017 21:11:59] /r
[10/11/2017 21:11:59] /r
[10/11/2017 21:12:03] /r
[10/11/2017 21:12:03] /r
[10/11/2017 21:12:27] /a
[10/11/2017 21:12:29] /i 1049
[10/11/2017 21:13:26] /i 1053
[10/11/2017 21:13:29] /r
[10/11/2017 21:13:30] /r
[10/11/2017 21:13:31] /i 1053
[10/11/2017 21:13:35] /i 1052
[10/11/2017 21:13:36] /i 1052
[10/11/2017 21:13:43] /i 1049
[10/11/2017 21:13:44] /i 1049
[10/11/2017 21:13:46] /r
[10/11/2017 21:13:46] /i 1049
[10/11/2017 21:13:47] /i 1049
[10/11/2017 21:13:48] /i 1049
[10/11/2017 21:13:48] /i 1049
[10/11/2017 21:13:48] /i 1049
[10/11/2017 21:13:49] /i 1049
[10/11/2017 21:13:49] /i 1049
[10/11/2017 21:13:50] /i 1049
[10/11/2017 21:13:59] /i 1049
[10/11/2017 21:14:02] /r
[10/11/2017 21:14:12] /i 1049
[10/11/2017 21:14:13] /i 1049
[10/11/2017 21:14:15] /r
[10/11/2017 21:14:16] /r
[10/11/2017 21:14:30] /i 1049
[10/11/2017 21:14:31] /i 1049
[10/11/2017 21:14:31] /i 1049
[10/11/2017 21:14:32] /i 1049
[10/11/2017 21:14:36] /i 1052
[10/11/2017 21:14:43] /i 1052
[10/11/2017 21:14:44] /i 1052
[10/11/2017 21:14:46] /i 1052
[10/11/2017 21:14:47] /i 1049
[10/11/2017 21:14:49] /r
[10/11/2017 21:14:50] /i 1049
[10/11/2017 21:14:51] /i 1049
[10/11/2017 21:14:58] /i 1051
[10/11/2017 21:15:03] /i 1049
[10/11/2017 21:15:04] /r
[10/11/2017 21:15:06] /r
[10/11/2017 21:15:14] /i 1049
[10/11/2017 21:15:27] /i 1052
[10/11/2017 21:15:47] /t
[10/11/2017 21:15:57] /a
[10/11/2017 21:15:57] /a
[10/11/2017 21:15:57] /a
[10/11/2017 21:15:57] /a
[10/11/2017 21:15:57] /a
[10/11/2017 21:15:58] /a
[10/11/2017 21:16:03] /a
[10/11/2017 21:16:03] /a
[10/11/2017 21:16:03] /a
[10/11/2017 21:16:03] /a
[10/11/2017 21:16:03] /a
[10/11/2017 21:16:03] /a
[10/11/2017 21:16:03] /a
[10/11/2017 21:16:03] /a
[10/11/2017 21:16:03] /a
[10/11/2017 21:16:03] /a
[10/11/2017 21:16:03] /a
[10/11/2017 21:16:03] /a
[10/11/2017 21:16:03] /a
[10/11/2017 21:16:03] /a
[10/11/2017 21:16:03] /a
[10/11/2017 21:16:03] /a
[10/11/2017 21:16:03] /a
[10/11/2017 21:16:03] /a
[10/11/2017 21:16:03] /a
[10/11/2017 21:16:03] /a
[10/11/2017 21:16:06] /a
[10/11/2017 21:16:06] /a
[10/11/2017 21:16:06] /a
[10/11/2017 21:16:06] /a
[10/11/2017 21:16:06] /a
[10/11/2017 21:16:06] /a
[10/11/2017 21:16:06] /a
[10/11/2017 21:16:06] /a
[10/11/2017 21:16:06] /a
[10/11/2017 21:16:15] /a
[10/11/2017 21:16:15] /a
[10/11/2017 21:16:15] /a
[10/11/2017 21:16:16] /a
[10/11/2017 21:16:16] /a
[10/11/2017 21:16:16] /a
[10/11/2017 21:16:16] /a
[10/11/2017 21:16:16] /a
[10/11/2017 21:16:22] /a
[10/11/2017 21:16:22] /a
[10/11/2017 21:16:22] /a
[10/11/2017 21:16:22] /a
[10/11/2017 21:16:22] /a
[10/11/2017 21:16:22] /a
[10/11/2017 21:16:22] /a
[10/11/2017 21:16:22] /a
[10/11/2017 21:16:22] /a
[10/11/2017 21:16:22] /a
[10/11/2017 21:16:22] /a
[10/11/2017 21:16:22] /a
[10/11/2017 21:16:23] /a
[10/11/2017 21:16:23] /a
[10/11/2017 21:16:23] /a
[10/11/2017 21:16:23] /a
[10/11/2017 21:16:23] /a
[10/11/2017 21:16:23] /a
[10/11/2017 21:16:23] /a
[10/11/2017 21:16:23] /a
[10/11/2017 21:16:23] /a
[10/11/2017 21:16:23] /a
[10/11/2017 21:16:23] /a
[10/11/2017 21:16:23] /a
[10/11/2017 21:16:23] /a
[10/11/2017 21:16:23] /a
[10/11/2017 21:16:23] /a
[10/11/2017 21:16:23] /a
[10/11/2017 21:16:23] /a
[10/11/2017 21:16:23] /a
[10/11/2017 21:16:23] /a
[10/11/2017 21:16:23] /a
[10/11/2017 21:16:23] /a
[10/11/2017 21:16:23] /a
[10/11/2017 21:16:23] /a
[10/11/2017 21:16:23] /a
[10/11/2017 21:16:23] /a
[10/11/2017 21:16:23] /a
[10/11/2017 21:16:23] /a
[10/11/2017 21:16:23] /a
[10/11/2017 21:16:23] /a
[10/11/2017 21:16:23] /a
[10/11/2017 21:16:23] /a
[10/11/2017 21:16:23] /a
[10/11/2017 21:16:23] /a
[10/11/2017 21:16:23] /a
[10/11/2017 21:16:23] /a
[10/11/2017 21:16:23] /a
[10/11/2017 21:16:23] /a
[10/11/2017 21:16:23] /a
[10/11/2017 21:16:23] /a
[10/11/2017 21:16:24] /a
[10/11/2017 21:16:24] /a
[10/11/2017 21:16:24] /a
[10/11/2017 21:16:24] /a
[10/11/2017 21:16:25] /a
[10/11/2017 21:16:25] /a
[10/11/2017 21:16:25] /a
[10/11/2017 21:16:25] /a
[10/11/2017 21:16:25] /a
